[0.023s] Invoking command in '/home/alrraf/Code/learning/ros2_ws/build/my_cpp_pkg': CMAKE_PREFIX_PATH=${CMAKE_PREFIX_PATH}:/home/alrraf/Code/learning/ros2_ws/install/my_py_pkg:/home/alrraf/ros2_ws/install/my_py_pkg:/opt/ros/humble /usr/bin/cmake --build /home/alrraf/Code/learning/ros2_ws/build/my_cpp_pkg -- -j12 -l12
[0.084s] -- Found ament_cmake: 1.3.2 (/opt/ros/humble/share/ament_cmake/cmake)
[0.244s] -- Found rclcpp: 16.0.1 (/opt/ros/humble/share/rclcpp/cmake)
[0.288s] -- Found rosidl_generator_c: 3.1.3 (/opt/ros/humble/share/rosidl_generator_c/cmake)
[0.291s] -- Found rosidl_adapter: 3.1.3 (/opt/ros/humble/share/rosidl_adapter/cmake)
[0.301s] -- Found rosidl_generator_cpp: 3.1.3 (/opt/ros/humble/share/rosidl_generator_cpp/cmake)
[0.316s] -- Using all available rosidl_typesupport_c: rosidl_typesupport_fastrtps_c;rosidl_typesupport_introspection_c
[0.336s] -- Using all available rosidl_typesupport_cpp: rosidl_typesupport_fastrtps_cpp;rosidl_typesupport_introspection_cpp
[0.403s] -- Found rmw_implementation_cmake: 6.1.0 (/opt/ros/humble/share/rmw_implementation_cmake/cmake)
[0.405s] -- Found rmw_fastrtps_cpp: 6.2.1 (/opt/ros/humble/share/rmw_fastrtps_cpp/cmake)
[0.526s] -- Using RMW implementation 'rmw_fastrtps_cpp' as default
[0.687s] -- Found example_interfaces: 0.9.3 (/opt/ros/humble/share/example_interfaces/cmake)
[0.891s] -- Configuring done
[0.921s] -- Generating done
[0.924s] -- Build files have been written to: /home/alrraf/Code/learning/ros2_ws/build/my_cpp_pkg
[0.951s] [35m[1mConsolidate compiler generated dependencies of target cpp_node[0m
[0.951s] [35m[1mConsolidate compiler generated dependencies of target smartphone[0m
[0.951s] [35m[1mConsolidate compiler generated dependencies of target robot_news_station[0m
[0.959s] [ 12%] [32mBuilding CXX object CMakeFiles/add_two_ints_server.dir/src/add_two_ints_server.cpp.o[0m
[0.967s] [ 75%] Built target smartphone
[0.967s] [ 75%] Built target cpp_node
[0.967s] [ 50%] [32mBuilding CXX object CMakeFiles/robot_news_station.dir/src/robot_news_station.cpp.o[0m
[3.417s] In file included from [01m[K/opt/ros/humble/include/rclcpp/rclcpp/logging.hpp:24[m[K,
[3.417s]                  from [01m[K/opt/ros/humble/include/rclcpp/rclcpp/client.hpp:40[m[K,
[3.418s]                  from [01m[K/opt/ros/humble/include/rclcpp/rclcpp/callback_group.hpp:23[m[K,
[3.418s]                  from [01m[K/opt/ros/humble/include/rclcpp/rclcpp/any_executable.hpp:20[m[K,
[3.418s]                  from [01m[K/opt/ros/humble/include/rclcpp/rclcpp/memory_strategy.hpp:25[m[K,
[3.418s]                  from [01m[K/opt/ros/humble/include/rclcpp/rclcpp/memory_strategies.hpp:18[m[K,
[3.418s]                  from [01m[K/opt/ros/humble/include/rclcpp/rclcpp/executor_options.hpp:20[m[K,
[3.418s]                  from [01m[K/opt/ros/humble/include/rclcpp/rclcpp/executor.hpp:37[m[K,
[3.418s]                  from [01m[K/opt/ros/humble/include/rclcpp/rclcpp/executors/multi_threaded_executor.hpp:25[m[K,
[3.418s]                  from [01m[K/opt/ros/humble/include/rclcpp/rclcpp/executors.hpp:21[m[K,
[3.418s]                  from [01m[K/opt/ros/humble/include/rclcpp/rclcpp/rclcpp.hpp:155[m[K,
[3.418s]                  from [01m[K/home/alrraf/Code/learning/ros2_ws/src/my_cpp_pkg/src/add_two_ints_server.cpp:3[m[K:
[3.418s] [01m[K/home/alrraf/Code/learning/ros2_ws/src/my_cpp_pkg/src/add_two_ints_server.cpp:[m[K In member function ‘[01m[Kvoid AddTwoIntsServerNode::callbackAddTwoInts(example_interfaces::srv::AddTwoInts_Request_<std::allocator<void> >::SharedPtr, example_interfaces::srv::AddTwoInts_Response_<std::allocator<void> >::SharedPtr)[m[K’:
[3.418s] [01m[K/home/alrraf/Code/learning/ros2_ws/src/my_cpp_pkg/src/add_two_ints_server.cpp:26:41:[m[K [01;35m[Kwarning: [m[Kformat ‘[01m[K%d[m[K’ expects argument of type ‘[01m[Kint[m[K’, but argument 5 has type ‘[01m[Kexample_interfaces::srv::AddTwoInts_Response_<std::allocator<void> >::_sum_type[m[K’ {aka ‘[01m[Klong int[m[K’} [[01;35m[K]8;;https://gcc.gnu.org/onlinedocs/gcc/Warning-Options.html#index-Wformat=-Wformat=]8;;[m[K]
[3.419s]    26 |         RCLCPP_INFO(this->get_logger(), [01;35m[K"sum = %d"[m[K, [32m[Kres->sum[m[K);
[3.419s]       |                                         [01;35m[K^~~~~~~~~~[m[K  [32m[K~~~~~~~~[m[K
[3.419s]       |                                                          [32m[K|[m[K
[3.419s]       |                                                          [32m[Kexample_interfaces::srv::AddTwoInts_Response_<std::allocator<void> >::_sum_type {aka long int}[m[K
[3.419s] [01m[K/home/alrraf/Code/learning/ros2_ws/src/my_cpp_pkg/src/add_two_ints_server.cpp:26:49:[m[K [01;36m[Knote: [m[Kformat string is defined here
[3.419s]    26 |         RCLCPP_INFO(this->get_logger(), "sum = [01;36m[K%d[m[K", res->sum);
[3.419s]       |                                                [01;36m[K~^[m[K
[3.419s]       |                                                 [01;36m[K|[m[K
[3.419s]       |                                                 [01;36m[Kint[m[K
[3.419s]       |                                                [32m[K%ld[m[K
[4.618s] [ 87%] [32m[1mLinking CXX executable add_two_ints_server[0m
[5.018s] [ 87%] Built target add_two_ints_server
[5.650s] [100%] [32m[1mLinking CXX executable robot_news_station[0m
[5.912s] [100%] Built target robot_news_station
[5.923s] Invoked command in '/home/alrraf/Code/learning/ros2_ws/build/my_cpp_pkg' returned '0': CMAKE_PREFIX_PATH=${CMAKE_PREFIX_PATH}:/home/alrraf/Code/learning/ros2_ws/install/my_py_pkg:/home/alrraf/ros2_ws/install/my_py_pkg:/opt/ros/humble /usr/bin/cmake --build /home/alrraf/Code/learning/ros2_ws/build/my_cpp_pkg -- -j12 -l12
[5.955s] Invoking command in '/home/alrraf/Code/learning/ros2_ws/build/my_cpp_pkg': CMAKE_PREFIX_PATH=${CMAKE_PREFIX_PATH}:/home/alrraf/Code/learning/ros2_ws/install/my_py_pkg:/home/alrraf/ros2_ws/install/my_py_pkg:/opt/ros/humble /usr/bin/cmake --install /home/alrraf/Code/learning/ros2_ws/build/my_cpp_pkg
[5.960s] -- Install configuration: ""
[5.961s] -- Up-to-date: /home/alrraf/Code/learning/ros2_ws/install/my_cpp_pkg/lib/my_cpp_pkg/cpp_node
[5.963s] -- Installing: /home/alrraf/Code/learning/ros2_ws/install/my_cpp_pkg/lib/my_cpp_pkg/robot_news_station
[5.965s] -- Set runtime path of "/home/alrraf/Code/learning/ros2_ws/install/my_cpp_pkg/lib/my_cpp_pkg/robot_news_station" to ""
[5.967s] -- Up-to-date: /home/alrraf/Code/learning/ros2_ws/install/my_cpp_pkg/lib/my_cpp_pkg/smartphone
[5.967s] -- Installing: /home/alrraf/Code/learning/ros2_ws/install/my_cpp_pkg/lib/my_cpp_pkg/add_two_ints_server
[5.968s] -- Set runtime path of "/home/alrraf/Code/learning/ros2_ws/install/my_cpp_pkg/lib/my_cpp_pkg/add_two_ints_server" to ""
[5.968s] -- Up-to-date: /home/alrraf/Code/learning/ros2_ws/install/my_cpp_pkg/share/ament_index/resource_index/package_run_dependencies/my_cpp_pkg
[5.968s] -- Installing: /home/alrraf/Code/learning/ros2_ws/install/my_cpp_pkg/share/ament_index/resource_index/parent_prefix_path/my_cpp_pkg
[5.968s] -- Up-to-date: /home/alrraf/Code/learning/ros2_ws/install/my_cpp_pkg/share/my_cpp_pkg/environment/ament_prefix_path.sh
[5.968s] -- Installing: /home/alrraf/Code/learning/ros2_ws/install/my_cpp_pkg/share/my_cpp_pkg/environment/ament_prefix_path.dsv
[5.968s] -- Up-to-date: /home/alrraf/Code/learning/ros2_ws/install/my_cpp_pkg/share/my_cpp_pkg/environment/path.sh
[5.968s] -- Installing: /home/alrraf/Code/learning/ros2_ws/install/my_cpp_pkg/share/my_cpp_pkg/environment/path.dsv
[5.968s] -- Up-to-date: /home/alrraf/Code/learning/ros2_ws/install/my_cpp_pkg/share/my_cpp_pkg/local_setup.bash
[5.968s] -- Up-to-date: /home/alrraf/Code/learning/ros2_ws/install/my_cpp_pkg/share/my_cpp_pkg/local_setup.sh
[5.968s] -- Up-to-date: /home/alrraf/Code/learning/ros2_ws/install/my_cpp_pkg/share/my_cpp_pkg/local_setup.zsh
[5.969s] -- Installing: /home/alrraf/Code/learning/ros2_ws/install/my_cpp_pkg/share/my_cpp_pkg/local_setup.dsv
[5.969s] -- Installing: /home/alrraf/Code/learning/ros2_ws/install/my_cpp_pkg/share/my_cpp_pkg/package.dsv
[5.969s] -- Up-to-date: /home/alrraf/Code/learning/ros2_ws/install/my_cpp_pkg/share/ament_index/resource_index/packages/my_cpp_pkg
[5.969s] -- Up-to-date: /home/alrraf/Code/learning/ros2_ws/install/my_cpp_pkg/share/my_cpp_pkg/cmake/my_cpp_pkgConfig.cmake
[5.969s] -- Up-to-date: /home/alrraf/Code/learning/ros2_ws/install/my_cpp_pkg/share/my_cpp_pkg/cmake/my_cpp_pkgConfig-version.cmake
[5.969s] -- Up-to-date: /home/alrraf/Code/learning/ros2_ws/install/my_cpp_pkg/share/my_cpp_pkg/package.xml
[5.970s] Invoked command in '/home/alrraf/Code/learning/ros2_ws/build/my_cpp_pkg' returned '0': CMAKE_PREFIX_PATH=${CMAKE_PREFIX_PATH}:/home/alrraf/Code/learning/ros2_ws/install/my_py_pkg:/home/alrraf/ros2_ws/install/my_py_pkg:/opt/ros/humble /usr/bin/cmake --install /home/alrraf/Code/learning/ros2_ws/build/my_cpp_pkg
