[0.508s] Invoking command in '/home/alrraf/Code/learning/ros2_ws/build/my_py_pkg': PYTHONPATH=/home/alrraf/Code/learning/ros2_ws/install/my_py_pkg/lib/python3.10/site-packages:${PYTHONPATH} /usr/bin/python3 setup.py develop --prefix /home/alrraf/Code/learning/ros2_ws/install/my_py_pkg --editable --build-directory /home/alrraf/Code/learning/ros2_ws/build/my_py_pkg/build --no-deps install_data --install-dir /home/alrraf/Code/learning/ros2_ws/install/my_py_pkg
[0.725s] running develop
[0.725s] /usr/lib/python3/dist-packages/setuptools/command/easy_install.py:158: EasyInstallDeprecationWarning: easy_install command is deprecated. Use build and pip and other standards-based tools.
[0.725s]   warnings.warn(
[0.726s] /usr/lib/python3/dist-packages/setuptools/command/install.py:34: SetuptoolsDeprecationWarning: setup.py install is deprecated. Use build and pip and other standards-based tools.
[0.726s]   warnings.warn(
[0.768s] /usr/lib/python3/dist-packages/pkg_resources/__init__.py:116: PkgResourcesDeprecationWarning: 1.1build1 is an invalid version and will not be supported in a future release
[0.768s]   warnings.warn(
[0.768s] /usr/lib/python3/dist-packages/pkg_resources/__init__.py:116: PkgResourcesDeprecationWarning: 0.1.43ubuntu1 is an invalid version and will not be supported in a future release
[0.769s]   warnings.warn(
[0.846s] running egg_info
[0.846s] writing my_py_pkg.egg-info/PKG-INFO
[0.846s] writing dependency_links to my_py_pkg.egg-info/dependency_links.txt
[0.846s] writing entry points to my_py_pkg.egg-info/entry_points.txt
[0.846s] writing requirements to my_py_pkg.egg-info/requires.txt
[0.847s] writing top-level names to my_py_pkg.egg-info/top_level.txt
[0.848s] reading manifest file 'my_py_pkg.egg-info/SOURCES.txt'
[0.849s] writing manifest file 'my_py_pkg.egg-info/SOURCES.txt'
[0.851s] running build_ext
[0.851s] Creating /home/alrraf/Code/learning/ros2_ws/install/my_py_pkg/lib/python3.10/site-packages/my-py-pkg.egg-link (link to .)
[0.852s] Installing add_two_ints_client_no_oop script to /home/alrraf/Code/learning/ros2_ws/install/my_py_pkg/lib/my_py_pkg
[0.852s] Installing add_two_ints_server script to /home/alrraf/Code/learning/ros2_ws/install/my_py_pkg/lib/my_py_pkg
[0.853s] Installing py_node script to /home/alrraf/Code/learning/ros2_ws/install/my_py_pkg/lib/my_py_pkg
[0.853s] Installing robot_news_station script to /home/alrraf/Code/learning/ros2_ws/install/my_py_pkg/lib/my_py_pkg
[0.853s] Installing smartphone script to /home/alrraf/Code/learning/ros2_ws/install/my_py_pkg/lib/my_py_pkg
[0.853s] 
[0.853s] Installed /home/alrraf/Code/learning/ros2_ws/build/my_py_pkg
[0.853s] running install_data
[0.897s] Invoked command in '/home/alrraf/Code/learning/ros2_ws/build/my_py_pkg' returned '0': PYTHONPATH=/home/alrraf/Code/learning/ros2_ws/install/my_py_pkg/lib/python3.10/site-packages:${PYTHONPATH} /usr/bin/python3 setup.py develop --prefix /home/alrraf/Code/learning/ros2_ws/install/my_py_pkg --editable --build-directory /home/alrraf/Code/learning/ros2_ws/build/my_py_pkg/build --no-deps install_data --install-dir /home/alrraf/Code/learning/ros2_ws/install/my_py_pkg
