[0.489s] Invoking command in '/home/alrraf/Code/learning/ros2_ws/src/my_py_pkg': PYTHONPATH=/home/alrraf/Code/learning/ros2_ws/src/install/my_py_pkg/lib/python3.10/site-packages:${PYTHONPATH} /usr/bin/python3 setup.py egg_info --egg-base ../build/my_py_pkg build --build-base /home/alrraf/Code/learning/ros2_ws/src/build/my_py_pkg/build install --prefix /home/alrraf/Code/learning/ros2_ws/src/install/my_py_pkg --record /home/alrraf/Code/learning/ros2_ws/src/build/my_py_pkg/install.log --single-version-externally-managed
[0.677s] running egg_info
[0.677s] writing ../build/my_py_pkg/my_py_pkg.egg-info/PKG-INFO
[0.678s] writing dependency_links to ../build/my_py_pkg/my_py_pkg.egg-info/dependency_links.txt
[0.678s] writing entry points to ../build/my_py_pkg/my_py_pkg.egg-info/entry_points.txt
[0.678s] writing requirements to ../build/my_py_pkg/my_py_pkg.egg-info/requires.txt
[0.678s] writing top-level names to ../build/my_py_pkg/my_py_pkg.egg-info/top_level.txt
[0.680s] reading manifest file '../build/my_py_pkg/my_py_pkg.egg-info/SOURCES.txt'
[0.681s] writing manifest file '../build/my_py_pkg/my_py_pkg.egg-info/SOURCES.txt'
[0.681s] running build
[0.681s] running build_py
[0.681s] copying my_py_pkg/add_two_ints_client_no_oop.py -> /home/alrraf/Code/learning/ros2_ws/src/build/my_py_pkg/build/lib/my_py_pkg
[0.682s] running install
[0.682s] /usr/lib/python3/dist-packages/setuptools/command/install.py:34: SetuptoolsDeprecationWarning: setup.py install is deprecated. Use build and pip and other standards-based tools.
[0.682s]   warnings.warn(
[0.682s] running install_lib
[0.683s] copying /home/alrraf/Code/learning/ros2_ws/src/build/my_py_pkg/build/lib/my_py_pkg/add_two_ints_client_no_oop.py -> /home/alrraf/Code/learning/ros2_ws/src/install/my_py_pkg/lib/python3.10/site-packages/my_py_pkg
[0.683s] byte-compiling /home/alrraf/Code/learning/ros2_ws/src/install/my_py_pkg/lib/python3.10/site-packages/my_py_pkg/add_two_ints_client_no_oop.py to add_two_ints_client_no_oop.cpython-310.pyc
[0.684s] running install_data
[0.684s] running install_egg_info
[0.685s] removing '/home/alrraf/Code/learning/ros2_ws/src/install/my_py_pkg/lib/python3.10/site-packages/my_py_pkg-0.0.0-py3.10.egg-info' (and everything under it)
[0.685s] Copying ../build/my_py_pkg/my_py_pkg.egg-info to /home/alrraf/Code/learning/ros2_ws/src/install/my_py_pkg/lib/python3.10/site-packages/my_py_pkg-0.0.0-py3.10.egg-info
[0.686s] running install_scripts
[0.704s] Installing add_two_ints_client_no_oop script to /home/alrraf/Code/learning/ros2_ws/src/install/my_py_pkg/lib/my_py_pkg
[0.705s] Installing add_two_ints_server script to /home/alrraf/Code/learning/ros2_ws/src/install/my_py_pkg/lib/my_py_pkg
[0.705s] Installing py_node script to /home/alrraf/Code/learning/ros2_ws/src/install/my_py_pkg/lib/my_py_pkg
[0.705s] Installing robot_news_station script to /home/alrraf/Code/learning/ros2_ws/src/install/my_py_pkg/lib/my_py_pkg
[0.705s] Installing smartphone script to /home/alrraf/Code/learning/ros2_ws/src/install/my_py_pkg/lib/my_py_pkg
[0.705s] writing list of installed files to '/home/alrraf/Code/learning/ros2_ws/src/build/my_py_pkg/install.log'
[0.741s] Invoked command in '/home/alrraf/Code/learning/ros2_ws/src/my_py_pkg' returned '0': PYTHONPATH=/home/alrraf/Code/learning/ros2_ws/src/install/my_py_pkg/lib/python3.10/site-packages:${PYTHONPATH} /usr/bin/python3 setup.py egg_info --egg-base ../build/my_py_pkg build --build-base /home/alrraf/Code/learning/ros2_ws/src/build/my_py_pkg/build install --prefix /home/alrraf/Code/learning/ros2_ws/src/install/my_py_pkg --record /home/alrraf/Code/learning/ros2_ws/src/build/my_py_pkg/install.log --single-version-externally-managed
