[0.490s] Invoking command in '/home/alrraf/Code/learning/ros2_ws/src/my_py_pkg': PYTHONPATH=/home/alrraf/Code/learning/ros2_ws/install/my_py_pkg/lib/python3.10/site-packages:${PYTHONPATH} /usr/bin/python3 setup.py egg_info --egg-base ../../build/my_py_pkg build --build-base /home/alrraf/Code/learning/ros2_ws/build/my_py_pkg/build install --prefix /home/alrraf/Code/learning/ros2_ws/install/my_py_pkg --record /home/alrraf/Code/learning/ros2_ws/build/my_py_pkg/install.log --single-version-externally-managed
[0.675s] running egg_info
[0.676s] writing ../../build/my_py_pkg/my_py_pkg.egg-info/PKG-INFO
[0.676s] writing dependency_links to ../../build/my_py_pkg/my_py_pkg.egg-info/dependency_links.txt
[0.676s] writing entry points to ../../build/my_py_pkg/my_py_pkg.egg-info/entry_points.txt
[0.676s] writing requirements to ../../build/my_py_pkg/my_py_pkg.egg-info/requires.txt
[0.677s] writing top-level names to ../../build/my_py_pkg/my_py_pkg.egg-info/top_level.txt
[0.678s] reading manifest file '../../build/my_py_pkg/my_py_pkg.egg-info/SOURCES.txt'
[0.678s] writing manifest file '../../build/my_py_pkg/my_py_pkg.egg-info/SOURCES.txt'
[0.679s] running build
[0.679s] running build_py
[0.679s] running install
[0.679s] running install_lib
[0.679s] /usr/lib/python3/dist-packages/setuptools/command/install.py:34: SetuptoolsDeprecationWarning: setup.py install is deprecated. Use build and pip and other standards-based tools.
[0.679s]   warnings.warn(
[0.680s] running install_data
[0.680s] running install_egg_info
[0.681s] removing '/home/alrraf/Code/learning/ros2_ws/install/my_py_pkg/lib/python3.10/site-packages/my_py_pkg-0.0.0-py3.10.egg-info' (and everything under it)
[0.682s] Copying ../../build/my_py_pkg/my_py_pkg.egg-info to /home/alrraf/Code/learning/ros2_ws/install/my_py_pkg/lib/python3.10/site-packages/my_py_pkg-0.0.0-py3.10.egg-info
[0.682s] running install_scripts
[0.701s] writing list of installed files to '/home/alrraf/Code/learning/ros2_ws/build/my_py_pkg/install.log'
[0.741s] Invoked command in '/home/alrraf/Code/learning/ros2_ws/src/my_py_pkg' returned '0': PYTHONPATH=/home/alrraf/Code/learning/ros2_ws/install/my_py_pkg/lib/python3.10/site-packages:${PYTHONPATH} /usr/bin/python3 setup.py egg_info --egg-base ../../build/my_py_pkg build --build-base /home/alrraf/Code/learning/ros2_ws/build/my_py_pkg/build install --prefix /home/alrraf/Code/learning/ros2_ws/install/my_py_pkg --record /home/alrraf/Code/learning/ros2_ws/build/my_py_pkg/install.log --single-version-externally-managed
