[0.014s] Invoking command in '/home/alrraf/Code/learning/ros2_ws/build/my_robot_interfaces': CMAKE_PREFIX_PATH=${CMAKE_PREFIX_PATH}:/home/alrraf/Code/learning/ros2_ws/install/my_py_pkg:/home/alrraf/ros2_ws/install/my_py_pkg:/opt/ros/humble /usr/bin/cmake --build /home/alrraf/Code/learning/ros2_ws/build/my_robot_interfaces -- -j12 -l12
[0.058s] [35m[1mConsolidate compiler generated dependencies of target my_robot_interfaces__rosidl_generator_c[0m
[0.066s] [  1%] Built target my_robot_interfaces__cpp
[0.069s] [ 12%] Built target my_robot_interfaces__rosidl_generator_c
[0.077s] [ 12%] Built target ament_cmake_python_copy_my_robot_interfaces
[0.079s] [35m[1mConsolidate compiler generated dependencies of target my_robot_interfaces__rosidl_typesupport_cpp[0m
[0.079s] [35m[1mConsolidate compiler generated dependencies of target my_robot_interfaces__rosidl_typesupport_fastrtps_cpp[0m
[0.081s] [35m[1mConsolidate compiler generated dependencies of target my_robot_interfaces__rosidl_typesupport_c[0m
[0.081s] [35m[1mConsolidate compiler generated dependencies of target my_robot_interfaces__rosidl_typesupport_introspection_c[0m
[0.081s] [35m[1mConsolidate compiler generated dependencies of target my_robot_interfaces__rosidl_typesupport_introspection_cpp[0m
[0.084s] [35m[1mConsolidate compiler generated dependencies of target my_robot_interfaces__rosidl_typesupport_fastrtps_c[0m
[0.092s] [ 23%] Built target my_robot_interfaces__rosidl_typesupport_cpp
[0.092s] [ 34%] Built target my_robot_interfaces__rosidl_typesupport_c
[0.094s] [ 45%] Built target my_robot_interfaces__rosidl_typesupport_introspection_c
[0.096s] [ 67%] Built target my_robot_interfaces__rosidl_typesupport_introspection_cpp
[0.096s] [ 67%] Built target my_robot_interfaces__rosidl_typesupport_fastrtps_cpp
[0.099s] [ 78%] Built target my_robot_interfaces__rosidl_typesupport_fastrtps_c
[0.116s] [ 78%] Built target my_robot_interfaces
[0.133s] [ 80%] Built target my_robot_interfaces__py
[0.145s] [35m[1mConsolidate compiler generated dependencies of target my_robot_interfaces__rosidl_generator_py[0m
[0.158s] [ 89%] Built target my_robot_interfaces__rosidl_generator_py
[0.168s] [35m[1mConsolidate compiler generated dependencies of target my_robot_interfaces__rosidl_typesupport_introspection_c__pyext[0m
[0.168s] [35m[1mConsolidate compiler generated dependencies of target my_robot_interfaces__rosidl_typesupport_c__pyext[0m
[0.169s] [35m[1mConsolidate compiler generated dependencies of target my_robot_interfaces__rosidl_typesupport_fastrtps_c__pyext[0m
[0.179s] [100%] Built target my_robot_interfaces__rosidl_typesupport_fastrtps_c__pyext
[0.179s] [100%] Built target my_robot_interfaces__rosidl_typesupport_introspection_c__pyext
[0.179s] [100%] Built target my_robot_interfaces__rosidl_typesupport_c__pyext
[0.269s] running egg_info
[0.270s] writing my_robot_interfaces.egg-info/PKG-INFO
[0.270s] writing dependency_links to my_robot_interfaces.egg-info/dependency_links.txt
[0.270s] writing top-level names to my_robot_interfaces.egg-info/top_level.txt
[0.273s] reading manifest file 'my_robot_interfaces.egg-info/SOURCES.txt'
[0.274s] writing manifest file 'my_robot_interfaces.egg-info/SOURCES.txt'
[0.303s] [100%] Built target ament_cmake_python_build_my_robot_interfaces_egg
[0.317s] Invoked command in '/home/alrraf/Code/learning/ros2_ws/build/my_robot_interfaces' returned '0': CMAKE_PREFIX_PATH=${CMAKE_PREFIX_PATH}:/home/alrraf/Code/learning/ros2_ws/install/my_py_pkg:/home/alrraf/ros2_ws/install/my_py_pkg:/opt/ros/humble /usr/bin/cmake --build /home/alrraf/Code/learning/ros2_ws/build/my_robot_interfaces -- -j12 -l12
[0.418s] Invoking command in '/home/alrraf/Code/learning/ros2_ws/build/my_robot_interfaces': CMAKE_PREFIX_PATH=${CMAKE_PREFIX_PATH}:/home/alrraf/Code/learning/ros2_ws/install/my_py_pkg:/home/alrraf/ros2_ws/install/my_py_pkg:/opt/ros/humble /usr/bin/cmake --install /home/alrraf/Code/learning/ros2_ws/build/my_robot_interfaces
[0.427s] -- Install configuration: ""
[0.427s] -- Up-to-date: /home/alrraf/Code/learning/ros2_ws/install/my_robot_interfaces/share/ament_index/resource_index/rosidl_interfaces/my_robot_interfaces
[0.427s] -- Up-to-date: /home/alrraf/Code/learning/ros2_ws/install/my_robot_interfaces/include/my_robot_interfaces/my_robot_interfaces
[0.427s] -- Up-to-date: /home/alrraf/Code/learning/ros2_ws/install/my_robot_interfaces/include/my_robot_interfaces/my_robot_interfaces/srv
[0.427s] -- Up-to-date: /home/alrraf/Code/learning/ros2_ws/install/my_robot_interfaces/include/my_robot_interfaces/my_robot_interfaces/srv/compute_rectangle_area.h
[0.428s] -- Up-to-date: /home/alrraf/Code/learning/ros2_ws/install/my_robot_interfaces/include/my_robot_interfaces/my_robot_interfaces/srv/battery_status.h
[0.428s] -- Up-to-date: /home/alrraf/Code/learning/ros2_ws/install/my_robot_interfaces/include/my_robot_interfaces/my_robot_interfaces/srv/detail
[0.428s] -- Up-to-date: /home/alrraf/Code/learning/ros2_ws/install/my_robot_interfaces/include/my_robot_interfaces/my_robot_interfaces/srv/detail/compute_rectangle_area__functions.h
[0.428s] -- Up-to-date: /home/alrraf/Code/learning/ros2_ws/install/my_robot_interfaces/include/my_robot_interfaces/my_robot_interfaces/srv/detail/battery_status__functions.h
[0.428s] -- Up-to-date: /home/alrraf/Code/learning/ros2_ws/install/my_robot_interfaces/include/my_robot_interfaces/my_robot_interfaces/srv/detail/battery_status__struct.h
[0.428s] -- Up-to-date: /home/alrraf/Code/learning/ros2_ws/install/my_robot_interfaces/include/my_robot_interfaces/my_robot_interfaces/srv/detail/compute_rectangle_area__functions.c
[0.428s] -- Up-to-date: /home/alrraf/Code/learning/ros2_ws/install/my_robot_interfaces/include/my_robot_interfaces/my_robot_interfaces/srv/detail/compute_rectangle_area__type_support.h
[0.428s] -- Up-to-date: /home/alrraf/Code/learning/ros2_ws/install/my_robot_interfaces/include/my_robot_interfaces/my_robot_interfaces/srv/detail/battery_status__type_support.h
[0.428s] -- Up-to-date: /home/alrraf/Code/learning/ros2_ws/install/my_robot_interfaces/include/my_robot_interfaces/my_robot_interfaces/srv/detail/compute_rectangle_area__struct.h
[0.429s] -- Up-to-date: /home/alrraf/Code/learning/ros2_ws/install/my_robot_interfaces/include/my_robot_interfaces/my_robot_interfaces/srv/detail/battery_status__functions.c
[0.429s] -- Up-to-date: /home/alrraf/Code/learning/ros2_ws/install/my_robot_interfaces/include/my_robot_interfaces/my_robot_interfaces/msg
[0.429s] -- Up-to-date: /home/alrraf/Code/learning/ros2_ws/install/my_robot_interfaces/include/my_robot_interfaces/my_robot_interfaces/msg/led_status.h
[0.429s] -- Up-to-date: /home/alrraf/Code/learning/ros2_ws/install/my_robot_interfaces/include/my_robot_interfaces/my_robot_interfaces/msg/rosidl_generator_c__visibility_control.h
[0.429s] -- Up-to-date: /home/alrraf/Code/learning/ros2_ws/install/my_robot_interfaces/include/my_robot_interfaces/my_robot_interfaces/msg/hard_ware_status.h
[0.429s] -- Up-to-date: /home/alrraf/Code/learning/ros2_ws/install/my_robot_interfaces/include/my_robot_interfaces/my_robot_interfaces/msg/detail
[0.429s] -- Up-to-date: /home/alrraf/Code/learning/ros2_ws/install/my_robot_interfaces/include/my_robot_interfaces/my_robot_interfaces/msg/detail/led_status__functions.c
[0.429s] -- Up-to-date: /home/alrraf/Code/learning/ros2_ws/install/my_robot_interfaces/include/my_robot_interfaces/my_robot_interfaces/msg/detail/led_status__functions.h
[0.429s] -- Up-to-date: /home/alrraf/Code/learning/ros2_ws/install/my_robot_interfaces/include/my_robot_interfaces/my_robot_interfaces/msg/detail/hard_ware_status__functions.h
[0.430s] -- Up-to-date: /home/alrraf/Code/learning/ros2_ws/install/my_robot_interfaces/include/my_robot_interfaces/my_robot_interfaces/msg/detail/hard_ware_status__struct.h
[0.430s] -- Up-to-date: /home/alrraf/Code/learning/ros2_ws/install/my_robot_interfaces/include/my_robot_interfaces/my_robot_interfaces/msg/detail/led_status__type_support.h
[0.430s] -- Up-to-date: /home/alrraf/Code/learning/ros2_ws/install/my_robot_interfaces/include/my_robot_interfaces/my_robot_interfaces/msg/detail/led_status__struct.h
[0.430s] -- Up-to-date: /home/alrraf/Code/learning/ros2_ws/install/my_robot_interfaces/include/my_robot_interfaces/my_robot_interfaces/msg/detail/hard_ware_status__functions.c
[0.430s] -- Up-to-date: /home/alrraf/Code/learning/ros2_ws/install/my_robot_interfaces/include/my_robot_interfaces/my_robot_interfaces/msg/detail/hard_ware_status__type_support.h
[0.430s] -- Up-to-date: /home/alrraf/Code/learning/ros2_ws/install/my_robot_interfaces/share/my_robot_interfaces/environment/library_path.sh
[0.430s] -- Up-to-date: /home/alrraf/Code/learning/ros2_ws/install/my_robot_interfaces/share/my_robot_interfaces/environment/library_path.dsv
[0.430s] -- Up-to-date: /home/alrraf/Code/learning/ros2_ws/install/my_robot_interfaces/lib/libmy_robot_interfaces__rosidl_generator_c.so
[0.430s] -- Up-to-date: /home/alrraf/Code/learning/ros2_ws/install/my_robot_interfaces/include/my_robot_interfaces/my_robot_interfaces
[0.431s] -- Up-to-date: /home/alrraf/Code/learning/ros2_ws/install/my_robot_interfaces/include/my_robot_interfaces/my_robot_interfaces/srv
[0.431s] -- Up-to-date: /home/alrraf/Code/learning/ros2_ws/install/my_robot_interfaces/include/my_robot_interfaces/my_robot_interfaces/srv/detail
[0.431s] -- Up-to-date: /home/alrraf/Code/learning/ros2_ws/install/my_robot_interfaces/include/my_robot_interfaces/my_robot_interfaces/srv/detail/compute_rectangle_area__rosidl_typesupport_fastrtps_c.h
[0.431s] -- Up-to-date: /home/alrraf/Code/learning/ros2_ws/install/my_robot_interfaces/include/my_robot_interfaces/my_robot_interfaces/srv/detail/battery_status__rosidl_typesupport_fastrtps_c.h
[0.431s] -- Up-to-date: /home/alrraf/Code/learning/ros2_ws/install/my_robot_interfaces/include/my_robot_interfaces/my_robot_interfaces/msg
[0.431s] -- Up-to-date: /home/alrraf/Code/learning/ros2_ws/install/my_robot_interfaces/include/my_robot_interfaces/my_robot_interfaces/msg/rosidl_typesupport_fastrtps_c__visibility_control.h
[0.431s] -- Up-to-date: /home/alrraf/Code/learning/ros2_ws/install/my_robot_interfaces/include/my_robot_interfaces/my_robot_interfaces/msg/detail
[0.431s] -- Up-to-date: /home/alrraf/Code/learning/ros2_ws/install/my_robot_interfaces/include/my_robot_interfaces/my_robot_interfaces/msg/detail/led_status__rosidl_typesupport_fastrtps_c.h
[0.431s] -- Up-to-date: /home/alrraf/Code/learning/ros2_ws/install/my_robot_interfaces/include/my_robot_interfaces/my_robot_interfaces/msg/detail/hard_ware_status__rosidl_typesupport_fastrtps_c.h
[0.432s] -- Up-to-date: /home/alrraf/Code/learning/ros2_ws/install/my_robot_interfaces/lib/libmy_robot_interfaces__rosidl_typesupport_fastrtps_c.so
[0.432s] -- Up-to-date: /home/alrraf/Code/learning/ros2_ws/install/my_robot_interfaces/include/my_robot_interfaces/my_robot_interfaces
[0.432s] -- Up-to-date: /home/alrraf/Code/learning/ros2_ws/install/my_robot_interfaces/include/my_robot_interfaces/my_robot_interfaces/srv
[0.432s] -- Up-to-date: /home/alrraf/Code/learning/ros2_ws/install/my_robot_interfaces/include/my_robot_interfaces/my_robot_interfaces/srv/detail
[0.432s] -- Up-to-date: /home/alrraf/Code/learning/ros2_ws/install/my_robot_interfaces/include/my_robot_interfaces/my_robot_interfaces/srv/detail/compute_rectangle_area__rosidl_typesupport_introspection_c.h
[0.432s] -- Up-to-date: /home/alrraf/Code/learning/ros2_ws/install/my_robot_interfaces/include/my_robot_interfaces/my_robot_interfaces/srv/detail/battery_status__rosidl_typesupport_introspection_c.h
[0.432s] -- Up-to-date: /home/alrraf/Code/learning/ros2_ws/install/my_robot_interfaces/include/my_robot_interfaces/my_robot_interfaces/srv/detail/battery_status__type_support.c
[0.432s] -- Up-to-date: /home/alrraf/Code/learning/ros2_ws/install/my_robot_interfaces/include/my_robot_interfaces/my_robot_interfaces/srv/detail/compute_rectangle_area__type_support.c
[0.432s] -- Up-to-date: /home/alrraf/Code/learning/ros2_ws/install/my_robot_interfaces/include/my_robot_interfaces/my_robot_interfaces/msg
[0.432s] -- Up-to-date: /home/alrraf/Code/learning/ros2_ws/install/my_robot_interfaces/include/my_robot_interfaces/my_robot_interfaces/msg/rosidl_typesupport_introspection_c__visibility_control.h
[0.433s] -- Up-to-date: /home/alrraf/Code/learning/ros2_ws/install/my_robot_interfaces/include/my_robot_interfaces/my_robot_interfaces/msg/detail
[0.433s] -- Up-to-date: /home/alrraf/Code/learning/ros2_ws/install/my_robot_interfaces/include/my_robot_interfaces/my_robot_interfaces/msg/detail/hard_ware_status__type_support.c
[0.433s] -- Up-to-date: /home/alrraf/Code/learning/ros2_ws/install/my_robot_interfaces/include/my_robot_interfaces/my_robot_interfaces/msg/detail/led_status__type_support.c
[0.433s] -- Up-to-date: /home/alrraf/Code/learning/ros2_ws/install/my_robot_interfaces/include/my_robot_interfaces/my_robot_interfaces/msg/detail/hard_ware_status__rosidl_typesupport_introspection_c.h
[0.433s] -- Up-to-date: /home/alrraf/Code/learning/ros2_ws/install/my_robot_interfaces/include/my_robot_interfaces/my_robot_interfaces/msg/detail/led_status__rosidl_typesupport_introspection_c.h
[0.433s] -- Up-to-date: /home/alrraf/Code/learning/ros2_ws/install/my_robot_interfaces/lib/libmy_robot_interfaces__rosidl_typesupport_introspection_c.so
[0.433s] -- Up-to-date: /home/alrraf/Code/learning/ros2_ws/install/my_robot_interfaces/lib/libmy_robot_interfaces__rosidl_typesupport_c.so
[0.433s] -- Up-to-date: /home/alrraf/Code/learning/ros2_ws/install/my_robot_interfaces/include/my_robot_interfaces/my_robot_interfaces
[0.433s] -- Up-to-date: /home/alrraf/Code/learning/ros2_ws/install/my_robot_interfaces/include/my_robot_interfaces/my_robot_interfaces/srv
[0.434s] -- Up-to-date: /home/alrraf/Code/learning/ros2_ws/install/my_robot_interfaces/include/my_robot_interfaces/my_robot_interfaces/srv/compute_rectangle_area.hpp
[0.434s] -- Up-to-date: /home/alrraf/Code/learning/ros2_ws/install/my_robot_interfaces/include/my_robot_interfaces/my_robot_interfaces/srv/detail
[0.434s] -- Up-to-date: /home/alrraf/Code/learning/ros2_ws/install/my_robot_interfaces/include/my_robot_interfaces/my_robot_interfaces/srv/detail/compute_rectangle_area__struct.hpp
[0.434s] -- Up-to-date: /home/alrraf/Code/learning/ros2_ws/install/my_robot_interfaces/include/my_robot_interfaces/my_robot_interfaces/srv/detail/battery_status__struct.hpp
[0.434s] -- Up-to-date: /home/alrraf/Code/learning/ros2_ws/install/my_robot_interfaces/include/my_robot_interfaces/my_robot_interfaces/srv/detail/compute_rectangle_area__builder.hpp
[0.434s] -- Up-to-date: /home/alrraf/Code/learning/ros2_ws/install/my_robot_interfaces/include/my_robot_interfaces/my_robot_interfaces/srv/detail/compute_rectangle_area__traits.hpp
[0.434s] -- Up-to-date: /home/alrraf/Code/learning/ros2_ws/install/my_robot_interfaces/include/my_robot_interfaces/my_robot_interfaces/srv/detail/battery_status__traits.hpp
[0.434s] -- Up-to-date: /home/alrraf/Code/learning/ros2_ws/install/my_robot_interfaces/include/my_robot_interfaces/my_robot_interfaces/srv/detail/battery_status__builder.hpp
[0.434s] -- Up-to-date: /home/alrraf/Code/learning/ros2_ws/install/my_robot_interfaces/include/my_robot_interfaces/my_robot_interfaces/srv/battery_status.hpp
[0.435s] -- Up-to-date: /home/alrraf/Code/learning/ros2_ws/install/my_robot_interfaces/include/my_robot_interfaces/my_robot_interfaces/msg
[0.435s] -- Up-to-date: /home/alrraf/Code/learning/ros2_ws/install/my_robot_interfaces/include/my_robot_interfaces/my_robot_interfaces/msg/led_status.hpp
[0.435s] -- Up-to-date: /home/alrraf/Code/learning/ros2_ws/install/my_robot_interfaces/include/my_robot_interfaces/my_robot_interfaces/msg/detail
[0.435s] -- Up-to-date: /home/alrraf/Code/learning/ros2_ws/install/my_robot_interfaces/include/my_robot_interfaces/my_robot_interfaces/msg/detail/hard_ware_status__struct.hpp
[0.435s] -- Up-to-date: /home/alrraf/Code/learning/ros2_ws/install/my_robot_interfaces/include/my_robot_interfaces/my_robot_interfaces/msg/detail/hard_ware_status__traits.hpp
[0.435s] -- Up-to-date: /home/alrraf/Code/learning/ros2_ws/install/my_robot_interfaces/include/my_robot_interfaces/my_robot_interfaces/msg/detail/led_status__traits.hpp
[0.435s] -- Up-to-date: /home/alrraf/Code/learning/ros2_ws/install/my_robot_interfaces/include/my_robot_interfaces/my_robot_interfaces/msg/detail/led_status__builder.hpp
[0.435s] -- Up-to-date: /home/alrraf/Code/learning/ros2_ws/install/my_robot_interfaces/include/my_robot_interfaces/my_robot_interfaces/msg/detail/hard_ware_status__builder.hpp
[0.435s] -- Up-to-date: /home/alrraf/Code/learning/ros2_ws/install/my_robot_interfaces/include/my_robot_interfaces/my_robot_interfaces/msg/detail/led_status__struct.hpp
[0.435s] -- Up-to-date: /home/alrraf/Code/learning/ros2_ws/install/my_robot_interfaces/include/my_robot_interfaces/my_robot_interfaces/msg/hard_ware_status.hpp
[0.435s] -- Up-to-date: /home/alrraf/Code/learning/ros2_ws/install/my_robot_interfaces/include/my_robot_interfaces/my_robot_interfaces
[0.436s] -- Up-to-date: /home/alrraf/Code/learning/ros2_ws/install/my_robot_interfaces/include/my_robot_interfaces/my_robot_interfaces/srv
[0.436s] -- Up-to-date: /home/alrraf/Code/learning/ros2_ws/install/my_robot_interfaces/include/my_robot_interfaces/my_robot_interfaces/srv/detail
[0.436s] -- Up-to-date: /home/alrraf/Code/learning/ros2_ws/install/my_robot_interfaces/include/my_robot_interfaces/my_robot_interfaces/srv/detail/compute_rectangle_area__rosidl_typesupport_fastrtps_cpp.hpp
[0.436s] -- Up-to-date: /home/alrraf/Code/learning/ros2_ws/install/my_robot_interfaces/include/my_robot_interfaces/my_robot_interfaces/srv/detail/battery_status__rosidl_typesupport_fastrtps_cpp.hpp
[0.436s] -- Up-to-date: /home/alrraf/Code/learning/ros2_ws/install/my_robot_interfaces/include/my_robot_interfaces/my_robot_interfaces/srv/detail/dds_fastrtps
[0.436s] -- Up-to-date: /home/alrraf/Code/learning/ros2_ws/install/my_robot_interfaces/include/my_robot_interfaces/my_robot_interfaces/msg
[0.436s] -- Up-to-date: /home/alrraf/Code/learning/ros2_ws/install/my_robot_interfaces/include/my_robot_interfaces/my_robot_interfaces/msg/detail
[0.436s] -- Up-to-date: /home/alrraf/Code/learning/ros2_ws/install/my_robot_interfaces/include/my_robot_interfaces/my_robot_interfaces/msg/detail/hard_ware_status__rosidl_typesupport_fastrtps_cpp.hpp
[0.436s] -- Up-to-date: /home/alrraf/Code/learning/ros2_ws/install/my_robot_interfaces/include/my_robot_interfaces/my_robot_interfaces/msg/detail/dds_fastrtps
[0.436s] -- Up-to-date: /home/alrraf/Code/learning/ros2_ws/install/my_robot_interfaces/include/my_robot_interfaces/my_robot_interfaces/msg/detail/led_status__rosidl_typesupport_fastrtps_cpp.hpp
[0.436s] -- Up-to-date: /home/alrraf/Code/learning/ros2_ws/install/my_robot_interfaces/include/my_robot_interfaces/my_robot_interfaces/msg/rosidl_typesupport_fastrtps_cpp__visibility_control.h
[0.437s] -- Up-to-date: /home/alrraf/Code/learning/ros2_ws/install/my_robot_interfaces/lib/libmy_robot_interfaces__rosidl_typesupport_fastrtps_cpp.so
[0.437s] -- Up-to-date: /home/alrraf/Code/learning/ros2_ws/install/my_robot_interfaces/include/my_robot_interfaces/my_robot_interfaces
[0.437s] -- Up-to-date: /home/alrraf/Code/learning/ros2_ws/install/my_robot_interfaces/include/my_robot_interfaces/my_robot_interfaces/srv
[0.437s] -- Up-to-date: /home/alrraf/Code/learning/ros2_ws/install/my_robot_interfaces/include/my_robot_interfaces/my_robot_interfaces/srv/detail
[0.437s] -- Up-to-date: /home/alrraf/Code/learning/ros2_ws/install/my_robot_interfaces/include/my_robot_interfaces/my_robot_interfaces/srv/detail/compute_rectangle_area__rosidl_typesupport_introspection_cpp.hpp
[0.437s] -- Up-to-date: /home/alrraf/Code/learning/ros2_ws/install/my_robot_interfaces/include/my_robot_interfaces/my_robot_interfaces/srv/detail/battery_status__rosidl_typesupport_introspection_cpp.hpp
[0.437s] -- Up-to-date: /home/alrraf/Code/learning/ros2_ws/install/my_robot_interfaces/include/my_robot_interfaces/my_robot_interfaces/srv/detail/battery_status__type_support.cpp
[0.437s] -- Up-to-date: /home/alrraf/Code/learning/ros2_ws/install/my_robot_interfaces/include/my_robot_interfaces/my_robot_interfaces/srv/detail/compute_rectangle_area__type_support.cpp
[0.437s] -- Up-to-date: /home/alrraf/Code/learning/ros2_ws/install/my_robot_interfaces/include/my_robot_interfaces/my_robot_interfaces/msg
[0.437s] -- Up-to-date: /home/alrraf/Code/learning/ros2_ws/install/my_robot_interfaces/include/my_robot_interfaces/my_robot_interfaces/msg/detail
[0.438s] -- Up-to-date: /home/alrraf/Code/learning/ros2_ws/install/my_robot_interfaces/include/my_robot_interfaces/my_robot_interfaces/msg/detail/led_status__rosidl_typesupport_introspection_cpp.hpp
[0.438s] -- Up-to-date: /home/alrraf/Code/learning/ros2_ws/install/my_robot_interfaces/include/my_robot_interfaces/my_robot_interfaces/msg/detail/hard_ware_status__type_support.cpp
[0.438s] -- Up-to-date: /home/alrraf/Code/learning/ros2_ws/install/my_robot_interfaces/include/my_robot_interfaces/my_robot_interfaces/msg/detail/led_status__type_support.cpp
[0.438s] -- Up-to-date: /home/alrraf/Code/learning/ros2_ws/install/my_robot_interfaces/include/my_robot_interfaces/my_robot_interfaces/msg/detail/hard_ware_status__rosidl_typesupport_introspection_cpp.hpp
[0.438s] -- Up-to-date: /home/alrraf/Code/learning/ros2_ws/install/my_robot_interfaces/lib/libmy_robot_interfaces__rosidl_typesupport_introspection_cpp.so
[0.438s] -- Up-to-date: /home/alrraf/Code/learning/ros2_ws/install/my_robot_interfaces/lib/libmy_robot_interfaces__rosidl_typesupport_cpp.so
[0.438s] -- Up-to-date: /home/alrraf/Code/learning/ros2_ws/install/my_robot_interfaces/share/my_robot_interfaces/environment/pythonpath.sh
[0.438s] -- Up-to-date: /home/alrraf/Code/learning/ros2_ws/install/my_robot_interfaces/share/my_robot_interfaces/environment/pythonpath.dsv
[0.438s] -- Up-to-date: /home/alrraf/Code/learning/ros2_ws/install/my_robot_interfaces/local/lib/python3.10/dist-packages/my_robot_interfaces-0.0.0-py3.10.egg-info
[0.438s] -- Installing: /home/alrraf/Code/learning/ros2_ws/install/my_robot_interfaces/local/lib/python3.10/dist-packages/my_robot_interfaces-0.0.0-py3.10.egg-info/PKG-INFO
[0.439s] -- Installing: /home/alrraf/Code/learning/ros2_ws/install/my_robot_interfaces/local/lib/python3.10/dist-packages/my_robot_interfaces-0.0.0-py3.10.egg-info/top_level.txt
[0.439s] -- Installing: /home/alrraf/Code/learning/ros2_ws/install/my_robot_interfaces/local/lib/python3.10/dist-packages/my_robot_interfaces-0.0.0-py3.10.egg-info/dependency_links.txt
[0.439s] -- Installing: /home/alrraf/Code/learning/ros2_ws/install/my_robot_interfaces/local/lib/python3.10/dist-packages/my_robot_interfaces-0.0.0-py3.10.egg-info/SOURCES.txt
[0.439s] -- Up-to-date: /home/alrraf/Code/learning/ros2_ws/install/my_robot_interfaces/local/lib/python3.10/dist-packages/my_robot_interfaces
[0.439s] -- Up-to-date: /home/alrraf/Code/learning/ros2_ws/install/my_robot_interfaces/local/lib/python3.10/dist-packages/my_robot_interfaces/__init__.py
[0.439s] -- Up-to-date: /home/alrraf/Code/learning/ros2_ws/install/my_robot_interfaces/local/lib/python3.10/dist-packages/my_robot_interfaces/_my_robot_interfaces_s.ep.rosidl_typesupport_introspection_c.c
[0.439s] -- Up-to-date: /home/alrraf/Code/learning/ros2_ws/install/my_robot_interfaces/local/lib/python3.10/dist-packages/my_robot_interfaces/_my_robot_interfaces_s.ep.rosidl_typesupport_c.c
[0.439s] -- Up-to-date: /home/alrraf/Code/learning/ros2_ws/install/my_robot_interfaces/local/lib/python3.10/dist-packages/my_robot_interfaces/_my_robot_interfaces_s.ep.rosidl_typesupport_fastrtps_c.c
[0.439s] -- Up-to-date: /home/alrraf/Code/learning/ros2_ws/install/my_robot_interfaces/local/lib/python3.10/dist-packages/my_robot_interfaces/my_robot_interfaces_s__rosidl_typesupport_introspection_c.cpython-310-x86_64-linux-gnu.so
[0.439s] -- Up-to-date: /home/alrraf/Code/learning/ros2_ws/install/my_robot_interfaces/local/lib/python3.10/dist-packages/my_robot_interfaces/srv
[0.439s] -- Up-to-date: /home/alrraf/Code/learning/ros2_ws/install/my_robot_interfaces/local/lib/python3.10/dist-packages/my_robot_interfaces/srv/_battery_status.py
[0.440s] -- Up-to-date: /home/alrraf/Code/learning/ros2_ws/install/my_robot_interfaces/local/lib/python3.10/dist-packages/my_robot_interfaces/srv/__init__.py
[0.440s] -- Up-to-date: /home/alrraf/Code/learning/ros2_ws/install/my_robot_interfaces/local/lib/python3.10/dist-packages/my_robot_interfaces/srv/_compute_rectangle_area.py
[0.440s] -- Up-to-date: /home/alrraf/Code/learning/ros2_ws/install/my_robot_interfaces/local/lib/python3.10/dist-packages/my_robot_interfaces/srv/_battery_status_s.c
[0.440s] -- Up-to-date: /home/alrraf/Code/learning/ros2_ws/install/my_robot_interfaces/local/lib/python3.10/dist-packages/my_robot_interfaces/srv/_compute_rectangle_area_s.c
[0.440s] -- Up-to-date: /home/alrraf/Code/learning/ros2_ws/install/my_robot_interfaces/local/lib/python3.10/dist-packages/my_robot_interfaces/msg
[0.440s] -- Up-to-date: /home/alrraf/Code/learning/ros2_ws/install/my_robot_interfaces/local/lib/python3.10/dist-packages/my_robot_interfaces/msg/__init__.py
[0.440s] -- Up-to-date: /home/alrraf/Code/learning/ros2_ws/install/my_robot_interfaces/local/lib/python3.10/dist-packages/my_robot_interfaces/msg/_hard_ware_status_s.c
[0.440s] -- Up-to-date: /home/alrraf/Code/learning/ros2_ws/install/my_robot_interfaces/local/lib/python3.10/dist-packages/my_robot_interfaces/msg/_led_status_s.c
[0.440s] -- Up-to-date: /home/alrraf/Code/learning/ros2_ws/install/my_robot_interfaces/local/lib/python3.10/dist-packages/my_robot_interfaces/msg/_hard_ware_status.py
[0.440s] -- Up-to-date: /home/alrraf/Code/learning/ros2_ws/install/my_robot_interfaces/local/lib/python3.10/dist-packages/my_robot_interfaces/msg/_led_status.py
[0.441s] -- Up-to-date: /home/alrraf/Code/learning/ros2_ws/install/my_robot_interfaces/local/lib/python3.10/dist-packages/my_robot_interfaces/libmy_robot_interfaces__rosidl_generator_py.so
[0.441s] -- Up-to-date: /home/alrraf/Code/learning/ros2_ws/install/my_robot_interfaces/local/lib/python3.10/dist-packages/my_robot_interfaces/my_robot_interfaces_s__rosidl_typesupport_c.cpython-310-x86_64-linux-gnu.so
[0.441s] -- Up-to-date: /home/alrraf/Code/learning/ros2_ws/install/my_robot_interfaces/local/lib/python3.10/dist-packages/my_robot_interfaces/my_robot_interfaces_s__rosidl_typesupport_fastrtps_c.cpython-310-x86_64-linux-gnu.so
[0.458s] Listing '/home/alrraf/Code/learning/ros2_ws/install/my_robot_interfaces/local/lib/python3.10/dist-packages/my_robot_interfaces'...
[0.458s] Listing '/home/alrraf/Code/learning/ros2_ws/install/my_robot_interfaces/local/lib/python3.10/dist-packages/my_robot_interfaces/msg'...
[0.458s] Listing '/home/alrraf/Code/learning/ros2_ws/install/my_robot_interfaces/local/lib/python3.10/dist-packages/my_robot_interfaces/srv'...
[0.463s] -- Up-to-date: /home/alrraf/Code/learning/ros2_ws/install/my_robot_interfaces/local/lib/python3.10/dist-packages/my_robot_interfaces/my_robot_interfaces_s__rosidl_typesupport_fastrtps_c.cpython-310-x86_64-linux-gnu.so
[0.463s] -- Up-to-date: /home/alrraf/Code/learning/ros2_ws/install/my_robot_interfaces/local/lib/python3.10/dist-packages/my_robot_interfaces/my_robot_interfaces_s__rosidl_typesupport_introspection_c.cpython-310-x86_64-linux-gnu.so
[0.463s] -- Up-to-date: /home/alrraf/Code/learning/ros2_ws/install/my_robot_interfaces/local/lib/python3.10/dist-packages/my_robot_interfaces/my_robot_interfaces_s__rosidl_typesupport_c.cpython-310-x86_64-linux-gnu.so
[0.464s] -- Up-to-date: /home/alrraf/Code/learning/ros2_ws/install/my_robot_interfaces/lib/libmy_robot_interfaces__rosidl_generator_py.so
[0.464s] -- Up-to-date: /home/alrraf/Code/learning/ros2_ws/install/my_robot_interfaces/share/my_robot_interfaces/msg/HardWareStatus.idl
[0.464s] -- Up-to-date: /home/alrraf/Code/learning/ros2_ws/install/my_robot_interfaces/share/my_robot_interfaces/msg/LedStatus.idl
[0.464s] -- Up-to-date: /home/alrraf/Code/learning/ros2_ws/install/my_robot_interfaces/share/my_robot_interfaces/srv/ComputeRectangleArea.idl
[0.464s] -- Up-to-date: /home/alrraf/Code/learning/ros2_ws/install/my_robot_interfaces/share/my_robot_interfaces/srv/BatteryStatus.idl
[0.464s] -- Up-to-date: /home/alrraf/Code/learning/ros2_ws/install/my_robot_interfaces/share/my_robot_interfaces/msg/HardWareStatus.msg
[0.464s] -- Up-to-date: /home/alrraf/Code/learning/ros2_ws/install/my_robot_interfaces/share/my_robot_interfaces/msg/LedStatus.msg
[0.465s] -- Up-to-date: /home/alrraf/Code/learning/ros2_ws/install/my_robot_interfaces/share/my_robot_interfaces/srv/ComputeRectangleArea.srv
[0.465s] -- Up-to-date: /home/alrraf/Code/learning/ros2_ws/install/my_robot_interfaces/share/my_robot_interfaces/srv/ComputeRectangleArea_Request.msg
[0.465s] -- Up-to-date: /home/alrraf/Code/learning/ros2_ws/install/my_robot_interfaces/share/my_robot_interfaces/srv/ComputeRectangleArea_Response.msg
[0.465s] -- Up-to-date: /home/alrraf/Code/learning/ros2_ws/install/my_robot_interfaces/share/my_robot_interfaces/srv/BatteryStatus.srv
[0.465s] -- Up-to-date: /home/alrraf/Code/learning/ros2_ws/install/my_robot_interfaces/share/my_robot_interfaces/srv/BatteryStatus_Request.msg
[0.465s] -- Up-to-date: /home/alrraf/Code/learning/ros2_ws/install/my_robot_interfaces/share/my_robot_interfaces/srv/BatteryStatus_Response.msg
[0.465s] -- Up-to-date: /home/alrraf/Code/learning/ros2_ws/install/my_robot_interfaces/share/ament_index/resource_index/package_run_dependencies/my_robot_interfaces
[0.465s] -- Up-to-date: /home/alrraf/Code/learning/ros2_ws/install/my_robot_interfaces/share/ament_index/resource_index/parent_prefix_path/my_robot_interfaces
[0.465s] -- Up-to-date: /home/alrraf/Code/learning/ros2_ws/install/my_robot_interfaces/share/my_robot_interfaces/environment/ament_prefix_path.sh
[0.466s] -- Up-to-date: /home/alrraf/Code/learning/ros2_ws/install/my_robot_interfaces/share/my_robot_interfaces/environment/ament_prefix_path.dsv
[0.466s] -- Up-to-date: /home/alrraf/Code/learning/ros2_ws/install/my_robot_interfaces/share/my_robot_interfaces/environment/path.sh
[0.466s] -- Up-to-date: /home/alrraf/Code/learning/ros2_ws/install/my_robot_interfaces/share/my_robot_interfaces/environment/path.dsv
[0.466s] -- Up-to-date: /home/alrraf/Code/learning/ros2_ws/install/my_robot_interfaces/share/my_robot_interfaces/local_setup.bash
[0.466s] -- Up-to-date: /home/alrraf/Code/learning/ros2_ws/install/my_robot_interfaces/share/my_robot_interfaces/local_setup.sh
[0.466s] -- Up-to-date: /home/alrraf/Code/learning/ros2_ws/install/my_robot_interfaces/share/my_robot_interfaces/local_setup.zsh
[0.466s] -- Up-to-date: /home/alrraf/Code/learning/ros2_ws/install/my_robot_interfaces/share/my_robot_interfaces/local_setup.dsv
[0.466s] -- Installing: /home/alrraf/Code/learning/ros2_ws/install/my_robot_interfaces/share/my_robot_interfaces/package.dsv
[0.466s] -- Up-to-date: /home/alrraf/Code/learning/ros2_ws/install/my_robot_interfaces/share/ament_index/resource_index/packages/my_robot_interfaces
[0.466s] -- Up-to-date: /home/alrraf/Code/learning/ros2_ws/install/my_robot_interfaces/share/my_robot_interfaces/cmake/export_my_robot_interfaces__rosidl_generator_cExport.cmake
[0.467s] -- Up-to-date: /home/alrraf/Code/learning/ros2_ws/install/my_robot_interfaces/share/my_robot_interfaces/cmake/export_my_robot_interfaces__rosidl_generator_cExport-noconfig.cmake
[0.467s] -- Up-to-date: /home/alrraf/Code/learning/ros2_ws/install/my_robot_interfaces/share/my_robot_interfaces/cmake/export_my_robot_interfaces__rosidl_typesupport_fastrtps_cExport.cmake
[0.467s] -- Up-to-date: /home/alrraf/Code/learning/ros2_ws/install/my_robot_interfaces/share/my_robot_interfaces/cmake/export_my_robot_interfaces__rosidl_typesupport_fastrtps_cExport-noconfig.cmake
[0.467s] -- Up-to-date: /home/alrraf/Code/learning/ros2_ws/install/my_robot_interfaces/share/my_robot_interfaces/cmake/my_robot_interfaces__rosidl_typesupport_introspection_cExport.cmake
[0.467s] -- Up-to-date: /home/alrraf/Code/learning/ros2_ws/install/my_robot_interfaces/share/my_robot_interfaces/cmake/my_robot_interfaces__rosidl_typesupport_introspection_cExport-noconfig.cmake
[0.467s] -- Up-to-date: /home/alrraf/Code/learning/ros2_ws/install/my_robot_interfaces/share/my_robot_interfaces/cmake/my_robot_interfaces__rosidl_typesupport_cExport.cmake
[0.467s] -- Up-to-date: /home/alrraf/Code/learning/ros2_ws/install/my_robot_interfaces/share/my_robot_interfaces/cmake/my_robot_interfaces__rosidl_typesupport_cExport-noconfig.cmake
[0.467s] -- Up-to-date: /home/alrraf/Code/learning/ros2_ws/install/my_robot_interfaces/share/my_robot_interfaces/cmake/export_my_robot_interfaces__rosidl_generator_cppExport.cmake
[0.467s] -- Up-to-date: /home/alrraf/Code/learning/ros2_ws/install/my_robot_interfaces/share/my_robot_interfaces/cmake/export_my_robot_interfaces__rosidl_typesupport_fastrtps_cppExport.cmake
[0.468s] -- Up-to-date: /home/alrraf/Code/learning/ros2_ws/install/my_robot_interfaces/share/my_robot_interfaces/cmake/export_my_robot_interfaces__rosidl_typesupport_fastrtps_cppExport-noconfig.cmake
[0.468s] -- Up-to-date: /home/alrraf/Code/learning/ros2_ws/install/my_robot_interfaces/share/my_robot_interfaces/cmake/my_robot_interfaces__rosidl_typesupport_introspection_cppExport.cmake
[0.468s] -- Up-to-date: /home/alrraf/Code/learning/ros2_ws/install/my_robot_interfaces/share/my_robot_interfaces/cmake/my_robot_interfaces__rosidl_typesupport_introspection_cppExport-noconfig.cmake
[0.468s] -- Up-to-date: /home/alrraf/Code/learning/ros2_ws/install/my_robot_interfaces/share/my_robot_interfaces/cmake/my_robot_interfaces__rosidl_typesupport_cppExport.cmake
[0.468s] -- Up-to-date: /home/alrraf/Code/learning/ros2_ws/install/my_robot_interfaces/share/my_robot_interfaces/cmake/my_robot_interfaces__rosidl_typesupport_cppExport-noconfig.cmake
[0.468s] -- Up-to-date: /home/alrraf/Code/learning/ros2_ws/install/my_robot_interfaces/share/my_robot_interfaces/cmake/export_my_robot_interfaces__rosidl_generator_pyExport.cmake
[0.469s] -- Up-to-date: /home/alrraf/Code/learning/ros2_ws/install/my_robot_interfaces/share/my_robot_interfaces/cmake/export_my_robot_interfaces__rosidl_generator_pyExport-noconfig.cmake
[0.469s] -- Up-to-date: /home/alrraf/Code/learning/ros2_ws/install/my_robot_interfaces/share/my_robot_interfaces/cmake/rosidl_cmake-extras.cmake
[0.469s] -- Up-to-date: /home/alrraf/Code/learning/ros2_ws/install/my_robot_interfaces/share/my_robot_interfaces/cmake/ament_cmake_export_include_directories-extras.cmake
[0.469s] -- Up-to-date: /home/alrraf/Code/learning/ros2_ws/install/my_robot_interfaces/share/my_robot_interfaces/cmake/ament_cmake_export_libraries-extras.cmake
[0.469s] -- Up-to-date: /home/alrraf/Code/learning/ros2_ws/install/my_robot_interfaces/share/my_robot_interfaces/cmake/ament_cmake_export_targets-extras.cmake
[0.469s] -- Up-to-date: /home/alrraf/Code/learning/ros2_ws/install/my_robot_interfaces/share/my_robot_interfaces/cmake/rosidl_cmake_export_typesupport_targets-extras.cmake
[0.469s] -- Up-to-date: /home/alrraf/Code/learning/ros2_ws/install/my_robot_interfaces/share/my_robot_interfaces/cmake/ament_cmake_export_dependencies-extras.cmake
[0.469s] -- Up-to-date: /home/alrraf/Code/learning/ros2_ws/install/my_robot_interfaces/share/my_robot_interfaces/cmake/rosidl_cmake_export_typesupport_libraries-extras.cmake
[0.469s] -- Up-to-date: /home/alrraf/Code/learning/ros2_ws/install/my_robot_interfaces/share/my_robot_interfaces/cmake/my_robot_interfacesConfig.cmake
[0.470s] -- Up-to-date: /home/alrraf/Code/learning/ros2_ws/install/my_robot_interfaces/share/my_robot_interfaces/cmake/my_robot_interfacesConfig-version.cmake
[0.470s] -- Up-to-date: /home/alrraf/Code/learning/ros2_ws/install/my_robot_interfaces/share/my_robot_interfaces/package.xml
[0.472s] Invoked command in '/home/alrraf/Code/learning/ros2_ws/build/my_robot_interfaces' returned '0': CMAKE_PREFIX_PATH=${CMAKE_PREFIX_PATH}:/home/alrraf/Code/learning/ros2_ws/install/my_py_pkg:/home/alrraf/ros2_ws/install/my_py_pkg:/opt/ros/humble /usr/bin/cmake --install /home/alrraf/Code/learning/ros2_ws/build/my_robot_interfaces
