[0.545s] Invoking command in '/home/alrraf/Code/learning/ros2_ws/src/my_py_pkg': PYTHONPATH=/home/alrraf/Code/learning/ros2_ws/install/my_py_pkg/lib/python3.10/site-packages:${PYTHONPATH} /usr/bin/python3 setup.py egg_info --egg-base ../../build/my_py_pkg build --build-base /home/alrraf/Code/learning/ros2_ws/build/my_py_pkg/build install --prefix /home/alrraf/Code/learning/ros2_ws/install/my_py_pkg --record /home/alrraf/Code/learning/ros2_ws/build/my_py_pkg/install.log --single-version-externally-managed
[0.748s] running egg_info
[0.749s] writing ../../build/my_py_pkg/my_py_pkg.egg-info/PKG-INFO
[0.749s] writing dependency_links to ../../build/my_py_pkg/my_py_pkg.egg-info/dependency_links.txt
[0.749s] writing entry points to ../../build/my_py_pkg/my_py_pkg.egg-info/entry_points.txt
[0.749s] writing requirements to ../../build/my_py_pkg/my_py_pkg.egg-info/requires.txt
[0.749s] writing top-level names to ../../build/my_py_pkg/my_py_pkg.egg-info/top_level.txt
[0.750s] reading manifest file '../../build/my_py_pkg/my_py_pkg.egg-info/SOURCES.txt'
[0.751s] writing manifest file '../../build/my_py_pkg/my_py_pkg.egg-info/SOURCES.txt'
[0.752s] running build
[0.752s] running build_py
[0.752s] copying my_py_pkg/my_first_node.py -> /home/alrraf/Code/learning/ros2_ws/build/my_py_pkg/build/lib/my_py_pkg
[0.752s] running install
[0.752s] /usr/lib/python3/dist-packages/setuptools/command/install.py:34: SetuptoolsDeprecationWarning: setup.py install is deprecated. Use build and pip and other standards-based tools.
[0.753s]   warnings.warn(
[0.753s] running install_lib
[0.753s] copying /home/alrraf/Code/learning/ros2_ws/build/my_py_pkg/build/lib/my_py_pkg/my_first_node.py -> /home/alrraf/Code/learning/ros2_ws/install/my_py_pkg/lib/python3.10/site-packages/my_py_pkg
[0.754s] byte-compiling /home/alrraf/Code/learning/ros2_ws/install/my_py_pkg/lib/python3.10/site-packages/my_py_pkg/my_first_node.py to my_first_node.cpython-310.pyc
[0.755s] running install_data
[0.755s] running install_egg_info
[0.756s] removing '/home/alrraf/Code/learning/ros2_ws/install/my_py_pkg/lib/python3.10/site-packages/my_py_pkg-0.0.0-py3.10.egg-info' (and everything under it)
[0.757s] Copying ../../build/my_py_pkg/my_py_pkg.egg-info to /home/alrraf/Code/learning/ros2_ws/install/my_py_pkg/lib/python3.10/site-packages/my_py_pkg-0.0.0-py3.10.egg-info
[0.757s] running install_scripts
[0.775s] Installing py_node script to /home/alrraf/Code/learning/ros2_ws/install/my_py_pkg/lib/my_py_pkg
[0.775s] writing list of installed files to '/home/alrraf/Code/learning/ros2_ws/build/my_py_pkg/install.log'
[0.815s] Invoked command in '/home/alrraf/Code/learning/ros2_ws/src/my_py_pkg' returned '0': PYTHONPATH=/home/alrraf/Code/learning/ros2_ws/install/my_py_pkg/lib/python3.10/site-packages:${PYTHONPATH} /usr/bin/python3 setup.py egg_info --egg-base ../../build/my_py_pkg build --build-base /home/alrraf/Code/learning/ros2_ws/build/my_py_pkg/build install --prefix /home/alrraf/Code/learning/ros2_ws/install/my_py_pkg --record /home/alrraf/Code/learning/ros2_ws/build/my_py_pkg/install.log --single-version-externally-managed
