[0.528s] Invoking command in '/home/alrraf/Code/learning/ros2_ws/build/my_py_pkg': PYTHONPATH=/home/alrraf/Code/learning/ros2_ws/install/my_py_pkg/lib/python3.10/site-packages:${PYTHONPATH} /usr/bin/python3 setup.py develop --prefix /home/alrraf/Code/learning/ros2_ws/install/my_py_pkg --uninstall --editable --build-directory /home/alrraf/Code/learning/ros2_ws/build/my_py_pkg/build
[0.721s] running develop
[0.723s] /usr/lib/python3/dist-packages/setuptools/command/easy_install.py:158: EasyInstallDeprecationWarning: easy_install command is deprecated. Use build and pip and other standards-based tools.
[0.724s]   warnings.warn(
[0.724s] /usr/lib/python3/dist-packages/setuptools/command/install.py:34: SetuptoolsDeprecationWarning: setup.py install is deprecated. Use build and pip and other standards-based tools.
[0.724s]   warnings.warn(
[0.765s] /usr/lib/python3/dist-packages/pkg_resources/__init__.py:116: PkgResourcesDeprecationWarning: 1.1build1 is an invalid version and will not be supported in a future release
[0.766s]   warnings.warn(
[0.766s] /usr/lib/python3/dist-packages/pkg_resources/__init__.py:116: PkgResourcesDeprecationWarning: 0.1.43ubuntu1 is an invalid version and will not be supported in a future release
[0.766s]   warnings.warn(
[0.879s] Invoked command in '/home/alrraf/Code/learning/ros2_ws/build/my_py_pkg' returned '0': PYTHONPATH=/home/alrraf/Code/learning/ros2_ws/install/my_py_pkg/lib/python3.10/site-packages:${PYTHONPATH} /usr/bin/python3 setup.py develop --prefix /home/alrraf/Code/learning/ros2_ws/install/my_py_pkg --uninstall --editable --build-directory /home/alrraf/Code/learning/ros2_ws/build/my_py_pkg/build
[0.880s] Invoking command in '/home/alrraf/Code/learning/ros2_ws/src/my_py_pkg': PYTHONPATH=/home/alrraf/Code/learning/ros2_ws/install/my_py_pkg/lib/python3.10/site-packages:${PYTHONPATH} /usr/bin/python3 setup.py egg_info --egg-base ../../build/my_py_pkg build --build-base /home/alrraf/Code/learning/ros2_ws/build/my_py_pkg/build install --prefix /home/alrraf/Code/learning/ros2_ws/install/my_py_pkg --record /home/alrraf/Code/learning/ros2_ws/build/my_py_pkg/install.log --single-version-externally-managed
[1.056s] running egg_info
[1.056s] writing ../../build/my_py_pkg/my_py_pkg.egg-info/PKG-INFO
[1.056s] writing dependency_links to ../../build/my_py_pkg/my_py_pkg.egg-info/dependency_links.txt
[1.056s] writing entry points to ../../build/my_py_pkg/my_py_pkg.egg-info/entry_points.txt
[1.057s] writing requirements to ../../build/my_py_pkg/my_py_pkg.egg-info/requires.txt
[1.057s] writing top-level names to ../../build/my_py_pkg/my_py_pkg.egg-info/top_level.txt
[1.058s] reading manifest file '../../build/my_py_pkg/my_py_pkg.egg-info/SOURCES.txt'
[1.059s] writing manifest file '../../build/my_py_pkg/my_py_pkg.egg-info/SOURCES.txt'
[1.059s] running build
[1.059s] running build_py
[1.060s] copying my_py_pkg/add_two_ints_server.py -> /home/alrraf/Code/learning/ros2_ws/build/my_py_pkg/build/lib/my_py_pkg
[1.060s] running install
[1.060s] /usr/lib/python3/dist-packages/setuptools/command/install.py:34: SetuptoolsDeprecationWarning: setup.py install is deprecated. Use build and pip and other standards-based tools.
[1.060s]   warnings.warn(
[1.060s] running install_lib
[1.061s] copying /home/alrraf/Code/learning/ros2_ws/build/my_py_pkg/build/lib/my_py_pkg/add_two_ints_server.py -> /home/alrraf/Code/learning/ros2_ws/install/my_py_pkg/lib/python3.10/site-packages/my_py_pkg
[1.061s] byte-compiling /home/alrraf/Code/learning/ros2_ws/install/my_py_pkg/lib/python3.10/site-packages/my_py_pkg/add_two_ints_server.py to add_two_ints_server.cpython-310.pyc
[1.062s] running install_data
[1.062s] running install_egg_info
[1.063s] removing '/home/alrraf/Code/learning/ros2_ws/install/my_py_pkg/lib/python3.10/site-packages/my_py_pkg-0.0.0-py3.10.egg-info' (and everything under it)
[1.064s] Copying ../../build/my_py_pkg/my_py_pkg.egg-info to /home/alrraf/Code/learning/ros2_ws/install/my_py_pkg/lib/python3.10/site-packages/my_py_pkg-0.0.0-py3.10.egg-info
[1.064s] running install_scripts
[1.081s] Installing add_two_ints_server script to /home/alrraf/Code/learning/ros2_ws/install/my_py_pkg/lib/my_py_pkg
[1.082s] Installing py_node script to /home/alrraf/Code/learning/ros2_ws/install/my_py_pkg/lib/my_py_pkg
[1.082s] Installing robot_news_station script to /home/alrraf/Code/learning/ros2_ws/install/my_py_pkg/lib/my_py_pkg
[1.082s] Installing smartphone script to /home/alrraf/Code/learning/ros2_ws/install/my_py_pkg/lib/my_py_pkg
[1.082s] writing list of installed files to '/home/alrraf/Code/learning/ros2_ws/build/my_py_pkg/install.log'
[1.113s] Invoked command in '/home/alrraf/Code/learning/ros2_ws/src/my_py_pkg' returned '0': PYTHONPATH=/home/alrraf/Code/learning/ros2_ws/install/my_py_pkg/lib/python3.10/site-packages:${PYTHONPATH} /usr/bin/python3 setup.py egg_info --egg-base ../../build/my_py_pkg build --build-base /home/alrraf/Code/learning/ros2_ws/build/my_py_pkg/build install --prefix /home/alrraf/Code/learning/ros2_ws/install/my_py_pkg --record /home/alrraf/Code/learning/ros2_ws/build/my_py_pkg/install.log --single-version-externally-managed
