-- Found ament_cmake: 1.3.2 (/opt/ros/humble/share/ament_cmake/cmake)
-- Found rclcpp: 16.0.1 (/opt/ros/humble/share/rclcpp/cmake)
-- Found rosidl_generator_c: 3.1.3 (/opt/ros/humble/share/rosidl_generator_c/cmake)
-- Found rosidl_adapter: 3.1.3 (/opt/ros/humble/share/rosidl_adapter/cmake)
-- Found rosidl_generator_cpp: 3.1.3 (/opt/ros/humble/share/rosidl_generator_cpp/cmake)
-- Using all available rosidl_typesupport_c: rosidl_typesupport_fastrtps_c;rosidl_typesupport_introspection_c
-- Using all available rosidl_typesupport_cpp: rosidl_typesupport_fastrtps_cpp;rosidl_typesupport_introspection_cpp
-- Found rmw_implementation_cmake: 6.1.0 (/opt/ros/humble/share/rmw_implementation_cmake/cmake)
-- Found rmw_fastrtps_cpp: 6.2.1 (/opt/ros/humble/share/rmw_fastrtps_cpp/cmake)
-- Using RMW implementation 'rmw_fastrtps_cpp' as default
-- Found example_interfaces: 0.9.3 (/opt/ros/humble/share/example_interfaces/cmake)
-- Found my_robot_interfaces: 0.0.0 (/home/alrraf/Code/learning/ros2_ws/install/my_robot_interfaces/share/my_robot_interfaces/cmake)
-- Configuring done
-- Generating done
-- Build files have been written to: /home/alrraf/Code/learning/ros2_ws/build/my_cpp_pkg
[35m[1mConsolidate compiler generated dependencies of target battery[0m
[35m[1mConsolidate compiler generated dependencies of target add_two_ints_server[0m
[35m[1mConsolidate compiler generated dependencies of target number_counter[0m
[35m[1mConsolidate compiler generated dependencies of target add_two_ints_client[0m
[35m[1mConsolidate compiler generated dependencies of target robot_news_station[0m
[35m[1mConsolidate compiler generated dependencies of target smartphone[0m
[35m[1mConsolidate compiler generated dependencies of target add_two_ints_client_no_oop[0m
[35m[1mConsolidate compiler generated dependencies of target number_publisher[0m
[35m[1mConsolidate compiler generated dependencies of target cpp_node[0m
[  5%] [32mBuilding CXX object CMakeFiles/led_panel.dir/src/led_panel.cpp.o[0m
[01m[K/home/alrraf/Code/learning/ros2_ws/src/my_cpp_pkg/src/led_panel.cpp:1:10:[m[K [01;31m[Kfatal error: [m[Kmy_robot_interfaces/msg/led_status.hpp: No such file or directory
    1 | #include [01;31m[K"my_robot_interfaces/msg/led_status.hpp"[m[K
      |          [01;31m[K^~~~~~~~~~~~~~~~~~~~~~~~~~~~~~~~~~~~~~~~[m[K
compilation terminated.
gmake[2]: *** [CMakeFiles/led_panel.dir/build.make:76: CMakeFiles/led_panel.dir/src/led_panel.cpp.o] Error 1
gmake[1]: *** [CMakeFiles/Makefile2:389: CMakeFiles/led_panel.dir/all] Error 2
gmake[1]: *** Waiting for unfinished jobs....
[ 90%] Built target add_two_ints_client
[ 90%] [32mBuilding CXX object CMakeFiles/battery.dir/src/battery.cpp.o[0m
[ 90%] Built target smartphone
[ 90%] Built target add_two_ints_server
[ 90%] Built target cpp_node
[ 90%] Built target number_counter
[ 90%] Built target robot_news_station
[ 90%] Built target add_two_ints_client_no_oop
[ 90%] Built target number_publisher
[01m[K/home/alrraf/Code/learning/ros2_ws/src/my_cpp_pkg/src/battery.cpp:1:10:[m[K [01;31m[Kfatal error: [m[Kmy_robot_interfaces/srv/battery_status.hpp: No such file or directory
    1 | #include [01;31m[K"my_robot_interfaces/srv/battery_status.hpp"[m[K
      |          [01;31m[K^~~~~~~~~~~~~~~~~~~~~~~~~~~~~~~~~~~~~~~~~~~~[m[K
compilation terminated.
gmake[2]: *** [CMakeFiles/battery.dir/build.make:76: CMakeFiles/battery.dir/src/battery.cpp.o] Error 1
gmake[1]: *** [CMakeFiles/Makefile2:363: CMakeFiles/battery.dir/all] Error 2
gmake: *** [Makefile:146: all] Error 2
