[0.018s] Invoking command in '/home/alrraf/Code/learning/ros2_ws/build/my_robot_interfaces': CMAKE_PREFIX_PATH=${CMAKE_PREFIX_PATH}:/home/alrraf/Code/learning/ros2_ws/install/my_py_pkg:/home/alrraf/ros2_ws/install/my_py_pkg:/opt/ros/humble /usr/bin/cmake --build /home/alrraf/Code/learning/ros2_ws/build/my_robot_interfaces -- -j12 -l12
[0.048s] -- Found ament_cmake: 1.3.2 (/opt/ros/humble/share/ament_cmake/cmake)
[0.176s] -- Found rosidl_default_generators: 1.2.0 (/opt/ros/humble/share/rosidl_default_generators/cmake)
[0.177s] -- Using all available rosidl_typesupport_c: rosidl_typesupport_fastrtps_c;rosidl_typesupport_introspection_c
[0.179s] -- Found rosidl_adapter: 3.1.3 (/opt/ros/humble/share/rosidl_adapter/cmake)
[0.208s] -- Using all available rosidl_typesupport_cpp: rosidl_typesupport_fastrtps_cpp;rosidl_typesupport_introspection_cpp
[0.484s] -- Found ament_cmake_ros: 0.10.0 (/opt/ros/humble/share/ament_cmake_ros/cmake)
[0.669s] -- Using all available rosidl_typesupport_c: rosidl_typesupport_fastrtps_c;rosidl_typesupport_introspection_c
[0.902s] -- Using all available rosidl_typesupport_cpp: rosidl_typesupport_fastrtps_cpp;rosidl_typesupport_introspection_cpp
[0.924s] -- Found python_cmake_module: 0.10.0 (/opt/ros/humble/share/python_cmake_module/cmake)
[0.946s] -- Using PYTHON_EXECUTABLE: /usr/bin/python3
[0.946s] -- Using PYTHON_INCLUDE_DIRS: /usr/include/python3.10
[0.946s] -- Using PYTHON_LIBRARIES: /usr/lib/x86_64-linux-gnu/libpython3.10.so
[0.960s] -- Configuring done
[0.988s] -- Generating done
[0.991s] -- Build files have been written to: /home/alrraf/Code/learning/ros2_ws/build/my_robot_interfaces
[1.015s] [  1%] [34m[1mGenerating C code for ROS interfaces[0m
[1.023s] [  3%] [34m[1mGenerating C++ code for ROS interfaces[0m
[1.033s] [  3%] Built target ament_cmake_python_copy_my_robot_interfaces
[1.235s] running egg_info
[1.236s] writing my_robot_interfaces.egg-info/PKG-INFO
[1.236s] writing dependency_links to my_robot_interfaces.egg-info/dependency_links.txt
[1.236s] writing top-level names to my_robot_interfaces.egg-info/top_level.txt
[1.238s] reading manifest file 'my_robot_interfaces.egg-info/SOURCES.txt'
[1.238s] writing manifest file 'my_robot_interfaces.egg-info/SOURCES.txt'
[1.276s] [  3%] Built target ament_cmake_python_build_my_robot_interfaces_egg
[1.418s] [35m[1mConsolidate compiler generated dependencies of target my_robot_interfaces__rosidl_generator_c[0m
[1.423s] [  3%] Built target my_robot_interfaces__cpp
[1.433s] [  9%] [32mBuilding C object CMakeFiles/my_robot_interfaces__rosidl_generator_c.dir/rosidl_generator_c/my_robot_interfaces/srv/detail/compute_rectangle_area__functions.c.o[0m
[1.433s] [  9%] [32mBuilding C object CMakeFiles/my_robot_interfaces__rosidl_generator_c.dir/rosidl_generator_c/my_robot_interfaces/msg/detail/led_status__functions.c.o[0m
[1.433s] [  9%] [32mBuilding C object CMakeFiles/my_robot_interfaces__rosidl_generator_c.dir/rosidl_generator_c/my_robot_interfaces/msg/detail/hard_ware_status__functions.c.o[0m
[1.433s] [ 10%] [32mBuilding C object CMakeFiles/my_robot_interfaces__rosidl_generator_c.dir/rosidl_generator_c/my_robot_interfaces/srv/detail/battery_status__functions.c.o[0m
[1.435s] [ 14%] [34m[1mGenerating C++ type support for eProsima Fast-RTPS[0m
[1.435s] [ 14%] [34m[1mGenerating C++ type support dispatch for ROS interfaces[0m
[1.437s] [ 16%] [34m[1mGenerating C++ introspection for ROS interfaces[0m
[1.500s] [ 18%] [32m[1mLinking C shared library libmy_robot_interfaces__rosidl_generator_c.so[0m
[1.535s] [ 18%] Built target my_robot_interfaces__rosidl_generator_c
[1.544s] [ 23%] [34m[1mGenerating C type support dispatch for ROS interfaces[0m
[1.544s] [ 23%] [34m[1mGenerating C introspection for ROS interfaces[0m
[1.544s] [ 23%] [34m[1mGenerating C type support for eProsima Fast-RTPS[0m
[1.719s] [35m[1mConsolidate compiler generated dependencies of target my_robot_interfaces__rosidl_typesupport_cpp[0m
[1.736s] [ 27%] [32mBuilding CXX object CMakeFiles/my_robot_interfaces__rosidl_typesupport_cpp.dir/rosidl_typesupport_cpp/my_robot_interfaces/srv/battery_status__type_support.cpp.o[0m
[1.736s] [ 27%] [32mBuilding CXX object CMakeFiles/my_robot_interfaces__rosidl_typesupport_cpp.dir/rosidl_typesupport_cpp/my_robot_interfaces/msg/hard_ware_status__type_support.cpp.o[0m
[1.736s] [ 30%] [32mBuilding CXX object CMakeFiles/my_robot_interfaces__rosidl_typesupport_cpp.dir/rosidl_typesupport_cpp/my_robot_interfaces/msg/led_status__type_support.cpp.o[0m
[1.736s] [ 30%] [32mBuilding CXX object CMakeFiles/my_robot_interfaces__rosidl_typesupport_cpp.dir/rosidl_typesupport_cpp/my_robot_interfaces/srv/compute_rectangle_area__type_support.cpp.o[0m
[1.855s] [35m[1mConsolidate compiler generated dependencies of target my_robot_interfaces__rosidl_typesupport_introspection_cpp[0m
[1.879s] [ 32%] [32mBuilding CXX object CMakeFiles/my_robot_interfaces__rosidl_typesupport_introspection_cpp.dir/rosidl_typesupport_introspection_cpp/my_robot_interfaces/msg/detail/hard_ware_status__type_support.cpp.o[0m
[1.879s] [ 34%] [32mBuilding CXX object CMakeFiles/my_robot_interfaces__rosidl_typesupport_introspection_cpp.dir/rosidl_typesupport_introspection_cpp/my_robot_interfaces/msg/detail/led_status__type_support.cpp.o[0m
[1.880s] [35m[1mConsolidate compiler generated dependencies of target my_robot_interfaces__rosidl_typesupport_c[0m
[1.881s] [ 36%] [32mBuilding CXX object CMakeFiles/my_robot_interfaces__rosidl_typesupport_introspection_cpp.dir/rosidl_typesupport_introspection_cpp/my_robot_interfaces/srv/detail/compute_rectangle_area__type_support.cpp.o[0m
[1.884s] [ 38%] [32mBuilding CXX object CMakeFiles/my_robot_interfaces__rosidl_typesupport_introspection_cpp.dir/rosidl_typesupport_introspection_cpp/my_robot_interfaces/srv/detail/battery_status__type_support.cpp.o[0m
[1.892s] [35m[1mConsolidate compiler generated dependencies of target my_robot_interfaces__rosidl_typesupport_fastrtps_cpp[0m
[1.895s] [ 40%] [32mBuilding CXX object CMakeFiles/my_robot_interfaces__rosidl_typesupport_c.dir/rosidl_typesupport_c/my_robot_interfaces/msg/hard_ware_status__type_support.cpp.o[0m
[1.935s] [ 41%] [32mBuilding CXX object CMakeFiles/my_robot_interfaces__rosidl_typesupport_fastrtps_cpp.dir/rosidl_typesupport_fastrtps_cpp/my_robot_interfaces/msg/detail/dds_fastrtps/hard_ware_status__type_support.cpp.o[0m
[1.954s] [ 43%] [32mBuilding CXX object CMakeFiles/my_robot_interfaces__rosidl_typesupport_c.dir/rosidl_typesupport_c/my_robot_interfaces/msg/led_status__type_support.cpp.o[0m
[2.016s] [ 45%] [32mBuilding CXX object CMakeFiles/my_robot_interfaces__rosidl_typesupport_c.dir/rosidl_typesupport_c/my_robot_interfaces/srv/compute_rectangle_area__type_support.cpp.o[0m
[2.062s] [ 47%] [32mBuilding CXX object CMakeFiles/my_robot_interfaces__rosidl_typesupport_c.dir/rosidl_typesupport_c/my_robot_interfaces/srv/battery_status__type_support.cpp.o[0m
[2.124s] [ 50%] [32mBuilding CXX object CMakeFiles/my_robot_interfaces__rosidl_typesupport_fastrtps_cpp.dir/rosidl_typesupport_fastrtps_cpp/my_robot_interfaces/msg/detail/dds_fastrtps/led_status__type_support.cpp.o[0m
[2.125s] [ 50%] [32m[1mLinking CXX shared library libmy_robot_interfaces__rosidl_typesupport_c.so[0m
[2.133s] [ 52%] [32mBuilding CXX object CMakeFiles/my_robot_interfaces__rosidl_typesupport_fastrtps_cpp.dir/rosidl_typesupport_fastrtps_cpp/my_robot_interfaces/srv/detail/dds_fastrtps/compute_rectangle_area__type_support.cpp.o[0m
[2.135s] [35m[1mConsolidate compiler generated dependencies of target my_robot_interfaces__rosidl_typesupport_fastrtps_c[0m
[2.151s] [35m[1mConsolidate compiler generated dependencies of target my_robot_interfaces__rosidl_typesupport_introspection_c[0m
[2.153s] [ 54%] [32m[1mLinking CXX shared library libmy_robot_interfaces__rosidl_typesupport_cpp.so[0m
[2.155s] [ 56%] [32mBuilding CXX object CMakeFiles/my_robot_interfaces__rosidl_typesupport_fastrtps_cpp.dir/rosidl_typesupport_fastrtps_cpp/my_robot_interfaces/srv/detail/dds_fastrtps/battery_status__type_support.cpp.o[0m
[2.165s] [ 58%] [32mBuilding CXX object CMakeFiles/my_robot_interfaces__rosidl_typesupport_fastrtps_c.dir/rosidl_typesupport_fastrtps_c/my_robot_interfaces/msg/detail/hard_ware_status__type_support_c.cpp.o[0m
[2.180s] [ 60%] [32mBuilding C object CMakeFiles/my_robot_interfaces__rosidl_typesupport_introspection_c.dir/rosidl_typesupport_introspection_c/my_robot_interfaces/msg/detail/hard_ware_status__type_support.c.o[0m
[2.233s] [ 60%] Built target my_robot_interfaces__rosidl_typesupport_c
[2.237s] [ 60%] Built target my_robot_interfaces__rosidl_typesupport_cpp
[2.243s] [ 61%] [32mBuilding C object CMakeFiles/my_robot_interfaces__rosidl_typesupport_introspection_c.dir/rosidl_typesupport_introspection_c/my_robot_interfaces/msg/detail/led_status__type_support.c.o[0m
[2.255s] [ 63%] [32mBuilding CXX object CMakeFiles/my_robot_interfaces__rosidl_typesupport_fastrtps_c.dir/rosidl_typesupport_fastrtps_c/my_robot_interfaces/msg/detail/led_status__type_support_c.cpp.o[0m
[2.258s] [ 65%] [32mBuilding C object CMakeFiles/my_robot_interfaces__rosidl_typesupport_introspection_c.dir/rosidl_typesupport_introspection_c/my_robot_interfaces/srv/detail/compute_rectangle_area__type_support.c.o[0m
[2.311s] [ 67%] [32mBuilding C object CMakeFiles/my_robot_interfaces__rosidl_typesupport_introspection_c.dir/rosidl_typesupport_introspection_c/my_robot_interfaces/srv/detail/battery_status__type_support.c.o[0m
[2.330s] [ 69%] [32mBuilding CXX object CMakeFiles/my_robot_interfaces__rosidl_typesupport_fastrtps_c.dir/rosidl_typesupport_fastrtps_c/my_robot_interfaces/srv/detail/compute_rectangle_area__type_support_c.cpp.o[0m
[2.372s] [ 70%] [32m[1mLinking C shared library libmy_robot_interfaces__rosidl_typesupport_introspection_c.so[0m
[2.430s] [ 70%] Built target my_robot_interfaces__rosidl_typesupport_introspection_c
[2.447s] [ 72%] [32mBuilding CXX object CMakeFiles/my_robot_interfaces__rosidl_typesupport_fastrtps_c.dir/rosidl_typesupport_fastrtps_c/my_robot_interfaces/srv/detail/battery_status__type_support_c.cpp.o[0m
[2.501s] [ 74%] [32m[1mLinking CXX shared library libmy_robot_interfaces__rosidl_typesupport_introspection_cpp.so[0m
[2.679s] [ 74%] Built target my_robot_interfaces__rosidl_typesupport_introspection_cpp
[2.789s] [ 76%] [32m[1mLinking CXX shared library libmy_robot_interfaces__rosidl_typesupport_fastrtps_cpp.so[0m
[2.832s] [ 78%] [32m[1mLinking CXX shared library libmy_robot_interfaces__rosidl_typesupport_fastrtps_c.so[0m
[2.888s] [ 78%] Built target my_robot_interfaces__rosidl_typesupport_fastrtps_cpp
[2.923s] [ 78%] Built target my_robot_interfaces__rosidl_typesupport_fastrtps_c
[2.941s] [ 78%] Built target my_robot_interfaces
[2.957s] [ 80%] [34m[1mGenerating Python code for ROS interfaces[0m
[3.591s] [ 80%] Built target my_robot_interfaces__py
[3.600s] [35m[1mConsolidate compiler generated dependencies of target my_robot_interfaces__rosidl_generator_py[0m
[3.613s] [ 85%] [32mBuilding C object CMakeFiles/my_robot_interfaces__rosidl_generator_py.dir/rosidl_generator_py/my_robot_interfaces/msg/_led_status_s.c.o[0m
[3.613s] [ 85%] [32mBuilding C object CMakeFiles/my_robot_interfaces__rosidl_generator_py.dir/rosidl_generator_py/my_robot_interfaces/srv/_compute_rectangle_area_s.c.o[0m
[3.614s] [ 85%] [32mBuilding C object CMakeFiles/my_robot_interfaces__rosidl_generator_py.dir/rosidl_generator_py/my_robot_interfaces/msg/_hard_ware_status_s.c.o[0m
[3.616s] [ 87%] [32mBuilding C object CMakeFiles/my_robot_interfaces__rosidl_generator_py.dir/rosidl_generator_py/my_robot_interfaces/srv/_battery_status_s.c.o[0m
[3.714s] [ 89%] [32m[1mLinking C shared library rosidl_generator_py/my_robot_interfaces/libmy_robot_interfaces__rosidl_generator_py.so[0m
[3.748s] [ 89%] Built target my_robot_interfaces__rosidl_generator_py
[3.757s] [35m[1mConsolidate compiler generated dependencies of target my_robot_interfaces__rosidl_typesupport_introspection_c__pyext[0m
[3.757s] [35m[1mConsolidate compiler generated dependencies of target my_robot_interfaces__rosidl_typesupport_fastrtps_c__pyext[0m
[3.757s] [35m[1mConsolidate compiler generated dependencies of target my_robot_interfaces__rosidl_typesupport_c__pyext[0m
[3.769s] [ 94%] [32mBuilding C object CMakeFiles/my_robot_interfaces__rosidl_typesupport_fastrtps_c__pyext.dir/rosidl_generator_py/my_robot_interfaces/_my_robot_interfaces_s.ep.rosidl_typesupport_fastrtps_c.c.o[0m
[3.769s] [ 94%] [32mBuilding C object CMakeFiles/my_robot_interfaces__rosidl_typesupport_c__pyext.dir/rosidl_generator_py/my_robot_interfaces/_my_robot_interfaces_s.ep.rosidl_typesupport_c.c.o[0m
[3.769s] [ 94%] [32mBuilding C object CMakeFiles/my_robot_interfaces__rosidl_typesupport_introspection_c__pyext.dir/rosidl_generator_py/my_robot_interfaces/_my_robot_interfaces_s.ep.rosidl_typesupport_introspection_c.c.o[0m
[3.860s] [ 98%] [32m[1mLinking C shared library rosidl_generator_py/my_robot_interfaces/my_robot_interfaces_s__rosidl_typesupport_introspection_c.cpython-310-x86_64-linux-gnu.so[0m
[3.861s] [ 98%] [32m[1mLinking C shared library rosidl_generator_py/my_robot_interfaces/my_robot_interfaces_s__rosidl_typesupport_c.cpython-310-x86_64-linux-gnu.so[0m
[3.866s] [100%] [32m[1mLinking C shared library rosidl_generator_py/my_robot_interfaces/my_robot_interfaces_s__rosidl_typesupport_fastrtps_c.cpython-310-x86_64-linux-gnu.so[0m
[3.888s] [100%] Built target my_robot_interfaces__rosidl_typesupport_c__pyext
[3.888s] [100%] Built target my_robot_interfaces__rosidl_typesupport_introspection_c__pyext
[3.895s] [100%] Built target my_robot_interfaces__rosidl_typesupport_fastrtps_c__pyext
[3.904s] Invoked command in '/home/alrraf/Code/learning/ros2_ws/build/my_robot_interfaces' returned '0': CMAKE_PREFIX_PATH=${CMAKE_PREFIX_PATH}:/home/alrraf/Code/learning/ros2_ws/install/my_py_pkg:/home/alrraf/ros2_ws/install/my_py_pkg:/opt/ros/humble /usr/bin/cmake --build /home/alrraf/Code/learning/ros2_ws/build/my_robot_interfaces -- -j12 -l12
[3.981s] Invoking command in '/home/alrraf/Code/learning/ros2_ws/build/my_robot_interfaces': CMAKE_PREFIX_PATH=${CMAKE_PREFIX_PATH}:/home/alrraf/Code/learning/ros2_ws/install/my_py_pkg:/home/alrraf/ros2_ws/install/my_py_pkg:/opt/ros/humble /usr/bin/cmake --install /home/alrraf/Code/learning/ros2_ws/build/my_robot_interfaces
[3.987s] -- Install configuration: ""
[3.987s] -- Installing: /home/alrraf/Code/learning/ros2_ws/install/my_robot_interfaces/share/ament_index/resource_index/rosidl_interfaces/my_robot_interfaces
[3.987s] -- Up-to-date: /home/alrraf/Code/learning/ros2_ws/install/my_robot_interfaces/include/my_robot_interfaces/my_robot_interfaces
[3.987s] -- Up-to-date: /home/alrraf/Code/learning/ros2_ws/install/my_robot_interfaces/include/my_robot_interfaces/my_robot_interfaces/srv
[3.987s] -- Installing: /home/alrraf/Code/learning/ros2_ws/install/my_robot_interfaces/include/my_robot_interfaces/my_robot_interfaces/srv/compute_rectangle_area.h
[3.988s] -- Installing: /home/alrraf/Code/learning/ros2_ws/install/my_robot_interfaces/include/my_robot_interfaces/my_robot_interfaces/srv/battery_status.h
[3.988s] -- Up-to-date: /home/alrraf/Code/learning/ros2_ws/install/my_robot_interfaces/include/my_robot_interfaces/my_robot_interfaces/srv/detail
[3.988s] -- Installing: /home/alrraf/Code/learning/ros2_ws/install/my_robot_interfaces/include/my_robot_interfaces/my_robot_interfaces/srv/detail/compute_rectangle_area__functions.h
[3.988s] -- Installing: /home/alrraf/Code/learning/ros2_ws/install/my_robot_interfaces/include/my_robot_interfaces/my_robot_interfaces/srv/detail/battery_status__functions.h
[3.988s] -- Installing: /home/alrraf/Code/learning/ros2_ws/install/my_robot_interfaces/include/my_robot_interfaces/my_robot_interfaces/srv/detail/battery_status__struct.h
[3.988s] -- Installing: /home/alrraf/Code/learning/ros2_ws/install/my_robot_interfaces/include/my_robot_interfaces/my_robot_interfaces/srv/detail/compute_rectangle_area__functions.c
[3.988s] -- Installing: /home/alrraf/Code/learning/ros2_ws/install/my_robot_interfaces/include/my_robot_interfaces/my_robot_interfaces/srv/detail/compute_rectangle_area__type_support.h
[3.988s] -- Installing: /home/alrraf/Code/learning/ros2_ws/install/my_robot_interfaces/include/my_robot_interfaces/my_robot_interfaces/srv/detail/battery_status__type_support.h
[3.988s] -- Installing: /home/alrraf/Code/learning/ros2_ws/install/my_robot_interfaces/include/my_robot_interfaces/my_robot_interfaces/srv/detail/compute_rectangle_area__struct.h
[3.988s] -- Installing: /home/alrraf/Code/learning/ros2_ws/install/my_robot_interfaces/include/my_robot_interfaces/my_robot_interfaces/srv/detail/battery_status__functions.c
[3.988s] -- Up-to-date: /home/alrraf/Code/learning/ros2_ws/install/my_robot_interfaces/include/my_robot_interfaces/my_robot_interfaces/msg
[3.989s] -- Installing: /home/alrraf/Code/learning/ros2_ws/install/my_robot_interfaces/include/my_robot_interfaces/my_robot_interfaces/msg/led_status.h
[3.989s] -- Up-to-date: /home/alrraf/Code/learning/ros2_ws/install/my_robot_interfaces/include/my_robot_interfaces/my_robot_interfaces/msg/rosidl_generator_c__visibility_control.h
[3.989s] -- Installing: /home/alrraf/Code/learning/ros2_ws/install/my_robot_interfaces/include/my_robot_interfaces/my_robot_interfaces/msg/hard_ware_status.h
[3.989s] -- Up-to-date: /home/alrraf/Code/learning/ros2_ws/install/my_robot_interfaces/include/my_robot_interfaces/my_robot_interfaces/msg/detail
[3.989s] -- Installing: /home/alrraf/Code/learning/ros2_ws/install/my_robot_interfaces/include/my_robot_interfaces/my_robot_interfaces/msg/detail/led_status__functions.c
[3.989s] -- Installing: /home/alrraf/Code/learning/ros2_ws/install/my_robot_interfaces/include/my_robot_interfaces/my_robot_interfaces/msg/detail/led_status__functions.h
[3.989s] -- Installing: /home/alrraf/Code/learning/ros2_ws/install/my_robot_interfaces/include/my_robot_interfaces/my_robot_interfaces/msg/detail/hard_ware_status__functions.h
[3.989s] -- Installing: /home/alrraf/Code/learning/ros2_ws/install/my_robot_interfaces/include/my_robot_interfaces/my_robot_interfaces/msg/detail/hard_ware_status__struct.h
[3.989s] -- Installing: /home/alrraf/Code/learning/ros2_ws/install/my_robot_interfaces/include/my_robot_interfaces/my_robot_interfaces/msg/detail/led_status__type_support.h
[3.989s] -- Installing: /home/alrraf/Code/learning/ros2_ws/install/my_robot_interfaces/include/my_robot_interfaces/my_robot_interfaces/msg/detail/led_status__struct.h
[3.989s] -- Installing: /home/alrraf/Code/learning/ros2_ws/install/my_robot_interfaces/include/my_robot_interfaces/my_robot_interfaces/msg/detail/hard_ware_status__functions.c
[3.989s] -- Installing: /home/alrraf/Code/learning/ros2_ws/install/my_robot_interfaces/include/my_robot_interfaces/my_robot_interfaces/msg/detail/hard_ware_status__type_support.h
[3.989s] -- Up-to-date: /home/alrraf/Code/learning/ros2_ws/install/my_robot_interfaces/share/my_robot_interfaces/environment/library_path.sh
[3.990s] -- Installing: /home/alrraf/Code/learning/ros2_ws/install/my_robot_interfaces/share/my_robot_interfaces/environment/library_path.dsv
[3.990s] -- Installing: /home/alrraf/Code/learning/ros2_ws/install/my_robot_interfaces/lib/libmy_robot_interfaces__rosidl_generator_c.so
[3.990s] -- Set runtime path of "/home/alrraf/Code/learning/ros2_ws/install/my_robot_interfaces/lib/libmy_robot_interfaces__rosidl_generator_c.so" to ""
[3.990s] -- Up-to-date: /home/alrraf/Code/learning/ros2_ws/install/my_robot_interfaces/include/my_robot_interfaces/my_robot_interfaces
[3.990s] -- Up-to-date: /home/alrraf/Code/learning/ros2_ws/install/my_robot_interfaces/include/my_robot_interfaces/my_robot_interfaces/srv
[3.990s] -- Up-to-date: /home/alrraf/Code/learning/ros2_ws/install/my_robot_interfaces/include/my_robot_interfaces/my_robot_interfaces/srv/detail
[3.990s] -- Installing: /home/alrraf/Code/learning/ros2_ws/install/my_robot_interfaces/include/my_robot_interfaces/my_robot_interfaces/srv/detail/compute_rectangle_area__rosidl_typesupport_fastrtps_c.h
[3.990s] -- Installing: /home/alrraf/Code/learning/ros2_ws/install/my_robot_interfaces/include/my_robot_interfaces/my_robot_interfaces/srv/detail/battery_status__rosidl_typesupport_fastrtps_c.h
[3.991s] -- Up-to-date: /home/alrraf/Code/learning/ros2_ws/install/my_robot_interfaces/include/my_robot_interfaces/my_robot_interfaces/msg
[3.991s] -- Up-to-date: /home/alrraf/Code/learning/ros2_ws/install/my_robot_interfaces/include/my_robot_interfaces/my_robot_interfaces/msg/rosidl_typesupport_fastrtps_c__visibility_control.h
[3.991s] -- Up-to-date: /home/alrraf/Code/learning/ros2_ws/install/my_robot_interfaces/include/my_robot_interfaces/my_robot_interfaces/msg/detail
[3.991s] -- Installing: /home/alrraf/Code/learning/ros2_ws/install/my_robot_interfaces/include/my_robot_interfaces/my_robot_interfaces/msg/detail/led_status__rosidl_typesupport_fastrtps_c.h
[3.991s] -- Installing: /home/alrraf/Code/learning/ros2_ws/install/my_robot_interfaces/include/my_robot_interfaces/my_robot_interfaces/msg/detail/hard_ware_status__rosidl_typesupport_fastrtps_c.h
[3.991s] -- Installing: /home/alrraf/Code/learning/ros2_ws/install/my_robot_interfaces/lib/libmy_robot_interfaces__rosidl_typesupport_fastrtps_c.so
[3.991s] -- Set runtime path of "/home/alrraf/Code/learning/ros2_ws/install/my_robot_interfaces/lib/libmy_robot_interfaces__rosidl_typesupport_fastrtps_c.so" to ""
[3.991s] -- Up-to-date: /home/alrraf/Code/learning/ros2_ws/install/my_robot_interfaces/include/my_robot_interfaces/my_robot_interfaces
[3.991s] -- Up-to-date: /home/alrraf/Code/learning/ros2_ws/install/my_robot_interfaces/include/my_robot_interfaces/my_robot_interfaces/srv
[3.991s] -- Up-to-date: /home/alrraf/Code/learning/ros2_ws/install/my_robot_interfaces/include/my_robot_interfaces/my_robot_interfaces/srv/detail
[3.992s] -- Installing: /home/alrraf/Code/learning/ros2_ws/install/my_robot_interfaces/include/my_robot_interfaces/my_robot_interfaces/srv/detail/compute_rectangle_area__rosidl_typesupport_introspection_c.h
[3.992s] -- Installing: /home/alrraf/Code/learning/ros2_ws/install/my_robot_interfaces/include/my_robot_interfaces/my_robot_interfaces/srv/detail/battery_status__rosidl_typesupport_introspection_c.h
[3.992s] -- Installing: /home/alrraf/Code/learning/ros2_ws/install/my_robot_interfaces/include/my_robot_interfaces/my_robot_interfaces/srv/detail/battery_status__type_support.c
[3.992s] -- Installing: /home/alrraf/Code/learning/ros2_ws/install/my_robot_interfaces/include/my_robot_interfaces/my_robot_interfaces/srv/detail/compute_rectangle_area__type_support.c
[3.992s] -- Up-to-date: /home/alrraf/Code/learning/ros2_ws/install/my_robot_interfaces/include/my_robot_interfaces/my_robot_interfaces/msg
[3.992s] -- Up-to-date: /home/alrraf/Code/learning/ros2_ws/install/my_robot_interfaces/include/my_robot_interfaces/my_robot_interfaces/msg/rosidl_typesupport_introspection_c__visibility_control.h
[3.992s] -- Up-to-date: /home/alrraf/Code/learning/ros2_ws/install/my_robot_interfaces/include/my_robot_interfaces/my_robot_interfaces/msg/detail
[3.992s] -- Installing: /home/alrraf/Code/learning/ros2_ws/install/my_robot_interfaces/include/my_robot_interfaces/my_robot_interfaces/msg/detail/hard_ware_status__type_support.c
[3.992s] -- Installing: /home/alrraf/Code/learning/ros2_ws/install/my_robot_interfaces/include/my_robot_interfaces/my_robot_interfaces/msg/detail/led_status__type_support.c
[3.992s] -- Installing: /home/alrraf/Code/learning/ros2_ws/install/my_robot_interfaces/include/my_robot_interfaces/my_robot_interfaces/msg/detail/hard_ware_status__rosidl_typesupport_introspection_c.h
[3.992s] -- Installing: /home/alrraf/Code/learning/ros2_ws/install/my_robot_interfaces/include/my_robot_interfaces/my_robot_interfaces/msg/detail/led_status__rosidl_typesupport_introspection_c.h
[3.992s] -- Installing: /home/alrraf/Code/learning/ros2_ws/install/my_robot_interfaces/lib/libmy_robot_interfaces__rosidl_typesupport_introspection_c.so
[3.992s] -- Set runtime path of "/home/alrraf/Code/learning/ros2_ws/install/my_robot_interfaces/lib/libmy_robot_interfaces__rosidl_typesupport_introspection_c.so" to ""
[3.993s] -- Installing: /home/alrraf/Code/learning/ros2_ws/install/my_robot_interfaces/lib/libmy_robot_interfaces__rosidl_typesupport_c.so
[3.993s] -- Set runtime path of "/home/alrraf/Code/learning/ros2_ws/install/my_robot_interfaces/lib/libmy_robot_interfaces__rosidl_typesupport_c.so" to ""
[3.993s] -- Up-to-date: /home/alrraf/Code/learning/ros2_ws/install/my_robot_interfaces/include/my_robot_interfaces/my_robot_interfaces
[3.993s] -- Up-to-date: /home/alrraf/Code/learning/ros2_ws/install/my_robot_interfaces/include/my_robot_interfaces/my_robot_interfaces/srv
[3.993s] -- Installing: /home/alrraf/Code/learning/ros2_ws/install/my_robot_interfaces/include/my_robot_interfaces/my_robot_interfaces/srv/compute_rectangle_area.hpp
[3.993s] -- Up-to-date: /home/alrraf/Code/learning/ros2_ws/install/my_robot_interfaces/include/my_robot_interfaces/my_robot_interfaces/srv/detail
[3.993s] -- Installing: /home/alrraf/Code/learning/ros2_ws/install/my_robot_interfaces/include/my_robot_interfaces/my_robot_interfaces/srv/detail/compute_rectangle_area__struct.hpp
[3.993s] -- Installing: /home/alrraf/Code/learning/ros2_ws/install/my_robot_interfaces/include/my_robot_interfaces/my_robot_interfaces/srv/detail/battery_status__struct.hpp
[3.993s] -- Installing: /home/alrraf/Code/learning/ros2_ws/install/my_robot_interfaces/include/my_robot_interfaces/my_robot_interfaces/srv/detail/compute_rectangle_area__builder.hpp
[3.993s] -- Installing: /home/alrraf/Code/learning/ros2_ws/install/my_robot_interfaces/include/my_robot_interfaces/my_robot_interfaces/srv/detail/compute_rectangle_area__traits.hpp
[3.994s] -- Installing: /home/alrraf/Code/learning/ros2_ws/install/my_robot_interfaces/include/my_robot_interfaces/my_robot_interfaces/srv/detail/battery_status__traits.hpp
[3.994s] -- Installing: /home/alrraf/Code/learning/ros2_ws/install/my_robot_interfaces/include/my_robot_interfaces/my_robot_interfaces/srv/detail/battery_status__builder.hpp
[3.994s] -- Installing: /home/alrraf/Code/learning/ros2_ws/install/my_robot_interfaces/include/my_robot_interfaces/my_robot_interfaces/srv/battery_status.hpp
[3.994s] -- Up-to-date: /home/alrraf/Code/learning/ros2_ws/install/my_robot_interfaces/include/my_robot_interfaces/my_robot_interfaces/msg
[3.994s] -- Installing: /home/alrraf/Code/learning/ros2_ws/install/my_robot_interfaces/include/my_robot_interfaces/my_robot_interfaces/msg/led_status.hpp
[3.994s] -- Up-to-date: /home/alrraf/Code/learning/ros2_ws/install/my_robot_interfaces/include/my_robot_interfaces/my_robot_interfaces/msg/detail
[3.994s] -- Installing: /home/alrraf/Code/learning/ros2_ws/install/my_robot_interfaces/include/my_robot_interfaces/my_robot_interfaces/msg/detail/hard_ware_status__struct.hpp
[3.994s] -- Installing: /home/alrraf/Code/learning/ros2_ws/install/my_robot_interfaces/include/my_robot_interfaces/my_robot_interfaces/msg/detail/hard_ware_status__traits.hpp
[3.994s] -- Installing: /home/alrraf/Code/learning/ros2_ws/install/my_robot_interfaces/include/my_robot_interfaces/my_robot_interfaces/msg/detail/led_status__traits.hpp
[3.994s] -- Installing: /home/alrraf/Code/learning/ros2_ws/install/my_robot_interfaces/include/my_robot_interfaces/my_robot_interfaces/msg/detail/led_status__builder.hpp
[3.994s] -- Installing: /home/alrraf/Code/learning/ros2_ws/install/my_robot_interfaces/include/my_robot_interfaces/my_robot_interfaces/msg/detail/hard_ware_status__builder.hpp
[3.994s] -- Installing: /home/alrraf/Code/learning/ros2_ws/install/my_robot_interfaces/include/my_robot_interfaces/my_robot_interfaces/msg/detail/led_status__struct.hpp
[3.994s] -- Installing: /home/alrraf/Code/learning/ros2_ws/install/my_robot_interfaces/include/my_robot_interfaces/my_robot_interfaces/msg/hard_ware_status.hpp
[3.995s] -- Up-to-date: /home/alrraf/Code/learning/ros2_ws/install/my_robot_interfaces/include/my_robot_interfaces/my_robot_interfaces
[3.995s] -- Up-to-date: /home/alrraf/Code/learning/ros2_ws/install/my_robot_interfaces/include/my_robot_interfaces/my_robot_interfaces/srv
[3.995s] -- Up-to-date: /home/alrraf/Code/learning/ros2_ws/install/my_robot_interfaces/include/my_robot_interfaces/my_robot_interfaces/srv/detail
[3.995s] -- Installing: /home/alrraf/Code/learning/ros2_ws/install/my_robot_interfaces/include/my_robot_interfaces/my_robot_interfaces/srv/detail/compute_rectangle_area__rosidl_typesupport_fastrtps_cpp.hpp
[3.995s] -- Installing: /home/alrraf/Code/learning/ros2_ws/install/my_robot_interfaces/include/my_robot_interfaces/my_robot_interfaces/srv/detail/battery_status__rosidl_typesupport_fastrtps_cpp.hpp
[3.995s] -- Up-to-date: /home/alrraf/Code/learning/ros2_ws/install/my_robot_interfaces/include/my_robot_interfaces/my_robot_interfaces/srv/detail/dds_fastrtps
[3.995s] -- Up-to-date: /home/alrraf/Code/learning/ros2_ws/install/my_robot_interfaces/include/my_robot_interfaces/my_robot_interfaces/msg
[3.995s] -- Up-to-date: /home/alrraf/Code/learning/ros2_ws/install/my_robot_interfaces/include/my_robot_interfaces/my_robot_interfaces/msg/detail
[3.995s] -- Installing: /home/alrraf/Code/learning/ros2_ws/install/my_robot_interfaces/include/my_robot_interfaces/my_robot_interfaces/msg/detail/hard_ware_status__rosidl_typesupport_fastrtps_cpp.hpp
[3.995s] -- Up-to-date: /home/alrraf/Code/learning/ros2_ws/install/my_robot_interfaces/include/my_robot_interfaces/my_robot_interfaces/msg/detail/dds_fastrtps
[3.995s] -- Installing: /home/alrraf/Code/learning/ros2_ws/install/my_robot_interfaces/include/my_robot_interfaces/my_robot_interfaces/msg/detail/led_status__rosidl_typesupport_fastrtps_cpp.hpp
[3.995s] -- Up-to-date: /home/alrraf/Code/learning/ros2_ws/install/my_robot_interfaces/include/my_robot_interfaces/my_robot_interfaces/msg/rosidl_typesupport_fastrtps_cpp__visibility_control.h
[3.995s] -- Installing: /home/alrraf/Code/learning/ros2_ws/install/my_robot_interfaces/lib/libmy_robot_interfaces__rosidl_typesupport_fastrtps_cpp.so
[3.996s] -- Set runtime path of "/home/alrraf/Code/learning/ros2_ws/install/my_robot_interfaces/lib/libmy_robot_interfaces__rosidl_typesupport_fastrtps_cpp.so" to ""
[3.996s] -- Up-to-date: /home/alrraf/Code/learning/ros2_ws/install/my_robot_interfaces/include/my_robot_interfaces/my_robot_interfaces
[3.996s] -- Up-to-date: /home/alrraf/Code/learning/ros2_ws/install/my_robot_interfaces/include/my_robot_interfaces/my_robot_interfaces/srv
[3.996s] -- Up-to-date: /home/alrraf/Code/learning/ros2_ws/install/my_robot_interfaces/include/my_robot_interfaces/my_robot_interfaces/srv/detail
[3.996s] -- Installing: /home/alrraf/Code/learning/ros2_ws/install/my_robot_interfaces/include/my_robot_interfaces/my_robot_interfaces/srv/detail/compute_rectangle_area__rosidl_typesupport_introspection_cpp.hpp
[3.996s] -- Installing: /home/alrraf/Code/learning/ros2_ws/install/my_robot_interfaces/include/my_robot_interfaces/my_robot_interfaces/srv/detail/battery_status__rosidl_typesupport_introspection_cpp.hpp
[3.996s] -- Installing: /home/alrraf/Code/learning/ros2_ws/install/my_robot_interfaces/include/my_robot_interfaces/my_robot_interfaces/srv/detail/battery_status__type_support.cpp
[3.996s] -- Installing: /home/alrraf/Code/learning/ros2_ws/install/my_robot_interfaces/include/my_robot_interfaces/my_robot_interfaces/srv/detail/compute_rectangle_area__type_support.cpp
[3.996s] -- Up-to-date: /home/alrraf/Code/learning/ros2_ws/install/my_robot_interfaces/include/my_robot_interfaces/my_robot_interfaces/msg
[3.996s] -- Up-to-date: /home/alrraf/Code/learning/ros2_ws/install/my_robot_interfaces/include/my_robot_interfaces/my_robot_interfaces/msg/detail
[3.996s] -- Installing: /home/alrraf/Code/learning/ros2_ws/install/my_robot_interfaces/include/my_robot_interfaces/my_robot_interfaces/msg/detail/led_status__rosidl_typesupport_introspection_cpp.hpp
[3.996s] -- Installing: /home/alrraf/Code/learning/ros2_ws/install/my_robot_interfaces/include/my_robot_interfaces/my_robot_interfaces/msg/detail/hard_ware_status__type_support.cpp
[3.996s] -- Installing: /home/alrraf/Code/learning/ros2_ws/install/my_robot_interfaces/include/my_robot_interfaces/my_robot_interfaces/msg/detail/led_status__type_support.cpp
[3.997s] -- Installing: /home/alrraf/Code/learning/ros2_ws/install/my_robot_interfaces/include/my_robot_interfaces/my_robot_interfaces/msg/detail/hard_ware_status__rosidl_typesupport_introspection_cpp.hpp
[3.997s] -- Installing: /home/alrraf/Code/learning/ros2_ws/install/my_robot_interfaces/lib/libmy_robot_interfaces__rosidl_typesupport_introspection_cpp.so
[3.997s] -- Set runtime path of "/home/alrraf/Code/learning/ros2_ws/install/my_robot_interfaces/lib/libmy_robot_interfaces__rosidl_typesupport_introspection_cpp.so" to ""
[3.997s] -- Installing: /home/alrraf/Code/learning/ros2_ws/install/my_robot_interfaces/lib/libmy_robot_interfaces__rosidl_typesupport_cpp.so
[3.997s] -- Set runtime path of "/home/alrraf/Code/learning/ros2_ws/install/my_robot_interfaces/lib/libmy_robot_interfaces__rosidl_typesupport_cpp.so" to ""
[3.997s] -- Up-to-date: /home/alrraf/Code/learning/ros2_ws/install/my_robot_interfaces/share/my_robot_interfaces/environment/pythonpath.sh
[3.997s] -- Installing: /home/alrraf/Code/learning/ros2_ws/install/my_robot_interfaces/share/my_robot_interfaces/environment/pythonpath.dsv
[3.997s] -- Up-to-date: /home/alrraf/Code/learning/ros2_ws/install/my_robot_interfaces/local/lib/python3.10/dist-packages/my_robot_interfaces-0.0.0-py3.10.egg-info
[3.997s] -- Installing: /home/alrraf/Code/learning/ros2_ws/install/my_robot_interfaces/local/lib/python3.10/dist-packages/my_robot_interfaces-0.0.0-py3.10.egg-info/PKG-INFO
[3.997s] -- Installing: /home/alrraf/Code/learning/ros2_ws/install/my_robot_interfaces/local/lib/python3.10/dist-packages/my_robot_interfaces-0.0.0-py3.10.egg-info/top_level.txt
[3.997s] -- Installing: /home/alrraf/Code/learning/ros2_ws/install/my_robot_interfaces/local/lib/python3.10/dist-packages/my_robot_interfaces-0.0.0-py3.10.egg-info/dependency_links.txt
[3.997s] -- Installing: /home/alrraf/Code/learning/ros2_ws/install/my_robot_interfaces/local/lib/python3.10/dist-packages/my_robot_interfaces-0.0.0-py3.10.egg-info/SOURCES.txt
[3.997s] -- Up-to-date: /home/alrraf/Code/learning/ros2_ws/install/my_robot_interfaces/local/lib/python3.10/dist-packages/my_robot_interfaces
[3.998s] -- Installing: /home/alrraf/Code/learning/ros2_ws/install/my_robot_interfaces/local/lib/python3.10/dist-packages/my_robot_interfaces/__init__.py
[3.998s] -- Installing: /home/alrraf/Code/learning/ros2_ws/install/my_robot_interfaces/local/lib/python3.10/dist-packages/my_robot_interfaces/_my_robot_interfaces_s.ep.rosidl_typesupport_introspection_c.c
[3.998s] -- Installing: /home/alrraf/Code/learning/ros2_ws/install/my_robot_interfaces/local/lib/python3.10/dist-packages/my_robot_interfaces/_my_robot_interfaces_s.ep.rosidl_typesupport_c.c
[3.998s] -- Installing: /home/alrraf/Code/learning/ros2_ws/install/my_robot_interfaces/local/lib/python3.10/dist-packages/my_robot_interfaces/_my_robot_interfaces_s.ep.rosidl_typesupport_fastrtps_c.c
[3.998s] -- Installing: /home/alrraf/Code/learning/ros2_ws/install/my_robot_interfaces/local/lib/python3.10/dist-packages/my_robot_interfaces/my_robot_interfaces_s__rosidl_typesupport_introspection_c.cpython-310-x86_64-linux-gnu.so
[3.998s] -- Up-to-date: /home/alrraf/Code/learning/ros2_ws/install/my_robot_interfaces/local/lib/python3.10/dist-packages/my_robot_interfaces/srv
[3.998s] -- Installing: /home/alrraf/Code/learning/ros2_ws/install/my_robot_interfaces/local/lib/python3.10/dist-packages/my_robot_interfaces/srv/_battery_status.py
[3.998s] -- Installing: /home/alrraf/Code/learning/ros2_ws/install/my_robot_interfaces/local/lib/python3.10/dist-packages/my_robot_interfaces/srv/__init__.py
[3.998s] -- Installing: /home/alrraf/Code/learning/ros2_ws/install/my_robot_interfaces/local/lib/python3.10/dist-packages/my_robot_interfaces/srv/_compute_rectangle_area.py
[3.998s] -- Installing: /home/alrraf/Code/learning/ros2_ws/install/my_robot_interfaces/local/lib/python3.10/dist-packages/my_robot_interfaces/srv/_battery_status_s.c
[3.998s] -- Installing: /home/alrraf/Code/learning/ros2_ws/install/my_robot_interfaces/local/lib/python3.10/dist-packages/my_robot_interfaces/srv/_compute_rectangle_area_s.c
[3.998s] -- Up-to-date: /home/alrraf/Code/learning/ros2_ws/install/my_robot_interfaces/local/lib/python3.10/dist-packages/my_robot_interfaces/msg
[3.999s] -- Installing: /home/alrraf/Code/learning/ros2_ws/install/my_robot_interfaces/local/lib/python3.10/dist-packages/my_robot_interfaces/msg/__init__.py
[3.999s] -- Installing: /home/alrraf/Code/learning/ros2_ws/install/my_robot_interfaces/local/lib/python3.10/dist-packages/my_robot_interfaces/msg/_hard_ware_status_s.c
[3.999s] -- Installing: /home/alrraf/Code/learning/ros2_ws/install/my_robot_interfaces/local/lib/python3.10/dist-packages/my_robot_interfaces/msg/_led_status_s.c
[3.999s] -- Installing: /home/alrraf/Code/learning/ros2_ws/install/my_robot_interfaces/local/lib/python3.10/dist-packages/my_robot_interfaces/msg/_hard_ware_status.py
[3.999s] -- Installing: /home/alrraf/Code/learning/ros2_ws/install/my_robot_interfaces/local/lib/python3.10/dist-packages/my_robot_interfaces/msg/_led_status.py
[3.999s] -- Installing: /home/alrraf/Code/learning/ros2_ws/install/my_robot_interfaces/local/lib/python3.10/dist-packages/my_robot_interfaces/libmy_robot_interfaces__rosidl_generator_py.so
[3.999s] -- Installing: /home/alrraf/Code/learning/ros2_ws/install/my_robot_interfaces/local/lib/python3.10/dist-packages/my_robot_interfaces/my_robot_interfaces_s__rosidl_typesupport_c.cpython-310-x86_64-linux-gnu.so
[3.999s] -- Installing: /home/alrraf/Code/learning/ros2_ws/install/my_robot_interfaces/local/lib/python3.10/dist-packages/my_robot_interfaces/my_robot_interfaces_s__rosidl_typesupport_fastrtps_c.cpython-310-x86_64-linux-gnu.so
[4.031s] Listing '/home/alrraf/Code/learning/ros2_ws/install/my_robot_interfaces/local/lib/python3.10/dist-packages/my_robot_interfaces'...
[4.032s] Compiling '/home/alrraf/Code/learning/ros2_ws/install/my_robot_interfaces/local/lib/python3.10/dist-packages/my_robot_interfaces/__init__.py'...
[4.032s] Listing '/home/alrraf/Code/learning/ros2_ws/install/my_robot_interfaces/local/lib/python3.10/dist-packages/my_robot_interfaces/msg'...
[4.032s] Compiling '/home/alrraf/Code/learning/ros2_ws/install/my_robot_interfaces/local/lib/python3.10/dist-packages/my_robot_interfaces/msg/__init__.py'...
[4.032s] Compiling '/home/alrraf/Code/learning/ros2_ws/install/my_robot_interfaces/local/lib/python3.10/dist-packages/my_robot_interfaces/msg/_hard_ware_status.py'...
[4.032s] Compiling '/home/alrraf/Code/learning/ros2_ws/install/my_robot_interfaces/local/lib/python3.10/dist-packages/my_robot_interfaces/msg/_led_status.py'...
[4.033s] Listing '/home/alrraf/Code/learning/ros2_ws/install/my_robot_interfaces/local/lib/python3.10/dist-packages/my_robot_interfaces/srv'...
[4.033s] Compiling '/home/alrraf/Code/learning/ros2_ws/install/my_robot_interfaces/local/lib/python3.10/dist-packages/my_robot_interfaces/srv/__init__.py'...
[4.033s] Compiling '/home/alrraf/Code/learning/ros2_ws/install/my_robot_interfaces/local/lib/python3.10/dist-packages/my_robot_interfaces/srv/_battery_status.py'...
[4.033s] Compiling '/home/alrraf/Code/learning/ros2_ws/install/my_robot_interfaces/local/lib/python3.10/dist-packages/my_robot_interfaces/srv/_compute_rectangle_area.py'...
[4.035s] -- Installing: /home/alrraf/Code/learning/ros2_ws/install/my_robot_interfaces/local/lib/python3.10/dist-packages/my_robot_interfaces/my_robot_interfaces_s__rosidl_typesupport_fastrtps_c.cpython-310-x86_64-linux-gnu.so
[4.036s] -- Set runtime path of "/home/alrraf/Code/learning/ros2_ws/install/my_robot_interfaces/local/lib/python3.10/dist-packages/my_robot_interfaces/my_robot_interfaces_s__rosidl_typesupport_fastrtps_c.cpython-310-x86_64-linux-gnu.so" to ""
[4.036s] -- Installing: /home/alrraf/Code/learning/ros2_ws/install/my_robot_interfaces/local/lib/python3.10/dist-packages/my_robot_interfaces/my_robot_interfaces_s__rosidl_typesupport_introspection_c.cpython-310-x86_64-linux-gnu.so
[4.037s] -- Set runtime path of "/home/alrraf/Code/learning/ros2_ws/install/my_robot_interfaces/local/lib/python3.10/dist-packages/my_robot_interfaces/my_robot_interfaces_s__rosidl_typesupport_introspection_c.cpython-310-x86_64-linux-gnu.so" to ""
[4.037s] -- Installing: /home/alrraf/Code/learning/ros2_ws/install/my_robot_interfaces/local/lib/python3.10/dist-packages/my_robot_interfaces/my_robot_interfaces_s__rosidl_typesupport_c.cpython-310-x86_64-linux-gnu.so
[4.037s] -- Set runtime path of "/home/alrraf/Code/learning/ros2_ws/install/my_robot_interfaces/local/lib/python3.10/dist-packages/my_robot_interfaces/my_robot_interfaces_s__rosidl_typesupport_c.cpython-310-x86_64-linux-gnu.so" to ""
[4.037s] -- Installing: /home/alrraf/Code/learning/ros2_ws/install/my_robot_interfaces/lib/libmy_robot_interfaces__rosidl_generator_py.so
[4.037s] -- Set runtime path of "/home/alrraf/Code/learning/ros2_ws/install/my_robot_interfaces/lib/libmy_robot_interfaces__rosidl_generator_py.so" to ""
[4.037s] -- Up-to-date: /home/alrraf/Code/learning/ros2_ws/install/my_robot_interfaces/share/my_robot_interfaces/msg/HardWareStatus.idl
[4.037s] -- Installing: /home/alrraf/Code/learning/ros2_ws/install/my_robot_interfaces/share/my_robot_interfaces/msg/LedStatus.idl
[4.038s] -- Up-to-date: /home/alrraf/Code/learning/ros2_ws/install/my_robot_interfaces/share/my_robot_interfaces/srv/ComputeRectangleArea.idl
[4.038s] -- Up-to-date: /home/alrraf/Code/learning/ros2_ws/install/my_robot_interfaces/share/my_robot_interfaces/srv/BatteryStatus.idl
[4.038s] -- Up-to-date: /home/alrraf/Code/learning/ros2_ws/install/my_robot_interfaces/share/my_robot_interfaces/msg/HardWareStatus.msg
[4.038s] -- Installing: /home/alrraf/Code/learning/ros2_ws/install/my_robot_interfaces/share/my_robot_interfaces/msg/LedStatus.msg
[4.038s] -- Up-to-date: /home/alrraf/Code/learning/ros2_ws/install/my_robot_interfaces/share/my_robot_interfaces/srv/ComputeRectangleArea.srv
[4.038s] -- Up-to-date: /home/alrraf/Code/learning/ros2_ws/install/my_robot_interfaces/share/my_robot_interfaces/srv/ComputeRectangleArea_Request.msg
[4.038s] -- Up-to-date: /home/alrraf/Code/learning/ros2_ws/install/my_robot_interfaces/share/my_robot_interfaces/srv/ComputeRectangleArea_Response.msg
[4.039s] -- Up-to-date: /home/alrraf/Code/learning/ros2_ws/install/my_robot_interfaces/share/my_robot_interfaces/srv/BatteryStatus.srv
[4.039s] -- Up-to-date: /home/alrraf/Code/learning/ros2_ws/install/my_robot_interfaces/share/my_robot_interfaces/srv/BatteryStatus_Request.msg
[4.039s] -- Up-to-date: /home/alrraf/Code/learning/ros2_ws/install/my_robot_interfaces/share/my_robot_interfaces/srv/BatteryStatus_Response.msg
[4.039s] -- Up-to-date: /home/alrraf/Code/learning/ros2_ws/install/my_robot_interfaces/share/ament_index/resource_index/package_run_dependencies/my_robot_interfaces
[4.039s] -- Up-to-date: /home/alrraf/Code/learning/ros2_ws/install/my_robot_interfaces/share/ament_index/resource_index/parent_prefix_path/my_robot_interfaces
[4.039s] -- Up-to-date: /home/alrraf/Code/learning/ros2_ws/install/my_robot_interfaces/share/my_robot_interfaces/environment/ament_prefix_path.sh
[4.040s] -- Installing: /home/alrraf/Code/learning/ros2_ws/install/my_robot_interfaces/share/my_robot_interfaces/environment/ament_prefix_path.dsv
[4.040s] -- Up-to-date: /home/alrraf/Code/learning/ros2_ws/install/my_robot_interfaces/share/my_robot_interfaces/environment/path.sh
[4.040s] -- Installing: /home/alrraf/Code/learning/ros2_ws/install/my_robot_interfaces/share/my_robot_interfaces/environment/path.dsv
[4.040s] -- Up-to-date: /home/alrraf/Code/learning/ros2_ws/install/my_robot_interfaces/share/my_robot_interfaces/local_setup.bash
[4.040s] -- Up-to-date: /home/alrraf/Code/learning/ros2_ws/install/my_robot_interfaces/share/my_robot_interfaces/local_setup.sh
[4.040s] -- Up-to-date: /home/alrraf/Code/learning/ros2_ws/install/my_robot_interfaces/share/my_robot_interfaces/local_setup.zsh
[4.041s] -- Installing: /home/alrraf/Code/learning/ros2_ws/install/my_robot_interfaces/share/my_robot_interfaces/local_setup.dsv
[4.041s] -- Installing: /home/alrraf/Code/learning/ros2_ws/install/my_robot_interfaces/share/my_robot_interfaces/package.dsv
[4.041s] -- Up-to-date: /home/alrraf/Code/learning/ros2_ws/install/my_robot_interfaces/share/ament_index/resource_index/packages/my_robot_interfaces
[4.041s] -- Up-to-date: /home/alrraf/Code/learning/ros2_ws/install/my_robot_interfaces/share/my_robot_interfaces/cmake/export_my_robot_interfaces__rosidl_generator_cExport.cmake
[4.041s] -- Up-to-date: /home/alrraf/Code/learning/ros2_ws/install/my_robot_interfaces/share/my_robot_interfaces/cmake/export_my_robot_interfaces__rosidl_generator_cExport-noconfig.cmake
[4.041s] -- Up-to-date: /home/alrraf/Code/learning/ros2_ws/install/my_robot_interfaces/share/my_robot_interfaces/cmake/export_my_robot_interfaces__rosidl_typesupport_fastrtps_cExport.cmake
[4.042s] -- Up-to-date: /home/alrraf/Code/learning/ros2_ws/install/my_robot_interfaces/share/my_robot_interfaces/cmake/export_my_robot_interfaces__rosidl_typesupport_fastrtps_cExport-noconfig.cmake
[4.042s] -- Up-to-date: /home/alrraf/Code/learning/ros2_ws/install/my_robot_interfaces/share/my_robot_interfaces/cmake/my_robot_interfaces__rosidl_typesupport_introspection_cExport.cmake
[4.042s] -- Up-to-date: /home/alrraf/Code/learning/ros2_ws/install/my_robot_interfaces/share/my_robot_interfaces/cmake/my_robot_interfaces__rosidl_typesupport_introspection_cExport-noconfig.cmake
[4.042s] -- Up-to-date: /home/alrraf/Code/learning/ros2_ws/install/my_robot_interfaces/share/my_robot_interfaces/cmake/my_robot_interfaces__rosidl_typesupport_cExport.cmake
[4.042s] -- Up-to-date: /home/alrraf/Code/learning/ros2_ws/install/my_robot_interfaces/share/my_robot_interfaces/cmake/my_robot_interfaces__rosidl_typesupport_cExport-noconfig.cmake
[4.042s] -- Up-to-date: /home/alrraf/Code/learning/ros2_ws/install/my_robot_interfaces/share/my_robot_interfaces/cmake/export_my_robot_interfaces__rosidl_generator_cppExport.cmake
[4.043s] -- Up-to-date: /home/alrraf/Code/learning/ros2_ws/install/my_robot_interfaces/share/my_robot_interfaces/cmake/export_my_robot_interfaces__rosidl_typesupport_fastrtps_cppExport.cmake
[4.043s] -- Up-to-date: /home/alrraf/Code/learning/ros2_ws/install/my_robot_interfaces/share/my_robot_interfaces/cmake/export_my_robot_interfaces__rosidl_typesupport_fastrtps_cppExport-noconfig.cmake
[4.043s] -- Up-to-date: /home/alrraf/Code/learning/ros2_ws/install/my_robot_interfaces/share/my_robot_interfaces/cmake/my_robot_interfaces__rosidl_typesupport_introspection_cppExport.cmake
[4.044s] -- Up-to-date: /home/alrraf/Code/learning/ros2_ws/install/my_robot_interfaces/share/my_robot_interfaces/cmake/my_robot_interfaces__rosidl_typesupport_introspection_cppExport-noconfig.cmake
[4.045s] -- Up-to-date: /home/alrraf/Code/learning/ros2_ws/install/my_robot_interfaces/share/my_robot_interfaces/cmake/my_robot_interfaces__rosidl_typesupport_cppExport.cmake
[4.045s] -- Up-to-date: /home/alrraf/Code/learning/ros2_ws/install/my_robot_interfaces/share/my_robot_interfaces/cmake/my_robot_interfaces__rosidl_typesupport_cppExport-noconfig.cmake
[4.045s] -- Up-to-date: /home/alrraf/Code/learning/ros2_ws/install/my_robot_interfaces/share/my_robot_interfaces/cmake/export_my_robot_interfaces__rosidl_generator_pyExport.cmake
[4.046s] -- Up-to-date: /home/alrraf/Code/learning/ros2_ws/install/my_robot_interfaces/share/my_robot_interfaces/cmake/export_my_robot_interfaces__rosidl_generator_pyExport-noconfig.cmake
[4.046s] -- Installing: /home/alrraf/Code/learning/ros2_ws/install/my_robot_interfaces/share/my_robot_interfaces/cmake/rosidl_cmake-extras.cmake
[4.047s] -- Up-to-date: /home/alrraf/Code/learning/ros2_ws/install/my_robot_interfaces/share/my_robot_interfaces/cmake/ament_cmake_export_include_directories-extras.cmake
[4.047s] -- Up-to-date: /home/alrraf/Code/learning/ros2_ws/install/my_robot_interfaces/share/my_robot_interfaces/cmake/ament_cmake_export_libraries-extras.cmake
[4.048s] -- Up-to-date: /home/alrraf/Code/learning/ros2_ws/install/my_robot_interfaces/share/my_robot_interfaces/cmake/ament_cmake_export_targets-extras.cmake
[4.048s] -- Up-to-date: /home/alrraf/Code/learning/ros2_ws/install/my_robot_interfaces/share/my_robot_interfaces/cmake/rosidl_cmake_export_typesupport_targets-extras.cmake
[4.048s] -- Up-to-date: /home/alrraf/Code/learning/ros2_ws/install/my_robot_interfaces/share/my_robot_interfaces/cmake/ament_cmake_export_dependencies-extras.cmake
[4.049s] -- Up-to-date: /home/alrraf/Code/learning/ros2_ws/install/my_robot_interfaces/share/my_robot_interfaces/cmake/rosidl_cmake_export_typesupport_libraries-extras.cmake
[4.049s] -- Up-to-date: /home/alrraf/Code/learning/ros2_ws/install/my_robot_interfaces/share/my_robot_interfaces/cmake/my_robot_interfacesConfig.cmake
[4.050s] -- Up-to-date: /home/alrraf/Code/learning/ros2_ws/install/my_robot_interfaces/share/my_robot_interfaces/cmake/my_robot_interfacesConfig-version.cmake
[4.050s] -- Up-to-date: /home/alrraf/Code/learning/ros2_ws/install/my_robot_interfaces/share/my_robot_interfaces/package.xml
[4.050s] Invoked command in '/home/alrraf/Code/learning/ros2_ws/build/my_robot_interfaces' returned '0': CMAKE_PREFIX_PATH=${CMAKE_PREFIX_PATH}:/home/alrraf/Code/learning/ros2_ws/install/my_py_pkg:/home/alrraf/ros2_ws/install/my_py_pkg:/opt/ros/humble /usr/bin/cmake --install /home/alrraf/Code/learning/ros2_ws/build/my_robot_interfaces
