[0.249s] DEBUG:colcon:Command line arguments: ['/usr/bin/colcon', 'build']
[0.249s] DEBUG:colcon:Parsed command line arguments: Namespace(log_base=None, log_level=None, verb_name='build', build_base='build', install_base='install', merge_install=False, symlink_install=False, test_result_base=None, continue_on_error=False, executor='parallel', parallel_workers=12, event_handlers=None, ignore_user_meta=False, metas=['./colcon.meta'], base_paths=['.'], packages_ignore=None, packages_ignore_regex=None, paths=None, packages_up_to=None, packages_up_to_regex=None, packages_above=None, packages_above_and_dependencies=None, packages_above_depth=None, packages_select_by_dep=None, packages_skip_by_dep=None, packages_skip_up_to=None, packages_select_build_failed=False, packages_skip_build_finished=False, packages_select_test_failures=False, packages_skip_test_passed=False, packages_select=None, packages_skip=None, packages_select_regex=None, packages_skip_regex=None, packages_start=None, packages_end=None, allow_overriding=[], cmake_args=None, cmake_target=None, cmake_target_skip_unavailable=False, cmake_clean_cache=False, cmake_clean_first=False, cmake_force_configure=False, ament_cmake_args=None, catkin_cmake_args=None, catkin_skip_building_tests=False, verb_parser=<colcon_defaults.argument_parser.defaults.DefaultArgumentsDecorator object at 0x7f99f0fe18a0>, verb_extension=<colcon_core.verb.build.BuildVerb object at 0x7f99f192c610>, main=<bound method BuildVerb.main of <colcon_core.verb.build.BuildVerb object at 0x7f99f192c610>>)
[0.268s] Level 1:colcon.colcon_core.package_discovery:discover_packages(colcon_meta) check parameters
[0.268s] Level 1:colcon.colcon_core.package_discovery:discover_packages(recursive) check parameters
[0.268s] Level 1:colcon.colcon_core.package_discovery:discover_packages(ignore) check parameters
[0.268s] Level 1:colcon.colcon_core.package_discovery:discover_packages(path) check parameters
[0.268s] Level 1:colcon.colcon_core.package_discovery:discover_packages(colcon_meta) discover
[0.268s] Level 1:colcon.colcon_core.package_discovery:discover_packages(recursive) discover
[0.268s] INFO:colcon.colcon_core.package_discovery:Crawling recursively for packages in '/home/alrraf/Code/learning/ros2_ws'
[0.268s] Level 1:colcon.colcon_core.package_identification:_identify(.) by extensions ['ignore', 'ignore_ament_install']
[0.269s] Level 1:colcon.colcon_core.package_identification:_identify(.) by extension 'ignore'
[0.269s] Level 1:colcon.colcon_core.package_identification:_identify(.) by extension 'ignore_ament_install'
[0.269s] Level 1:colcon.colcon_core.package_identification:_identify(.) by extensions ['colcon_pkg']
[0.269s] Level 1:colcon.colcon_core.package_identification:_identify(.) by extension 'colcon_pkg'
[0.269s] Level 1:colcon.colcon_core.package_identification:_identify(.) by extensions ['colcon_meta']
[0.269s] Level 1:colcon.colcon_core.package_identification:_identify(.) by extension 'colcon_meta'
[0.269s] Level 1:colcon.colcon_core.package_identification:_identify(.) by extensions ['ros']
[0.269s] Level 1:colcon.colcon_core.package_identification:_identify(.) by extension 'ros'
[0.292s] Level 1:colcon.colcon_core.package_identification:_identify(.) by extensions ['cmake', 'python']
[0.292s] Level 1:colcon.colcon_core.package_identification:_identify(.) by extension 'cmake'
[0.293s] Level 1:colcon.colcon_core.package_identification:_identify(.) by extension 'python'
[0.293s] Level 1:colcon.colcon_core.package_identification:_identify(.) by extensions ['python_setup_py']
[0.293s] Level 1:colcon.colcon_core.package_identification:_identify(.) by extension 'python_setup_py'
[0.293s] Level 1:colcon.colcon_core.package_identification:_identify(build) by extensions ['ignore', 'ignore_ament_install']
[0.293s] Level 1:colcon.colcon_core.package_identification:_identify(build) by extension 'ignore'
[0.293s] Level 1:colcon.colcon_core.package_identification:_identify(build) ignored
[0.293s] Level 1:colcon.colcon_core.package_identification:_identify(install) by extensions ['ignore', 'ignore_ament_install']
[0.293s] Level 1:colcon.colcon_core.package_identification:_identify(install) by extension 'ignore'
[0.293s] Level 1:colcon.colcon_core.package_identification:_identify(install) ignored
[0.293s] Level 1:colcon.colcon_core.package_identification:_identify(log) by extensions ['ignore', 'ignore_ament_install']
[0.293s] Level 1:colcon.colcon_core.package_identification:_identify(log) by extension 'ignore'
[0.293s] Level 1:colcon.colcon_core.package_identification:_identify(log) ignored
[0.293s] Level 1:colcon.colcon_core.package_identification:_identify(src) by extensions ['ignore', 'ignore_ament_install']
[0.293s] Level 1:colcon.colcon_core.package_identification:_identify(src) by extension 'ignore'
[0.293s] Level 1:colcon.colcon_core.package_identification:_identify(src) by extension 'ignore_ament_install'
[0.293s] Level 1:colcon.colcon_core.package_identification:_identify(src) by extensions ['colcon_pkg']
[0.293s] Level 1:colcon.colcon_core.package_identification:_identify(src) by extension 'colcon_pkg'
[0.294s] Level 1:colcon.colcon_core.package_identification:_identify(src) by extensions ['colcon_meta']
[0.294s] Level 1:colcon.colcon_core.package_identification:_identify(src) by extension 'colcon_meta'
[0.294s] Level 1:colcon.colcon_core.package_identification:_identify(src) by extensions ['ros']
[0.294s] Level 1:colcon.colcon_core.package_identification:_identify(src) by extension 'ros'
[0.294s] Level 1:colcon.colcon_core.package_identification:_identify(src) by extensions ['cmake', 'python']
[0.294s] Level 1:colcon.colcon_core.package_identification:_identify(src) by extension 'cmake'
[0.294s] Level 1:colcon.colcon_core.package_identification:_identify(src) by extension 'python'
[0.294s] Level 1:colcon.colcon_core.package_identification:_identify(src) by extensions ['python_setup_py']
[0.294s] Level 1:colcon.colcon_core.package_identification:_identify(src) by extension 'python_setup_py'
[0.294s] Level 1:colcon.colcon_core.package_identification:_identify(src/my_cpp_pkg) by extensions ['ignore', 'ignore_ament_install']
[0.294s] Level 1:colcon.colcon_core.package_identification:_identify(src/my_cpp_pkg) by extension 'ignore'
[0.294s] Level 1:colcon.colcon_core.package_identification:_identify(src/my_cpp_pkg) by extension 'ignore_ament_install'
[0.294s] Level 1:colcon.colcon_core.package_identification:_identify(src/my_cpp_pkg) by extensions ['colcon_pkg']
[0.294s] Level 1:colcon.colcon_core.package_identification:_identify(src/my_cpp_pkg) by extension 'colcon_pkg'
[0.294s] Level 1:colcon.colcon_core.package_identification:_identify(src/my_cpp_pkg) by extensions ['colcon_meta']
[0.294s] Level 1:colcon.colcon_core.package_identification:_identify(src/my_cpp_pkg) by extension 'colcon_meta'
[0.294s] Level 1:colcon.colcon_core.package_identification:_identify(src/my_cpp_pkg) by extensions ['ros']
[0.294s] Level 1:colcon.colcon_core.package_identification:_identify(src/my_cpp_pkg) by extension 'ros'
[0.296s] DEBUG:colcon.colcon_core.package_identification:Package 'src/my_cpp_pkg' with type 'ros.ament_cmake' and name 'my_cpp_pkg'
[0.297s] Level 1:colcon.colcon_core.package_identification:_identify(src/my_py_pkg) by extensions ['ignore', 'ignore_ament_install']
[0.297s] Level 1:colcon.colcon_core.package_identification:_identify(src/my_py_pkg) by extension 'ignore'
[0.297s] Level 1:colcon.colcon_core.package_identification:_identify(src/my_py_pkg) by extension 'ignore_ament_install'
[0.297s] Level 1:colcon.colcon_core.package_identification:_identify(src/my_py_pkg) by extensions ['colcon_pkg']
[0.297s] Level 1:colcon.colcon_core.package_identification:_identify(src/my_py_pkg) by extension 'colcon_pkg'
[0.297s] Level 1:colcon.colcon_core.package_identification:_identify(src/my_py_pkg) by extensions ['colcon_meta']
[0.297s] Level 1:colcon.colcon_core.package_identification:_identify(src/my_py_pkg) by extension 'colcon_meta'
[0.297s] Level 1:colcon.colcon_core.package_identification:_identify(src/my_py_pkg) by extensions ['ros']
[0.297s] Level 1:colcon.colcon_core.package_identification:_identify(src/my_py_pkg) by extension 'ros'
[0.298s] DEBUG:colcon.colcon_core.package_identification:Package 'src/my_py_pkg' with type 'ros.ament_python' and name 'my_py_pkg'
[0.298s] Level 1:colcon.colcon_core.package_identification:_identify(src/my_robot_interfaces) by extensions ['ignore', 'ignore_ament_install']
[0.298s] Level 1:colcon.colcon_core.package_identification:_identify(src/my_robot_interfaces) by extension 'ignore'
[0.298s] Level 1:colcon.colcon_core.package_identification:_identify(src/my_robot_interfaces) by extension 'ignore_ament_install'
[0.298s] Level 1:colcon.colcon_core.package_identification:_identify(src/my_robot_interfaces) by extensions ['colcon_pkg']
[0.298s] Level 1:colcon.colcon_core.package_identification:_identify(src/my_robot_interfaces) by extension 'colcon_pkg'
[0.298s] Level 1:colcon.colcon_core.package_identification:_identify(src/my_robot_interfaces) by extensions ['colcon_meta']
[0.298s] Level 1:colcon.colcon_core.package_identification:_identify(src/my_robot_interfaces) by extension 'colcon_meta'
[0.298s] Level 1:colcon.colcon_core.package_identification:_identify(src/my_robot_interfaces) by extensions ['ros']
[0.298s] Level 1:colcon.colcon_core.package_identification:_identify(src/my_robot_interfaces) by extension 'ros'
[0.298s] DEBUG:colcon.colcon_core.package_identification:Package 'src/my_robot_interfaces' with type 'ros.ament_cmake' and name 'my_robot_interfaces'
[0.298s] Level 1:colcon.colcon_core.package_discovery:discover_packages(recursive) using defaults
[0.298s] Level 1:colcon.colcon_core.package_discovery:discover_packages(ignore) discover
[0.298s] Level 1:colcon.colcon_core.package_discovery:discover_packages(ignore) using defaults
[0.298s] Level 1:colcon.colcon_core.package_discovery:discover_packages(path) discover
[0.298s] Level 1:colcon.colcon_core.package_discovery:discover_packages(path) using defaults
[0.317s] Level 1:colcon.colcon_core.package_discovery:discover_packages(prefix_path) check parameters
[0.317s] Level 1:colcon.colcon_core.package_discovery:discover_packages(prefix_path) discover
[0.319s] DEBUG:colcon.colcon_installed_package_information.package_discovery:Found 3 installed packages in /home/alrraf/Code/learning/ros2_ws/install
[0.320s] DEBUG:colcon.colcon_installed_package_information.package_discovery:Found 2 installed packages in /home/alrraf/ros2_ws/install
[0.321s] DEBUG:colcon.colcon_installed_package_information.package_discovery:Found 270 installed packages in /opt/ros/humble
[0.323s] Level 1:colcon.colcon_core.package_discovery:discover_packages(prefix_path) using defaults
[0.372s] Level 5:colcon.colcon_core.verb:set package 'my_robot_interfaces' build argument 'cmake_args' from command line to 'None'
[0.372s] Level 5:colcon.colcon_core.verb:set package 'my_robot_interfaces' build argument 'cmake_target' from command line to 'None'
[0.372s] Level 5:colcon.colcon_core.verb:set package 'my_robot_interfaces' build argument 'cmake_target_skip_unavailable' from command line to 'False'
[0.372s] Level 5:colcon.colcon_core.verb:set package 'my_robot_interfaces' build argument 'cmake_clean_cache' from command line to 'False'
[0.372s] Level 5:colcon.colcon_core.verb:set package 'my_robot_interfaces' build argument 'cmake_clean_first' from command line to 'False'
[0.372s] Level 5:colcon.colcon_core.verb:set package 'my_robot_interfaces' build argument 'cmake_force_configure' from command line to 'False'
[0.372s] Level 5:colcon.colcon_core.verb:set package 'my_robot_interfaces' build argument 'ament_cmake_args' from command line to 'None'
[0.372s] Level 5:colcon.colcon_core.verb:set package 'my_robot_interfaces' build argument 'catkin_cmake_args' from command line to 'None'
[0.372s] Level 5:colcon.colcon_core.verb:set package 'my_robot_interfaces' build argument 'catkin_skip_building_tests' from command line to 'False'
[0.372s] DEBUG:colcon.colcon_core.verb:Building package 'my_robot_interfaces' with the following arguments: {'ament_cmake_args': None, 'build_base': '/home/alrraf/Code/learning/ros2_ws/build/my_robot_interfaces', 'catkin_cmake_args': None, 'catkin_skip_building_tests': False, 'cmake_args': None, 'cmake_clean_cache': False, 'cmake_clean_first': False, 'cmake_force_configure': False, 'cmake_target': None, 'cmake_target_skip_unavailable': False, 'install_base': '/home/alrraf/Code/learning/ros2_ws/install/my_robot_interfaces', 'merge_install': False, 'path': '/home/alrraf/Code/learning/ros2_ws/src/my_robot_interfaces', 'symlink_install': False, 'test_result_base': None}
[0.374s] Level 5:colcon.colcon_core.verb:set package 'my_cpp_pkg' build argument 'cmake_args' from command line to 'None'
[0.374s] Level 5:colcon.colcon_core.verb:set package 'my_cpp_pkg' build argument 'cmake_target' from command line to 'None'
[0.374s] Level 5:colcon.colcon_core.verb:set package 'my_cpp_pkg' build argument 'cmake_target_skip_unavailable' from command line to 'False'
[0.374s] Level 5:colcon.colcon_core.verb:set package 'my_cpp_pkg' build argument 'cmake_clean_cache' from command line to 'False'
[0.374s] Level 5:colcon.colcon_core.verb:set package 'my_cpp_pkg' build argument 'cmake_clean_first' from command line to 'False'
[0.374s] Level 5:colcon.colcon_core.verb:set package 'my_cpp_pkg' build argument 'cmake_force_configure' from command line to 'False'
[0.374s] Level 5:colcon.colcon_core.verb:set package 'my_cpp_pkg' build argument 'ament_cmake_args' from command line to 'None'
[0.374s] Level 5:colcon.colcon_core.verb:set package 'my_cpp_pkg' build argument 'catkin_cmake_args' from command line to 'None'
[0.374s] Level 5:colcon.colcon_core.verb:set package 'my_cpp_pkg' build argument 'catkin_skip_building_tests' from command line to 'False'
[0.374s] DEBUG:colcon.colcon_core.verb:Building package 'my_cpp_pkg' with the following arguments: {'ament_cmake_args': None, 'build_base': '/home/alrraf/Code/learning/ros2_ws/build/my_cpp_pkg', 'catkin_cmake_args': None, 'catkin_skip_building_tests': False, 'cmake_args': None, 'cmake_clean_cache': False, 'cmake_clean_first': False, 'cmake_force_configure': False, 'cmake_target': None, 'cmake_target_skip_unavailable': False, 'install_base': '/home/alrraf/Code/learning/ros2_ws/install/my_cpp_pkg', 'merge_install': False, 'path': '/home/alrraf/Code/learning/ros2_ws/src/my_cpp_pkg', 'symlink_install': False, 'test_result_base': None}
[0.375s] Level 5:colcon.colcon_core.verb:set package 'my_py_pkg' build argument 'cmake_args' from command line to 'None'
[0.375s] Level 5:colcon.colcon_core.verb:set package 'my_py_pkg' build argument 'cmake_target' from command line to 'None'
[0.375s] Level 5:colcon.colcon_core.verb:set package 'my_py_pkg' build argument 'cmake_target_skip_unavailable' from command line to 'False'
[0.375s] Level 5:colcon.colcon_core.verb:set package 'my_py_pkg' build argument 'cmake_clean_cache' from command line to 'False'
[0.375s] Level 5:colcon.colcon_core.verb:set package 'my_py_pkg' build argument 'cmake_clean_first' from command line to 'False'
[0.375s] Level 5:colcon.colcon_core.verb:set package 'my_py_pkg' build argument 'cmake_force_configure' from command line to 'False'
[0.375s] Level 5:colcon.colcon_core.verb:set package 'my_py_pkg' build argument 'ament_cmake_args' from command line to 'None'
[0.375s] Level 5:colcon.colcon_core.verb:set package 'my_py_pkg' build argument 'catkin_cmake_args' from command line to 'None'
[0.375s] Level 5:colcon.colcon_core.verb:set package 'my_py_pkg' build argument 'catkin_skip_building_tests' from command line to 'False'
[0.375s] DEBUG:colcon.colcon_core.verb:Building package 'my_py_pkg' with the following arguments: {'ament_cmake_args': None, 'build_base': '/home/alrraf/Code/learning/ros2_ws/build/my_py_pkg', 'catkin_cmake_args': None, 'catkin_skip_building_tests': False, 'cmake_args': None, 'cmake_clean_cache': False, 'cmake_clean_first': False, 'cmake_force_configure': False, 'cmake_target': None, 'cmake_target_skip_unavailable': False, 'install_base': '/home/alrraf/Code/learning/ros2_ws/install/my_py_pkg', 'merge_install': False, 'path': '/home/alrraf/Code/learning/ros2_ws/src/my_py_pkg', 'symlink_install': False, 'test_result_base': None}
[0.375s] INFO:colcon.colcon_core.executor:Executing jobs using 'parallel' executor
[0.378s] DEBUG:colcon.colcon_parallel_executor.executor.parallel:run_until_complete
[0.378s] INFO:colcon.colcon_ros.task.ament_cmake.build:Building ROS package in '/home/alrraf/Code/learning/ros2_ws/src/my_robot_interfaces' with build type 'ament_cmake'
[0.378s] INFO:colcon.colcon_cmake.task.cmake.build:Building CMake package in '/home/alrraf/Code/learning/ros2_ws/src/my_robot_interfaces'
[0.382s] INFO:colcon.colcon_core.plugin_system:Skipping extension 'colcon_core.shell.bat': Not used on non-Windows systems
[0.383s] INFO:colcon.colcon_core.shell:Skip shell extension 'powershell' for command environment: Not usable outside of PowerShell
[0.383s] DEBUG:colcon.colcon_core.shell:Skip shell extension 'dsv' for command environment
[0.400s] DEBUG:colcon.colcon_core.event_handler.log_command:Invoking command in '/home/alrraf/Code/learning/ros2_ws/build/my_robot_interfaces': CMAKE_PREFIX_PATH=${CMAKE_PREFIX_PATH}:/home/alrraf/Code/learning/ros2_ws/install/my_py_pkg:/home/alrraf/ros2_ws/install/my_py_pkg:/opt/ros/humble /usr/bin/cmake --build /home/alrraf/Code/learning/ros2_ws/build/my_robot_interfaces -- -j12 -l12
[0.729s] DEBUG:colcon.colcon_core.event_handler.log_command:Invoked command in '/home/alrraf/Code/learning/ros2_ws/build/my_robot_interfaces' returned '0': CMAKE_PREFIX_PATH=${CMAKE_PREFIX_PATH}:/home/alrraf/Code/learning/ros2_ws/install/my_py_pkg:/home/alrraf/ros2_ws/install/my_py_pkg:/opt/ros/humble /usr/bin/cmake --build /home/alrraf/Code/learning/ros2_ws/build/my_robot_interfaces -- -j12 -l12
[0.801s] DEBUG:colcon.colcon_core.event_handler.log_command:Invoking command in '/home/alrraf/Code/learning/ros2_ws/build/my_robot_interfaces': CMAKE_PREFIX_PATH=${CMAKE_PREFIX_PATH}:/home/alrraf/Code/learning/ros2_ws/install/my_py_pkg:/home/alrraf/ros2_ws/install/my_py_pkg:/opt/ros/humble /usr/bin/cmake --install /home/alrraf/Code/learning/ros2_ws/build/my_robot_interfaces
[0.847s] Level 1:colcon.colcon_core.environment:create_environment_scripts_only(my_robot_interfaces)
[0.847s] DEBUG:colcon.colcon_core.event_handler.log_command:Invoked command in '/home/alrraf/Code/learning/ros2_ws/build/my_robot_interfaces' returned '0': CMAKE_PREFIX_PATH=${CMAKE_PREFIX_PATH}:/home/alrraf/Code/learning/ros2_ws/install/my_py_pkg:/home/alrraf/ros2_ws/install/my_py_pkg:/opt/ros/humble /usr/bin/cmake --install /home/alrraf/Code/learning/ros2_ws/build/my_robot_interfaces
[0.850s] Level 1:colcon.colcon_core.environment:checking '/home/alrraf/Code/learning/ros2_ws/install/my_robot_interfaces' for CMake module files
[0.851s] Level 1:colcon.colcon_core.environment:checking '/home/alrraf/Code/learning/ros2_ws/install/my_robot_interfaces' for CMake config files
[0.851s] Level 1:colcon.colcon_core.shell:create_environment_hook('my_robot_interfaces', 'cmake_prefix_path')
[0.852s] INFO:colcon.colcon_core.shell:Creating environment hook '/home/alrraf/Code/learning/ros2_ws/install/my_robot_interfaces/share/my_robot_interfaces/hook/cmake_prefix_path.ps1'
[0.852s] INFO:colcon.colcon_core.shell:Creating environment descriptor '/home/alrraf/Code/learning/ros2_ws/install/my_robot_interfaces/share/my_robot_interfaces/hook/cmake_prefix_path.dsv'
[0.853s] INFO:colcon.colcon_core.shell:Creating environment hook '/home/alrraf/Code/learning/ros2_ws/install/my_robot_interfaces/share/my_robot_interfaces/hook/cmake_prefix_path.sh'
[0.853s] Level 1:colcon.colcon_core.environment:checking '/home/alrraf/Code/learning/ros2_ws/install/my_robot_interfaces/lib'
[0.853s] Level 1:colcon.colcon_core.shell:create_environment_hook('my_robot_interfaces', 'ld_library_path_lib')
[0.855s] INFO:colcon.colcon_core.shell:Creating environment hook '/home/alrraf/Code/learning/ros2_ws/install/my_robot_interfaces/share/my_robot_interfaces/hook/ld_library_path_lib.ps1'
[0.855s] INFO:colcon.colcon_core.shell:Creating environment descriptor '/home/alrraf/Code/learning/ros2_ws/install/my_robot_interfaces/share/my_robot_interfaces/hook/ld_library_path_lib.dsv'
[0.856s] INFO:colcon.colcon_core.shell:Creating environment hook '/home/alrraf/Code/learning/ros2_ws/install/my_robot_interfaces/share/my_robot_interfaces/hook/ld_library_path_lib.sh'
[0.856s] Level 1:colcon.colcon_core.environment:checking '/home/alrraf/Code/learning/ros2_ws/install/my_robot_interfaces/bin'
[0.856s] Level 1:colcon.colcon_core.environment:checking '/home/alrraf/Code/learning/ros2_ws/install/my_robot_interfaces/lib/pkgconfig/my_robot_interfaces.pc'
[0.856s] Level 1:colcon.colcon_core.environment:checking '/home/alrraf/Code/learning/ros2_ws/install/my_robot_interfaces/lib/python3.10/site-packages'
[0.857s] Level 1:colcon.colcon_core.environment:checking '/home/alrraf/Code/learning/ros2_ws/install/my_robot_interfaces/bin'
[0.858s] INFO:colcon.colcon_core.shell:Creating package script '/home/alrraf/Code/learning/ros2_ws/install/my_robot_interfaces/share/my_robot_interfaces/package.ps1'
[0.858s] INFO:colcon.colcon_core.shell:Creating package descriptor '/home/alrraf/Code/learning/ros2_ws/install/my_robot_interfaces/share/my_robot_interfaces/package.dsv'
[0.859s] INFO:colcon.colcon_core.shell:Creating package script '/home/alrraf/Code/learning/ros2_ws/install/my_robot_interfaces/share/my_robot_interfaces/package.sh'
[0.859s] INFO:colcon.colcon_core.shell:Creating package script '/home/alrraf/Code/learning/ros2_ws/install/my_robot_interfaces/share/my_robot_interfaces/package.bash'
[0.860s] INFO:colcon.colcon_core.shell:Creating package script '/home/alrraf/Code/learning/ros2_ws/install/my_robot_interfaces/share/my_robot_interfaces/package.zsh'
[0.860s] Level 1:colcon.colcon_core.environment:create_file_with_runtime_dependencies(/home/alrraf/Code/learning/ros2_ws/install/my_robot_interfaces/share/colcon-core/packages/my_robot_interfaces)
[0.923s] Level 1:colcon.colcon_core.environment:create_environment_scripts_only(my_robot_interfaces)
[0.924s] Level 1:colcon.colcon_core.environment:checking '/home/alrraf/Code/learning/ros2_ws/install/my_robot_interfaces' for CMake module files
[0.925s] Level 1:colcon.colcon_core.environment:checking '/home/alrraf/Code/learning/ros2_ws/install/my_robot_interfaces' for CMake config files
[0.925s] Level 1:colcon.colcon_core.shell:create_environment_hook('my_robot_interfaces', 'cmake_prefix_path')
[0.926s] INFO:colcon.colcon_core.shell:Creating environment hook '/home/alrraf/Code/learning/ros2_ws/install/my_robot_interfaces/share/my_robot_interfaces/hook/cmake_prefix_path.ps1'
[0.926s] INFO:colcon.colcon_core.shell:Creating environment descriptor '/home/alrraf/Code/learning/ros2_ws/install/my_robot_interfaces/share/my_robot_interfaces/hook/cmake_prefix_path.dsv'
[0.926s] INFO:colcon.colcon_core.shell:Creating environment hook '/home/alrraf/Code/learning/ros2_ws/install/my_robot_interfaces/share/my_robot_interfaces/hook/cmake_prefix_path.sh'
[0.927s] Level 1:colcon.colcon_core.environment:checking '/home/alrraf/Code/learning/ros2_ws/install/my_robot_interfaces/lib'
[0.927s] Level 1:colcon.colcon_core.shell:create_environment_hook('my_robot_interfaces', 'ld_library_path_lib')
[0.928s] INFO:colcon.colcon_core.shell:Creating environment hook '/home/alrraf/Code/learning/ros2_ws/install/my_robot_interfaces/share/my_robot_interfaces/hook/ld_library_path_lib.ps1'
[0.928s] INFO:colcon.colcon_core.shell:Creating environment descriptor '/home/alrraf/Code/learning/ros2_ws/install/my_robot_interfaces/share/my_robot_interfaces/hook/ld_library_path_lib.dsv'
[0.928s] INFO:colcon.colcon_core.shell:Creating environment hook '/home/alrraf/Code/learning/ros2_ws/install/my_robot_interfaces/share/my_robot_interfaces/hook/ld_library_path_lib.sh'
[0.929s] Level 1:colcon.colcon_core.environment:checking '/home/alrraf/Code/learning/ros2_ws/install/my_robot_interfaces/bin'
[0.929s] Level 1:colcon.colcon_core.environment:checking '/home/alrraf/Code/learning/ros2_ws/install/my_robot_interfaces/lib/pkgconfig/my_robot_interfaces.pc'
[0.929s] Level 1:colcon.colcon_core.environment:checking '/home/alrraf/Code/learning/ros2_ws/install/my_robot_interfaces/lib/python3.10/site-packages'
[0.929s] Level 1:colcon.colcon_core.environment:checking '/home/alrraf/Code/learning/ros2_ws/install/my_robot_interfaces/bin'
[0.930s] INFO:colcon.colcon_core.shell:Creating package script '/home/alrraf/Code/learning/ros2_ws/install/my_robot_interfaces/share/my_robot_interfaces/package.ps1'
[0.931s] INFO:colcon.colcon_core.shell:Creating package descriptor '/home/alrraf/Code/learning/ros2_ws/install/my_robot_interfaces/share/my_robot_interfaces/package.dsv'
[0.931s] INFO:colcon.colcon_core.shell:Creating package script '/home/alrraf/Code/learning/ros2_ws/install/my_robot_interfaces/share/my_robot_interfaces/package.sh'
[0.931s] INFO:colcon.colcon_core.shell:Creating package script '/home/alrraf/Code/learning/ros2_ws/install/my_robot_interfaces/share/my_robot_interfaces/package.bash'
[0.931s] INFO:colcon.colcon_core.shell:Creating package script '/home/alrraf/Code/learning/ros2_ws/install/my_robot_interfaces/share/my_robot_interfaces/package.zsh'
[0.932s] Level 1:colcon.colcon_core.environment:create_file_with_runtime_dependencies(/home/alrraf/Code/learning/ros2_ws/install/my_robot_interfaces/share/colcon-core/packages/my_robot_interfaces)
[0.932s] INFO:colcon.colcon_ros.task.ament_cmake.build:Building ROS package in '/home/alrraf/Code/learning/ros2_ws/src/my_cpp_pkg' with build type 'ament_cmake'
[0.932s] INFO:colcon.colcon_cmake.task.cmake.build:Building CMake package in '/home/alrraf/Code/learning/ros2_ws/src/my_cpp_pkg'
[0.933s] INFO:colcon.colcon_core.shell:Skip shell extension 'powershell' for command environment: Not usable outside of PowerShell
[0.933s] DEBUG:colcon.colcon_core.shell:Skip shell extension 'dsv' for command environment
[0.939s] INFO:colcon.colcon_ros.task.ament_python.build:Building ROS package in '/home/alrraf/Code/learning/ros2_ws/src/my_py_pkg' with build type 'ament_python'
[0.940s] Level 1:colcon.colcon_core.shell:create_environment_hook('my_py_pkg', 'ament_prefix_path')
[0.941s] INFO:colcon.colcon_core.shell:Creating environment hook '/home/alrraf/Code/learning/ros2_ws/install/my_py_pkg/share/my_py_pkg/hook/ament_prefix_path.ps1'
[0.942s] INFO:colcon.colcon_core.shell:Creating environment descriptor '/home/alrraf/Code/learning/ros2_ws/install/my_py_pkg/share/my_py_pkg/hook/ament_prefix_path.dsv'
[0.942s] INFO:colcon.colcon_core.shell:Creating environment hook '/home/alrraf/Code/learning/ros2_ws/install/my_py_pkg/share/my_py_pkg/hook/ament_prefix_path.sh'
[0.944s] INFO:colcon.colcon_core.shell:Skip shell extension 'powershell' for command environment: Not usable outside of PowerShell
[0.944s] DEBUG:colcon.colcon_core.shell:Skip shell extension 'dsv' for command environment
[0.959s] DEBUG:colcon.colcon_core.event_handler.log_command:Invoking command in '/home/alrraf/Code/learning/ros2_ws/build/my_cpp_pkg': CMAKE_PREFIX_PATH=/home/alrraf/Code/learning/ros2_ws/install/my_robot_interfaces:/home/alrraf/Code/learning/ros2_ws/install/my_cpp_pkg:/home/alrraf/ros2_ws/install/my_cpp_pkg:/home/alrraf/Code/learning/ros2_ws/install/my_py_pkg:/home/alrraf/ros2_ws/install/my_py_pkg:/opt/ros/humble /usr/bin/cmake --build /home/alrraf/Code/learning/ros2_ws/build/my_cpp_pkg -- -j12 -l12
[1.196s] INFO:colcon.colcon_core.task.python.build:Building Python package in '/home/alrraf/Code/learning/ros2_ws/src/my_py_pkg'
[1.198s] INFO:colcon.colcon_core.shell:Skip shell extension 'powershell' for command environment: Not usable outside of PowerShell
[1.198s] DEBUG:colcon.colcon_core.shell:Skip shell extension 'dsv' for command environment
[1.207s] DEBUG:colcon.colcon_core.event_handler.log_command:Invoked command in '/home/alrraf/Code/learning/ros2_ws/build/my_cpp_pkg' returned '0': CMAKE_PREFIX_PATH=/home/alrraf/Code/learning/ros2_ws/install/my_robot_interfaces:/home/alrraf/Code/learning/ros2_ws/install/my_cpp_pkg:/home/alrraf/ros2_ws/install/my_cpp_pkg:/home/alrraf/Code/learning/ros2_ws/install/my_py_pkg:/home/alrraf/ros2_ws/install/my_py_pkg:/opt/ros/humble /usr/bin/cmake --build /home/alrraf/Code/learning/ros2_ws/build/my_cpp_pkg -- -j12 -l12
[1.241s] DEBUG:colcon.colcon_core.event_handler.log_command:Invoking command in '/home/alrraf/Code/learning/ros2_ws/build/my_cpp_pkg': CMAKE_PREFIX_PATH=/home/alrraf/Code/learning/ros2_ws/install/my_robot_interfaces:/home/alrraf/Code/learning/ros2_ws/install/my_cpp_pkg:/home/alrraf/ros2_ws/install/my_cpp_pkg:/home/alrraf/Code/learning/ros2_ws/install/my_py_pkg:/home/alrraf/ros2_ws/install/my_py_pkg:/opt/ros/humble /usr/bin/cmake --install /home/alrraf/Code/learning/ros2_ws/build/my_cpp_pkg
[1.251s] Level 1:colcon.colcon_core.environment:create_environment_scripts_only(my_cpp_pkg)
[1.253s] Level 1:colcon.colcon_core.environment:checking '/home/alrraf/Code/learning/ros2_ws/install/my_cpp_pkg' for CMake module files
[1.254s] DEBUG:colcon.colcon_core.event_handler.log_command:Invoked command in '/home/alrraf/Code/learning/ros2_ws/build/my_cpp_pkg' returned '0': CMAKE_PREFIX_PATH=/home/alrraf/Code/learning/ros2_ws/install/my_robot_interfaces:/home/alrraf/Code/learning/ros2_ws/install/my_cpp_pkg:/home/alrraf/ros2_ws/install/my_cpp_pkg:/home/alrraf/Code/learning/ros2_ws/install/my_py_pkg:/home/alrraf/ros2_ws/install/my_py_pkg:/opt/ros/humble /usr/bin/cmake --install /home/alrraf/Code/learning/ros2_ws/build/my_cpp_pkg
[1.254s] Level 1:colcon.colcon_core.environment:checking '/home/alrraf/Code/learning/ros2_ws/install/my_cpp_pkg' for CMake config files
[1.254s] Level 1:colcon.colcon_core.shell:create_environment_hook('my_cpp_pkg', 'cmake_prefix_path')
[1.256s] INFO:colcon.colcon_core.shell:Creating environment hook '/home/alrraf/Code/learning/ros2_ws/install/my_cpp_pkg/share/my_cpp_pkg/hook/cmake_prefix_path.ps1'
[1.256s] INFO:colcon.colcon_core.shell:Creating environment descriptor '/home/alrraf/Code/learning/ros2_ws/install/my_cpp_pkg/share/my_cpp_pkg/hook/cmake_prefix_path.dsv'
[1.256s] INFO:colcon.colcon_core.shell:Creating environment hook '/home/alrraf/Code/learning/ros2_ws/install/my_cpp_pkg/share/my_cpp_pkg/hook/cmake_prefix_path.sh'
[1.257s] Level 1:colcon.colcon_core.environment:checking '/home/alrraf/Code/learning/ros2_ws/install/my_cpp_pkg/lib'
[1.257s] Level 1:colcon.colcon_core.environment:checking '/home/alrraf/Code/learning/ros2_ws/install/my_cpp_pkg/bin'
[1.257s] Level 1:colcon.colcon_core.environment:checking '/home/alrraf/Code/learning/ros2_ws/install/my_cpp_pkg/lib/pkgconfig/my_cpp_pkg.pc'
[1.257s] Level 1:colcon.colcon_core.environment:checking '/home/alrraf/Code/learning/ros2_ws/install/my_cpp_pkg/lib/python3.10/site-packages'
[1.257s] Level 1:colcon.colcon_core.environment:checking '/home/alrraf/Code/learning/ros2_ws/install/my_cpp_pkg/bin'
[1.258s] INFO:colcon.colcon_core.shell:Creating package script '/home/alrraf/Code/learning/ros2_ws/install/my_cpp_pkg/share/my_cpp_pkg/package.ps1'
[1.259s] INFO:colcon.colcon_core.shell:Creating package descriptor '/home/alrraf/Code/learning/ros2_ws/install/my_cpp_pkg/share/my_cpp_pkg/package.dsv'
[1.259s] INFO:colcon.colcon_core.shell:Creating package script '/home/alrraf/Code/learning/ros2_ws/install/my_cpp_pkg/share/my_cpp_pkg/package.sh'
[1.259s] INFO:colcon.colcon_core.shell:Creating package script '/home/alrraf/Code/learning/ros2_ws/install/my_cpp_pkg/share/my_cpp_pkg/package.bash'
[1.260s] INFO:colcon.colcon_core.shell:Creating package script '/home/alrraf/Code/learning/ros2_ws/install/my_cpp_pkg/share/my_cpp_pkg/package.zsh'
[1.260s] Level 1:colcon.colcon_core.environment:create_file_with_runtime_dependencies(/home/alrraf/Code/learning/ros2_ws/install/my_cpp_pkg/share/colcon-core/packages/my_cpp_pkg)
[1.292s] Level 1:colcon.colcon_core.environment:create_environment_scripts_only(my_cpp_pkg)
[1.293s] Level 1:colcon.colcon_core.environment:checking '/home/alrraf/Code/learning/ros2_ws/install/my_cpp_pkg' for CMake module files
[1.294s] Level 1:colcon.colcon_core.environment:checking '/home/alrraf/Code/learning/ros2_ws/install/my_cpp_pkg' for CMake config files
[1.294s] Level 1:colcon.colcon_core.shell:create_environment_hook('my_cpp_pkg', 'cmake_prefix_path')
[1.295s] INFO:colcon.colcon_core.shell:Creating environment hook '/home/alrraf/Code/learning/ros2_ws/install/my_cpp_pkg/share/my_cpp_pkg/hook/cmake_prefix_path.ps1'
[1.295s] INFO:colcon.colcon_core.shell:Creating environment descriptor '/home/alrraf/Code/learning/ros2_ws/install/my_cpp_pkg/share/my_cpp_pkg/hook/cmake_prefix_path.dsv'
[1.295s] INFO:colcon.colcon_core.shell:Creating environment hook '/home/alrraf/Code/learning/ros2_ws/install/my_cpp_pkg/share/my_cpp_pkg/hook/cmake_prefix_path.sh'
[1.296s] Level 1:colcon.colcon_core.environment:checking '/home/alrraf/Code/learning/ros2_ws/install/my_cpp_pkg/lib'
[1.296s] Level 1:colcon.colcon_core.environment:checking '/home/alrraf/Code/learning/ros2_ws/install/my_cpp_pkg/bin'
[1.296s] Level 1:colcon.colcon_core.environment:checking '/home/alrraf/Code/learning/ros2_ws/install/my_cpp_pkg/lib/pkgconfig/my_cpp_pkg.pc'
[1.296s] Level 1:colcon.colcon_core.environment:checking '/home/alrraf/Code/learning/ros2_ws/install/my_cpp_pkg/lib/python3.10/site-packages'
[1.296s] Level 1:colcon.colcon_core.environment:checking '/home/alrraf/Code/learning/ros2_ws/install/my_cpp_pkg/bin'
[1.297s] INFO:colcon.colcon_core.shell:Creating package script '/home/alrraf/Code/learning/ros2_ws/install/my_cpp_pkg/share/my_cpp_pkg/package.ps1'
[1.298s] INFO:colcon.colcon_core.shell:Creating package descriptor '/home/alrraf/Code/learning/ros2_ws/install/my_cpp_pkg/share/my_cpp_pkg/package.dsv'
[1.298s] INFO:colcon.colcon_core.shell:Creating package script '/home/alrraf/Code/learning/ros2_ws/install/my_cpp_pkg/share/my_cpp_pkg/package.sh'
[1.298s] INFO:colcon.colcon_core.shell:Creating package script '/home/alrraf/Code/learning/ros2_ws/install/my_cpp_pkg/share/my_cpp_pkg/package.bash'
[1.299s] INFO:colcon.colcon_core.shell:Creating package script '/home/alrraf/Code/learning/ros2_ws/install/my_cpp_pkg/share/my_cpp_pkg/package.zsh'
[1.299s] Level 1:colcon.colcon_core.environment:create_file_with_runtime_dependencies(/home/alrraf/Code/learning/ros2_ws/install/my_cpp_pkg/share/colcon-core/packages/my_cpp_pkg)
[1.520s] DEBUG:colcon.colcon_core.event_handler.log_command:Invoking command in '/home/alrraf/Code/learning/ros2_ws/build/my_py_pkg': CMAKE_PREFIX_PATH=/home/alrraf/Code/learning/ros2_ws/install/my_robot_interfaces:/home/alrraf/Code/learning/ros2_ws/install/my_cpp_pkg:/home/alrraf/ros2_ws/install/my_cpp_pkg PYTHONPATH=/home/alrraf/Code/learning/ros2_ws/install/my_py_pkg/lib/python3.10/site-packages:${PYTHONPATH} /usr/bin/python3 setup.py develop --prefix /home/alrraf/Code/learning/ros2_ws/install/my_py_pkg --uninstall --editable --build-directory /home/alrraf/Code/learning/ros2_ws/build/my_py_pkg/build
[1.881s] DEBUG:colcon.colcon_core.event_handler.log_command:Invoked command in '/home/alrraf/Code/learning/ros2_ws/build/my_py_pkg' returned '0': CMAKE_PREFIX_PATH=/home/alrraf/Code/learning/ros2_ws/install/my_robot_interfaces:/home/alrraf/Code/learning/ros2_ws/install/my_cpp_pkg:/home/alrraf/ros2_ws/install/my_cpp_pkg PYTHONPATH=/home/alrraf/Code/learning/ros2_ws/install/my_py_pkg/lib/python3.10/site-packages:${PYTHONPATH} /usr/bin/python3 setup.py develop --prefix /home/alrraf/Code/learning/ros2_ws/install/my_py_pkg --uninstall --editable --build-directory /home/alrraf/Code/learning/ros2_ws/build/my_py_pkg/build
[1.883s] DEBUG:colcon.colcon_core.event_handler.log_command:Invoking command in '/home/alrraf/Code/learning/ros2_ws/src/my_py_pkg': CMAKE_PREFIX_PATH=/home/alrraf/Code/learning/ros2_ws/install/my_robot_interfaces:/home/alrraf/Code/learning/ros2_ws/install/my_cpp_pkg:/home/alrraf/ros2_ws/install/my_cpp_pkg PYTHONPATH=/home/alrraf/Code/learning/ros2_ws/install/my_py_pkg/lib/python3.10/site-packages:${PYTHONPATH} /usr/bin/python3 setup.py egg_info --egg-base ../../build/my_py_pkg build --build-base /home/alrraf/Code/learning/ros2_ws/build/my_py_pkg/build install --prefix /home/alrraf/Code/learning/ros2_ws/install/my_py_pkg --record /home/alrraf/Code/learning/ros2_ws/build/my_py_pkg/install.log --single-version-externally-managed
[2.139s] Level 1:colcon.colcon_core.environment:checking '/home/alrraf/Code/learning/ros2_ws/install/my_py_pkg' for CMake module files
[2.140s] DEBUG:colcon.colcon_core.event_handler.log_command:Invoked command in '/home/alrraf/Code/learning/ros2_ws/src/my_py_pkg' returned '0': CMAKE_PREFIX_PATH=/home/alrraf/Code/learning/ros2_ws/install/my_robot_interfaces:/home/alrraf/Code/learning/ros2_ws/install/my_cpp_pkg:/home/alrraf/ros2_ws/install/my_cpp_pkg PYTHONPATH=/home/alrraf/Code/learning/ros2_ws/install/my_py_pkg/lib/python3.10/site-packages:${PYTHONPATH} /usr/bin/python3 setup.py egg_info --egg-base ../../build/my_py_pkg build --build-base /home/alrraf/Code/learning/ros2_ws/build/my_py_pkg/build install --prefix /home/alrraf/Code/learning/ros2_ws/install/my_py_pkg --record /home/alrraf/Code/learning/ros2_ws/build/my_py_pkg/install.log --single-version-externally-managed
[2.141s] Level 1:colcon.colcon_core.environment:checking '/home/alrraf/Code/learning/ros2_ws/install/my_py_pkg' for CMake config files
[2.142s] Level 1:colcon.colcon_core.environment:checking '/home/alrraf/Code/learning/ros2_ws/install/my_py_pkg/lib'
[2.142s] Level 1:colcon.colcon_core.environment:checking '/home/alrraf/Code/learning/ros2_ws/install/my_py_pkg/bin'
[2.143s] Level 1:colcon.colcon_core.environment:checking '/home/alrraf/Code/learning/ros2_ws/install/my_py_pkg/lib/pkgconfig/my_py_pkg.pc'
[2.143s] Level 1:colcon.colcon_core.environment:checking '/home/alrraf/Code/learning/ros2_ws/install/my_py_pkg/lib/python3.10/site-packages'
[2.143s] Level 1:colcon.colcon_core.shell:create_environment_hook('my_py_pkg', 'pythonpath')
[2.147s] INFO:colcon.colcon_core.shell:Creating environment hook '/home/alrraf/Code/learning/ros2_ws/install/my_py_pkg/share/my_py_pkg/hook/pythonpath.ps1'
[2.148s] INFO:colcon.colcon_core.shell:Creating environment descriptor '/home/alrraf/Code/learning/ros2_ws/install/my_py_pkg/share/my_py_pkg/hook/pythonpath.dsv'
[2.148s] INFO:colcon.colcon_core.shell:Creating environment hook '/home/alrraf/Code/learning/ros2_ws/install/my_py_pkg/share/my_py_pkg/hook/pythonpath.sh'
[2.150s] Level 1:colcon.colcon_core.environment:checking '/home/alrraf/Code/learning/ros2_ws/install/my_py_pkg/bin'
[2.150s] Level 1:colcon.colcon_core.environment:create_environment_scripts_only(my_py_pkg)
[2.153s] INFO:colcon.colcon_core.shell:Creating package script '/home/alrraf/Code/learning/ros2_ws/install/my_py_pkg/share/my_py_pkg/package.ps1'
[2.154s] INFO:colcon.colcon_core.shell:Creating package descriptor '/home/alrraf/Code/learning/ros2_ws/install/my_py_pkg/share/my_py_pkg/package.dsv'
[2.155s] INFO:colcon.colcon_core.shell:Creating package script '/home/alrraf/Code/learning/ros2_ws/install/my_py_pkg/share/my_py_pkg/package.sh'
[2.156s] INFO:colcon.colcon_core.shell:Creating package script '/home/alrraf/Code/learning/ros2_ws/install/my_py_pkg/share/my_py_pkg/package.bash'
[2.157s] INFO:colcon.colcon_core.shell:Creating package script '/home/alrraf/Code/learning/ros2_ws/install/my_py_pkg/share/my_py_pkg/package.zsh'
[2.158s] Level 1:colcon.colcon_core.environment:create_file_with_runtime_dependencies(/home/alrraf/Code/learning/ros2_ws/install/my_py_pkg/share/colcon-core/packages/my_py_pkg)
[2.158s] DEBUG:colcon.colcon_parallel_executor.executor.parallel:closing loop
[2.159s] DEBUG:colcon.colcon_parallel_executor.executor.parallel:loop closed
[2.159s] DEBUG:colcon.colcon_parallel_executor.executor.parallel:run_until_complete finished with '0'
[2.160s] DEBUG:colcon.colcon_core.event_reactor:joining thread
[2.177s] INFO:colcon.colcon_core.plugin_system:Skipping extension 'colcon_notification.desktop_notification.terminal_notifier': Not used on non-Darwin systems
[2.177s] INFO:colcon.colcon_core.plugin_system:Skipping extension 'colcon_notification.desktop_notification.win32': Not used on non-Windows systems
[2.177s] INFO:colcon.colcon_notification.desktop_notification:Sending desktop notification using 'notify2'
[2.218s] DEBUG:colcon.colcon_core.event_reactor:joined thread
[2.222s] INFO:colcon.colcon_core.shell:Creating prefix script '/home/alrraf/Code/learning/ros2_ws/install/local_setup.ps1'
[2.225s] INFO:colcon.colcon_core.shell:Creating prefix util module '/home/alrraf/Code/learning/ros2_ws/install/_local_setup_util_ps1.py'
[2.227s] INFO:colcon.colcon_core.shell:Creating prefix chain script '/home/alrraf/Code/learning/ros2_ws/install/setup.ps1'
[2.229s] INFO:colcon.colcon_core.shell:Creating prefix script '/home/alrraf/Code/learning/ros2_ws/install/local_setup.sh'
[2.229s] INFO:colcon.colcon_core.shell:Creating prefix util module '/home/alrraf/Code/learning/ros2_ws/install/_local_setup_util_sh.py'
[2.230s] INFO:colcon.colcon_core.shell:Creating prefix chain script '/home/alrraf/Code/learning/ros2_ws/install/setup.sh'
[2.232s] INFO:colcon.colcon_core.shell:Creating prefix script '/home/alrraf/Code/learning/ros2_ws/install/local_setup.bash'
[2.232s] INFO:colcon.colcon_core.shell:Creating prefix chain script '/home/alrraf/Code/learning/ros2_ws/install/setup.bash'
[2.234s] INFO:colcon.colcon_core.shell:Creating prefix script '/home/alrraf/Code/learning/ros2_ws/install/local_setup.zsh'
[2.234s] INFO:colcon.colcon_core.shell:Creating prefix chain script '/home/alrraf/Code/learning/ros2_ws/install/setup.zsh'
