[0.505s] Invoking command in '/home/alrraf/Code/learning/ros2_ws/build/my_py_pkg': PYTHONPATH=/home/alrraf/Code/learning/ros2_ws/install/my_py_pkg/lib/python3.10/site-packages:${PYTHONPATH} /usr/bin/python3 setup.py develop --prefix /home/alrraf/Code/learning/ros2_ws/install/my_py_pkg --editable --build-directory /home/alrraf/Code/learning/ros2_ws/build/my_py_pkg/build --no-deps install_data --install-dir /home/alrraf/Code/learning/ros2_ws/install/my_py_pkg
[0.710s] running develop
[0.710s] /usr/lib/python3/dist-packages/setuptools/command/easy_install.py:158: EasyInstallDeprecationWarning: easy_install command is deprecated. Use build and pip and other standards-based tools.
[0.710s]   warnings.warn(
[0.712s] /usr/lib/python3/dist-packages/setuptools/command/install.py:34: SetuptoolsDeprecationWarning: setup.py install is deprecated. Use build and pip and other standards-based tools.
[0.712s]   warnings.warn(
[0.753s] /usr/lib/python3/dist-packages/pkg_resources/__init__.py:116: PkgResourcesDeprecationWarning: 1.1build1 is an invalid version and will not be supported in a future release
[0.753s]   warnings.warn(
[0.754s] /usr/lib/python3/dist-packages/pkg_resources/__init__.py:116: PkgResourcesDeprecationWarning: 0.1.43ubuntu1 is an invalid version and will not be supported in a future release
[0.754s]   warnings.warn(
[0.830s] running egg_info
[0.830s] writing my_py_pkg.egg-info/PKG-INFO
[0.830s] writing dependency_links to my_py_pkg.egg-info/dependency_links.txt
[0.831s] writing entry points to my_py_pkg.egg-info/entry_points.txt
[0.831s] writing requirements to my_py_pkg.egg-info/requires.txt
[0.831s] writing top-level names to my_py_pkg.egg-info/top_level.txt
[0.832s] reading manifest file 'my_py_pkg.egg-info/SOURCES.txt'
[0.833s] writing manifest file 'my_py_pkg.egg-info/SOURCES.txt'
[0.834s] running build_ext
[0.835s] Creating /home/alrraf/Code/learning/ros2_ws/install/my_py_pkg/lib/python3.10/site-packages/my-py-pkg.egg-link (link to .)
[0.835s] Installing add_two_ints_client script to /home/alrraf/Code/learning/ros2_ws/install/my_py_pkg/lib/my_py_pkg
[0.836s] Installing add_two_ints_client_no_oop script to /home/alrraf/Code/learning/ros2_ws/install/my_py_pkg/lib/my_py_pkg
[0.836s] Installing add_two_ints_server script to /home/alrraf/Code/learning/ros2_ws/install/my_py_pkg/lib/my_py_pkg
[0.836s] Installing number_counter script to /home/alrraf/Code/learning/ros2_ws/install/my_py_pkg/lib/my_py_pkg
[0.836s] Installing number_publisher script to /home/alrraf/Code/learning/ros2_ws/install/my_py_pkg/lib/my_py_pkg
[0.836s] Installing py_node script to /home/alrraf/Code/learning/ros2_ws/install/my_py_pkg/lib/my_py_pkg
[0.836s] Installing robot_news_station script to /home/alrraf/Code/learning/ros2_ws/install/my_py_pkg/lib/my_py_pkg
[0.836s] Installing smartphone script to /home/alrraf/Code/learning/ros2_ws/install/my_py_pkg/lib/my_py_pkg
[0.836s] 
[0.836s] Installed /home/alrraf/Code/learning/ros2_ws/build/my_py_pkg
[0.836s] running install_data
[0.875s] Invoked command in '/home/alrraf/Code/learning/ros2_ws/build/my_py_pkg' returned '0': PYTHONPATH=/home/alrraf/Code/learning/ros2_ws/install/my_py_pkg/lib/python3.10/site-packages:${PYTHONPATH} /usr/bin/python3 setup.py develop --prefix /home/alrraf/Code/learning/ros2_ws/install/my_py_pkg --editable --build-directory /home/alrraf/Code/learning/ros2_ws/build/my_py_pkg/build --no-deps install_data --install-dir /home/alrraf/Code/learning/ros2_ws/install/my_py_pkg
