[0.020s] Invoking command in '/home/alrraf/Code/learning/ros2_ws/build/my_cpp_pkg': CMAKE_PREFIX_PATH=${CMAKE_PREFIX_PATH}:/home/alrraf/Code/learning/ros2_ws/install/my_py_pkg:/home/alrraf/ros2_ws/install/my_py_pkg:/opt/ros/humble /usr/bin/cmake --build /home/alrraf/Code/learning/ros2_ws/build/my_cpp_pkg -- -j12 -l12
[0.082s] -- Found ament_cmake: 1.3.2 (/opt/ros/humble/share/ament_cmake/cmake)
[0.242s] -- Found rclcpp: 16.0.1 (/opt/ros/humble/share/rclcpp/cmake)
[0.287s] -- Found rosidl_generator_c: 3.1.3 (/opt/ros/humble/share/rosidl_generator_c/cmake)
[0.291s] -- Found rosidl_adapter: 3.1.3 (/opt/ros/humble/share/rosidl_adapter/cmake)
[0.300s] -- Found rosidl_generator_cpp: 3.1.3 (/opt/ros/humble/share/rosidl_generator_cpp/cmake)
[0.314s] -- Using all available rosidl_typesupport_c: rosidl_typesupport_fastrtps_c;rosidl_typesupport_introspection_c
[0.337s] -- Using all available rosidl_typesupport_cpp: rosidl_typesupport_fastrtps_cpp;rosidl_typesupport_introspection_cpp
[0.407s] -- Found rmw_implementation_cmake: 6.1.0 (/opt/ros/humble/share/rmw_implementation_cmake/cmake)
[0.409s] -- Found rmw_fastrtps_cpp: 6.2.1 (/opt/ros/humble/share/rmw_fastrtps_cpp/cmake)
[0.545s] -- Using RMW implementation 'rmw_fastrtps_cpp' as default
[0.710s] -- Found example_interfaces: 0.9.3 (/opt/ros/humble/share/example_interfaces/cmake)
[0.918s] -- Configuring done
[0.938s] -- Generating done
[0.940s] -- Build files have been written to: /home/alrraf/Code/learning/ros2_ws/build/my_cpp_pkg
[0.964s] [35m[1mConsolidate compiler generated dependencies of target cpp_node[0m
[0.964s] [35m[1mConsolidate compiler generated dependencies of target robot_news_station[0m
[0.973s] [ 16%] [32mBuilding CXX object CMakeFiles/smartphone.dir/src/smartphone.cpp.o[0m
[0.979s] [ 66%] [32mBuilding CXX object CMakeFiles/robot_news_station.dir/src/robot_news_station.cpp.o[0m
[0.980s] [ 66%] Built target cpp_node
[3.444s] In file included from [01m[K/usr/include/c++/11/pstl/glue_algorithm_defs.h:13[m[K,
[3.444s]                  from [01m[K/usr/include/c++/11/algorithm:74[m[K,
[3.444s]                  from [01m[K/opt/ros/humble/include/example_interfaces/example_interfaces/msg/detail/string__struct.hpp:8[m[K,
[3.444s]                  from [01m[K/opt/ros/humble/include/example_interfaces/example_interfaces/msg/string.hpp:7[m[K,
[3.444s]                  from [01m[K/home/alrraf/Code/learning/ros2_ws/src/my_cpp_pkg/src/smartphone.cpp:1[m[K:
[3.444s] /usr/include/c++/11/functional: In instantiation of ‘[01m[Kstruct std::_Bind_check_arity<void (SmartphoneNode::*)(std::shared_ptr<example_interfaces::msg::String_<std::allocator<void> > >), SmartphoneNode*>[m[K’:
[3.444s] [01m[K/usr/include/c++/11/functional:768:12:[m[K   required from ‘[01m[Kstruct std::_Bind_helper<false, void (SmartphoneNode::*)(std::shared_ptr<example_interfaces::msg::String_<std::allocator<void> > >), SmartphoneNode*>[m[K’
[3.445s] [01m[K/usr/include/c++/11/functional:789:5:[m[K   required by substitution of ‘[01m[Ktemplate<class _Func, class ... _BoundArgs> typename std::_Bind_helper<std::__is_socketlike<_Func>::value, _Func, _BoundArgs ...>::type std::bind(_Func&&, _BoundArgs&& ...) [with _Func = void (SmartphoneNode::*)(std::shared_ptr<example_interfaces::msg::String_<std::allocator<void> > >); _BoundArgs = {SmartphoneNode*}][m[K’
[3.445s] [01m[K/home/alrraf/Code/learning/ros2_ws/src/my_cpp_pkg/src/smartphone.cpp:8:40:[m[K   required from here
[3.445s] [01m[K/usr/include/c++/11/functional:756:21:[m[K [01;31m[Kerror: [m[Kstatic assertion failed: Wrong number of arguments for pointer-to-member
[3.445s]   755 |       static_assert(_Varargs::[01;31m[Kvalue[m[K
[3.445s]       |                               [01;31m[K~~~~~[m[K
[3.445s]   756 | [01;31m[K                    ? sizeof...(_BoundArgs) >= _Arity::value + 1[m[K
[3.445s]       |                     [01;31m[K^~~~~~~~~~~~~~~~~~~~~~~~~~~~~~~~~~~~~~~~~~~~[m[K
[3.445s]   757 | [01;31m[K                    : sizeof...(_BoundArgs) == _Arity::value + 1[m[K,
[3.445s]       |                     [01;31m[K~~~~~~~~~~~~~~~~~~~~~~~~~~~~~~~~~~~~~~~~~~~~[m[K
[3.446s] [01m[K/usr/include/c++/11/functional:756:21:[m[K [01;36m[Knote: [m[K‘[01m[K(false ? (1 >= (((long unsigned int)std::integral_constant<long unsigned int, 1>::value) + 1)) : (1 == (((long unsigned int)std::integral_constant<long unsigned int, 1>::value) + 1)))[m[K’ evaluates to false
[3.862s] In file included from [01m[K/opt/ros/humble/include/rclcpp/rclcpp/subscription_base.hpp:32[m[K,
[3.863s]                  from [01m[K/opt/ros/humble/include/rclcpp/rclcpp/callback_group.hpp:26[m[K,
[3.863s]                  from [01m[K/opt/ros/humble/include/rclcpp/rclcpp/any_executable.hpp:20[m[K,
[3.863s]                  from [01m[K/opt/ros/humble/include/rclcpp/rclcpp/memory_strategy.hpp:25[m[K,
[3.863s]                  from [01m[K/opt/ros/humble/include/rclcpp/rclcpp/memory_strategies.hpp:18[m[K,
[3.863s]                  from [01m[K/opt/ros/humble/include/rclcpp/rclcpp/executor_options.hpp:20[m[K,
[3.863s]                  from [01m[K/opt/ros/humble/include/rclcpp/rclcpp/executor.hpp:37[m[K,
[3.863s]                  from [01m[K/opt/ros/humble/include/rclcpp/rclcpp/executors/multi_threaded_executor.hpp:25[m[K,
[3.863s]                  from [01m[K/opt/ros/humble/include/rclcpp/rclcpp/executors.hpp:21[m[K,
[3.864s]                  from [01m[K/opt/ros/humble/include/rclcpp/rclcpp/rclcpp.hpp:155[m[K,
[3.864s]                  from [01m[K/home/alrraf/Code/learning/ros2_ws/src/my_cpp_pkg/src/smartphone.cpp:2[m[K:
[3.864s] /opt/ros/humble/include/rclcpp/rclcpp/any_subscription_callback.hpp: In instantiation of ‘[01m[Krclcpp::AnySubscriptionCallback<MessageT, AllocatorT> rclcpp::AnySubscriptionCallback<MessageT, AllocatorT>::set(CallbackT) [with CallbackT = std::_Bind<void (SmartphoneNode::*(SmartphoneNode*))(std::shared_ptr<example_interfaces::msg::String_<std::allocator<void> > >)>; MessageT = example_interfaces::msg::String_<std::allocator<void> >; AllocatorT = std::allocator<void>][m[K’:
[3.864s] [01m[K/opt/ros/humble/include/rclcpp/rclcpp/subscription_factory.hpp:94:32:[m[K   required from ‘[01m[Krclcpp::SubscriptionFactory rclcpp::create_subscription_factory(CallbackT&&, const rclcpp::SubscriptionOptionsWithAllocator<AllocatorT>&, typename MessageMemoryStrategyT::SharedPtr, std::shared_ptr<rclcpp::topic_statistics::SubscriptionTopicStatistics<ROSMessageType> >) [with MessageT = example_interfaces::msg::String_<std::allocator<void> >; CallbackT = std::_Bind<void (SmartphoneNode::*(SmartphoneNode*))(std::shared_ptr<example_interfaces::msg::String_<std::allocator<void> > >)>; AllocatorT = std::allocator<void>; SubscriptionT = rclcpp::Subscription<example_interfaces::msg::String_<std::allocator<void> > >; MessageMemoryStrategyT = rclcpp::message_memory_strategy::MessageMemoryStrategy<example_interfaces::msg::String_<std::allocator<void> >, std::allocator<void> >; ROSMessageType = example_interfaces::msg::String_<std::allocator<void> >; typename MessageMemoryStrategyT::SharedPtr = std::shared_ptr<rclcpp::message_memory_strategy::MessageMemoryStrategy<example_interfaces::msg::String_<std::allocator<void> >, std::allocator<void> > >][m[K’
[3.864s] [01m[K/opt/ros/humble/include/rclcpp/rclcpp/create_subscription.hpp:122:63:[m[K   required from ‘[01m[Kstd::shared_ptr<ROSMessageT> rclcpp::detail::create_subscription(NodeParametersT&, NodeTopicsT&, const string&, const rclcpp::QoS&, CallbackT&&, const rclcpp::SubscriptionOptionsWithAllocator<AllocatorT>&, typename MessageMemoryStrategyT::SharedPtr) [with MessageT = example_interfaces::msg::String_<std::allocator<void> >; CallbackT = std::_Bind<void (SmartphoneNode::*(SmartphoneNode*))(std::shared_ptr<example_interfaces::msg::String_<std::allocator<void> > >)>; AllocatorT = std::allocator<void>; SubscriptionT = rclcpp::Subscription<example_interfaces::msg::String_<std::allocator<void> > >; MessageMemoryStrategyT = rclcpp::message_memory_strategy::MessageMemoryStrategy<example_interfaces::msg::String_<std::allocator<void> >, std::allocator<void> >; NodeParametersT = rclcpp::Node; NodeTopicsT = rclcpp::Node; ROSMessageType = example_interfaces::msg::String_<std::allocator<void> >; std::string = std::__cxx11::basic_string<char>; typename MessageMemoryStrategyT::SharedPtr = std::shared_ptr<rclcpp::message_memory_strategy::MessageMemoryStrategy<example_interfaces::msg::String_<std::allocator<void> >, std::allocator<void> > >][m[K’
[3.864s] [01m[K/opt/ros/humble/include/rclcpp/rclcpp/create_subscription.hpp:191:76:[m[K   required from ‘[01m[Kstd::shared_ptr<ROSMessageT> rclcpp::create_subscription(NodeT&, const string&, const rclcpp::QoS&, CallbackT&&, const rclcpp::SubscriptionOptionsWithAllocator<AllocatorT>&, typename MessageMemoryStrategyT::SharedPtr) [with MessageT = example_interfaces::msg::String_<std::allocator<void> >; CallbackT = std::_Bind<void (SmartphoneNode::*(SmartphoneNode*))(std::shared_ptr<example_interfaces::msg::String_<std::allocator<void> > >)>; AllocatorT = std::allocator<void>; SubscriptionT = rclcpp::Subscription<example_interfaces::msg::String_<std::allocator<void> > >; MessageMemoryStrategyT = rclcpp::message_memory_strategy::MessageMemoryStrategy<example_interfaces::msg::String_<std::allocator<void> >, std::allocator<void> >; NodeT = rclcpp::Node; std::string = std::__cxx11::basic_string<char>; typename MessageMemoryStrategyT::SharedPtr = std::shared_ptr<rclcpp::message_memory_strategy::MessageMemoryStrategy<example_interfaces::msg::String_<std::allocator<void> >, std::allocator<void> > >][m[K’
[3.864s] [01m[K/opt/ros/humble/include/rclcpp/rclcpp/node_impl.hpp:99:47:[m[K   required from ‘[01m[Kstd::shared_ptr<ROSMessageT> rclcpp::Node::create_subscription(const string&, const rclcpp::QoS&, CallbackT&&, const rclcpp::SubscriptionOptionsWithAllocator<AllocatorT>&, typename MessageMemoryStrategyT::SharedPtr) [with MessageT = example_interfaces::msg::String_<std::allocator<void> >; CallbackT = std::_Bind<void (SmartphoneNode::*(SmartphoneNode*))(std::shared_ptr<example_interfaces::msg::String_<std::allocator<void> > >)>; AllocatorT = std::allocator<void>; SubscriptionT = rclcpp::Subscription<example_interfaces::msg::String_<std::allocator<void> > >; MessageMemoryStrategyT = rclcpp::message_memory_strategy::MessageMemoryStrategy<example_interfaces::msg::String_<std::allocator<void> >, std::allocator<void> >; std::string = std::__cxx11::basic_string<char>; typename MessageMemoryStrategyT::SharedPtr = std::shared_ptr<rclcpp::message_memory_strategy::MessageMemoryStrategy<example_interfaces::msg::String_<std::allocator<void> >, std::allocator<void> > >][m[K’
[3.865s] [01m[K/home/alrraf/Code/learning/ros2_ws/src/my_cpp_pkg/src/smartphone.cpp:7:82:[m[K   required from here
[3.865s] [01m[K/opt/ros/humble/include/rclcpp/rclcpp/any_subscription_callback.hpp:391:22:[m[K [01;31m[Kerror: [m[Kno matching function for call to ‘[01m[Kstd::function<void(std::shared_ptr<example_interfaces::msg::String_<std::allocator<void> > >)>::function(std::_Bind<void (SmartphoneNode::*(SmartphoneNode*))(std::shared_ptr<example_interfaces::msg::String_<std::allocator<void> > >)>&)[m[K’
[3.865s]   391 |       set_deprecated([01;31m[Kstatic_cast<typename scbth::callback_type>(callback)[m[K);
[3.865s]       |                      [01;31m[K^~~~~~~~~~~~~~~~~~~~~~~~~~~~~~~~~~~~~~~~~~~~~~~~~~~~[m[K
[3.865s] In file included from [01m[K/usr/include/c++/11/functional:59[m[K,
[3.865s]                  from [01m[K/usr/include/c++/11/pstl/glue_algorithm_defs.h:13[m[K,
[3.865s]                  from [01m[K/usr/include/c++/11/algorithm:74[m[K,
[3.865s]                  from [01m[K/opt/ros/humble/include/example_interfaces/example_interfaces/msg/detail/string__struct.hpp:8[m[K,
[3.865s]                  from [01m[K/opt/ros/humble/include/example_interfaces/example_interfaces/msg/string.hpp:7[m[K,
[3.865s]                  from [01m[K/home/alrraf/Code/learning/ros2_ws/src/my_cpp_pkg/src/smartphone.cpp:1[m[K:
[3.865s] [01m[K/usr/include/c++/11/bits/std_function.h:435:9:[m[K [01;36m[Knote: [m[Kcandidate: ‘[01m[Ktemplate<class _Functor, class _Constraints> std::function<_Res(_ArgTypes ...)>::function(_Functor&&) [with _Functor = _Functor; _Constraints = _Constraints; _Res = void; _ArgTypes = {std::shared_ptr<example_interfaces::msg::String_<std::allocator<void> > >}][m[K’
[3.866s]   435 |         [01;36m[Kfunction[m[K(_Functor&& __f)
[3.866s]       |         [01;36m[K^~~~~~~~[m[K
[3.866s] [01m[K/usr/include/c++/11/bits/std_function.h:435:9:[m[K [01;36m[Knote: [m[K  template argument deduction/substitution failed:
[3.866s] In file included from [01m[K/usr/include/c++/11/bits/move.h:57[m[K,
[3.866s]                  from [01m[K/usr/include/c++/11/bits/stl_pair.h:59[m[K,
[3.866s]                  from [01m[K/usr/include/c++/11/utility:70[m[K,
[3.866s]                  from [01m[K/usr/include/c++/11/algorithm:60[m[K,
[3.866s]                  from [01m[K/opt/ros/humble/include/example_interfaces/example_interfaces/msg/detail/string__struct.hpp:8[m[K,
[3.866s]                  from [01m[K/opt/ros/humble/include/example_interfaces/example_interfaces/msg/string.hpp:7[m[K,
[3.866s]                  from [01m[K/home/alrraf/Code/learning/ros2_ws/src/my_cpp_pkg/src/smartphone.cpp:1[m[K:
[3.867s] /usr/include/c++/11/type_traits: In substitution of ‘[01m[Ktemplate<bool _Cond, class _Tp> using __enable_if_t = typename std::enable_if::type [with bool _Cond = false; _Tp = void][m[K’:
[3.867s] [01m[K/usr/include/c++/11/bits/std_function.h:353:8:[m[K   required by substitution of ‘[01m[Ktemplate<class _Res, class ... _ArgTypes> template<class _Cond, class _Tp> using _Requires = std::__enable_if_t<_Cond::value, _Tp> [with _Cond = std::function<void(std::shared_ptr<example_interfaces::msg::String_<std::allocator<void> > >)>::_Callable<std::_Bind<void (SmartphoneNode::*(SmartphoneNode*))(std::shared_ptr<example_interfaces::msg::String_<std::allocator<void> > >)>&, std::_Bind<void (SmartphoneNode::*(SmartphoneNode*))(std::shared_ptr<example_interfaces::msg::String_<std::allocator<void> > >)>, std::__invoke_result<std::_Bind<void (SmartphoneNode::*(SmartphoneNode*))(std::shared_ptr<example_interfaces::msg::String_<std::allocator<void> > >)>&, std::shared_ptr<example_interfaces::msg::String_<std::allocator<void> > > > >; _Tp = void; _Res = void; _ArgTypes = {std::shared_ptr<example_interfaces::msg::String_<std::allocator<void> > >}][m[K’
[3.867s] [01m[K/usr/include/c++/11/bits/std_function.h:434:9:[m[K   required from ‘[01m[Krclcpp::AnySubscriptionCallback<MessageT, AllocatorT> rclcpp::AnySubscriptionCallback<MessageT, AllocatorT>::set(CallbackT) [with CallbackT = std::_Bind<void (SmartphoneNode::*(SmartphoneNode*))(std::shared_ptr<example_interfaces::msg::String_<std::allocator<void> > >)>; MessageT = example_interfaces::msg::String_<std::allocator<void> >; AllocatorT = std::allocator<void>][m[K’
[3.867s] [01m[K/opt/ros/humble/include/rclcpp/rclcpp/subscription_factory.hpp:94:32:[m[K   required from ‘[01m[Krclcpp::SubscriptionFactory rclcpp::create_subscription_factory(CallbackT&&, const rclcpp::SubscriptionOptionsWithAllocator<AllocatorT>&, typename MessageMemoryStrategyT::SharedPtr, std::shared_ptr<rclcpp::topic_statistics::SubscriptionTopicStatistics<ROSMessageType> >) [with MessageT = example_interfaces::msg::String_<std::allocator<void> >; CallbackT = std::_Bind<void (SmartphoneNode::*(SmartphoneNode*))(std::shared_ptr<example_interfaces::msg::String_<std::allocator<void> > >)>; AllocatorT = std::allocator<void>; SubscriptionT = rclcpp::Subscription<example_interfaces::msg::String_<std::allocator<void> > >; MessageMemoryStrategyT = rclcpp::message_memory_strategy::MessageMemoryStrategy<example_interfaces::msg::String_<std::allocator<void> >, std::allocator<void> >; ROSMessageType = example_interfaces::msg::String_<std::allocator<void> >; typename MessageMemoryStrategyT::SharedPtr = std::shared_ptr<rclcpp::message_memory_strategy::MessageMemoryStrategy<example_interfaces::msg::String_<std::allocator<void> >, std::allocator<void> > >][m[K’
[3.867s] [01m[K/opt/ros/humble/include/rclcpp/rclcpp/create_subscription.hpp:122:63:[m[K   required from ‘[01m[Kstd::shared_ptr<ROSMessageT> rclcpp::detail::create_subscription(NodeParametersT&, NodeTopicsT&, const string&, const rclcpp::QoS&, CallbackT&&, const rclcpp::SubscriptionOptionsWithAllocator<AllocatorT>&, typename MessageMemoryStrategyT::SharedPtr) [with MessageT = example_interfaces::msg::String_<std::allocator<void> >; CallbackT = std::_Bind<void (SmartphoneNode::*(SmartphoneNode*))(std::shared_ptr<example_interfaces::msg::String_<std::allocator<void> > >)>; AllocatorT = std::allocator<void>; SubscriptionT = rclcpp::Subscription<example_interfaces::msg::String_<std::allocator<void> > >; MessageMemoryStrategyT = rclcpp::message_memory_strategy::MessageMemoryStrategy<example_interfaces::msg::String_<std::allocator<void> >, std::allocator<void> >; NodeParametersT = rclcpp::Node; NodeTopicsT = rclcpp::Node; ROSMessageType = example_interfaces::msg::String_<std::allocator<void> >; std::string = std::__cxx11::basic_string<char>; typename MessageMemoryStrategyT::SharedPtr = std::shared_ptr<rclcpp::message_memory_strategy::MessageMemoryStrategy<example_interfaces::msg::String_<std::allocator<void> >, std::allocator<void> > >][m[K’
[3.867s] [01m[K/opt/ros/humble/include/rclcpp/rclcpp/create_subscription.hpp:191:76:[m[K   required from ‘[01m[Kstd::shared_ptr<ROSMessageT> rclcpp::create_subscription(NodeT&, const string&, const rclcpp::QoS&, CallbackT&&, const rclcpp::SubscriptionOptionsWithAllocator<AllocatorT>&, typename MessageMemoryStrategyT::SharedPtr) [with MessageT = example_interfaces::msg::String_<std::allocator<void> >; CallbackT = std::_Bind<void (SmartphoneNode::*(SmartphoneNode*))(std::shared_ptr<example_interfaces::msg::String_<std::allocator<void> > >)>; AllocatorT = std::allocator<void>; SubscriptionT = rclcpp::Subscription<example_interfaces::msg::String_<std::allocator<void> > >; MessageMemoryStrategyT = rclcpp::message_memory_strategy::MessageMemoryStrategy<example_interfaces::msg::String_<std::allocator<void> >, std::allocator<void> >; NodeT = rclcpp::Node; std::string = std::__cxx11::basic_string<char>; typename MessageMemoryStrategyT::SharedPtr = std::shared_ptr<rclcpp::message_memory_strategy::MessageMemoryStrategy<example_interfaces::msg::String_<std::allocator<void> >, std::allocator<void> > >][m[K’
[3.867s] [01m[K/opt/ros/humble/include/rclcpp/rclcpp/node_impl.hpp:99:47:[m[K   required from ‘[01m[Kstd::shared_ptr<ROSMessageT> rclcpp::Node::create_subscription(const string&, const rclcpp::QoS&, CallbackT&&, const rclcpp::SubscriptionOptionsWithAllocator<AllocatorT>&, typename MessageMemoryStrategyT::SharedPtr) [with MessageT = example_interfaces::msg::String_<std::allocator<void> >; CallbackT = std::_Bind<void (SmartphoneNode::*(SmartphoneNode*))(std::shared_ptr<example_interfaces::msg::String_<std::allocator<void> > >)>; AllocatorT = std::allocator<void>; SubscriptionT = rclcpp::Subscription<example_interfaces::msg::String_<std::allocator<void> > >; MessageMemoryStrategyT = rclcpp::message_memory_strategy::MessageMemoryStrategy<example_interfaces::msg::String_<std::allocator<void> >, std::allocator<void> >; std::string = std::__cxx11::basic_string<char>; typename MessageMemoryStrategyT::SharedPtr = std::shared_ptr<rclcpp::message_memory_strategy::MessageMemoryStrategy<example_interfaces::msg::String_<std::allocator<void> >, std::allocator<void> > >][m[K’
[3.867s] [01m[K/home/alrraf/Code/learning/ros2_ws/src/my_cpp_pkg/src/smartphone.cpp:7:82:[m[K   required from here
[3.868s] [01m[K/usr/include/c++/11/type_traits:2211:11:[m[K [01;31m[Kerror: [m[Kno type named ‘[01m[Ktype[m[K’ in ‘[01m[Kstruct std::enable_if<false, void>[m[K’
[3.868s]  2211 |     using [01;31m[K__enable_if_t[m[K = typename enable_if<_Cond, _Tp>::type;
[3.868s]       |           [01;31m[K^~~~~~~~~~~~~[m[K
[3.868s] In file included from [01m[K/usr/include/c++/11/functional:59[m[K,
[3.868s]                  from [01m[K/usr/include/c++/11/pstl/glue_algorithm_defs.h:13[m[K,
[3.868s]                  from [01m[K/usr/include/c++/11/algorithm:74[m[K,
[3.868s]                  from [01m[K/opt/ros/humble/include/example_interfaces/example_interfaces/msg/detail/string__struct.hpp:8[m[K,
[3.868s]                  from [01m[K/opt/ros/humble/include/example_interfaces/example_interfaces/msg/string.hpp:7[m[K,
[3.868s]                  from [01m[K/home/alrraf/Code/learning/ros2_ws/src/my_cpp_pkg/src/smartphone.cpp:1[m[K:
[3.868s] /opt/ros/humble/include/rclcpp/rclcpp/any_subscription_callback.hpp: In instantiation of ‘[01m[Krclcpp::AnySubscriptionCallback<MessageT, AllocatorT> rclcpp::AnySubscriptionCallback<MessageT, AllocatorT>::set(CallbackT) [with CallbackT = std::_Bind<void (SmartphoneNode::*(SmartphoneNode*))(std::shared_ptr<example_interfaces::msg::String_<std::allocator<void> > >)>; MessageT = example_interfaces::msg::String_<std::allocator<void> >; AllocatorT = std::allocator<void>][m[K’:
[3.869s] [01m[K/opt/ros/humble/include/rclcpp/rclcpp/subscription_factory.hpp:94:32:[m[K   required from ‘[01m[Krclcpp::SubscriptionFactory rclcpp::create_subscription_factory(CallbackT&&, const rclcpp::SubscriptionOptionsWithAllocator<AllocatorT>&, typename MessageMemoryStrategyT::SharedPtr, std::shared_ptr<rclcpp::topic_statistics::SubscriptionTopicStatistics<ROSMessageType> >) [with MessageT = example_interfaces::msg::String_<std::allocator<void> >; CallbackT = std::_Bind<void (SmartphoneNode::*(SmartphoneNode*))(std::shared_ptr<example_interfaces::msg::String_<std::allocator<void> > >)>; AllocatorT = std::allocator<void>; SubscriptionT = rclcpp::Subscription<example_interfaces::msg::String_<std::allocator<void> > >; MessageMemoryStrategyT = rclcpp::message_memory_strategy::MessageMemoryStrategy<example_interfaces::msg::String_<std::allocator<void> >, std::allocator<void> >; ROSMessageType = example_interfaces::msg::String_<std::allocator<void> >; typename MessageMemoryStrategyT::SharedPtr = std::shared_ptr<rclcpp::message_memory_strategy::MessageMemoryStrategy<example_interfaces::msg::String_<std::allocator<void> >, std::allocator<void> > >][m[K’
[3.869s] [01m[K/opt/ros/humble/include/rclcpp/rclcpp/create_subscription.hpp:122:63:[m[K   required from ‘[01m[Kstd::shared_ptr<ROSMessageT> rclcpp::detail::create_subscription(NodeParametersT&, NodeTopicsT&, const string&, const rclcpp::QoS&, CallbackT&&, const rclcpp::SubscriptionOptionsWithAllocator<AllocatorT>&, typename MessageMemoryStrategyT::SharedPtr) [with MessageT = example_interfaces::msg::String_<std::allocator<void> >; CallbackT = std::_Bind<void (SmartphoneNode::*(SmartphoneNode*))(std::shared_ptr<example_interfaces::msg::String_<std::allocator<void> > >)>; AllocatorT = std::allocator<void>; SubscriptionT = rclcpp::Subscription<example_interfaces::msg::String_<std::allocator<void> > >; MessageMemoryStrategyT = rclcpp::message_memory_strategy::MessageMemoryStrategy<example_interfaces::msg::String_<std::allocator<void> >, std::allocator<void> >; NodeParametersT = rclcpp::Node; NodeTopicsT = rclcpp::Node; ROSMessageType = example_interfaces::msg::String_<std::allocator<void> >; std::string = std::__cxx11::basic_string<char>; typename MessageMemoryStrategyT::SharedPtr = std::shared_ptr<rclcpp::message_memory_strategy::MessageMemoryStrategy<example_interfaces::msg::String_<std::allocator<void> >, std::allocator<void> > >][m[K’
[3.869s] [01m[K/opt/ros/humble/include/rclcpp/rclcpp/create_subscription.hpp:191:76:[m[K   required from ‘[01m[Kstd::shared_ptr<ROSMessageT> rclcpp::create_subscription(NodeT&, const string&, const rclcpp::QoS&, CallbackT&&, const rclcpp::SubscriptionOptionsWithAllocator<AllocatorT>&, typename MessageMemoryStrategyT::SharedPtr) [with MessageT = example_interfaces::msg::String_<std::allocator<void> >; CallbackT = std::_Bind<void (SmartphoneNode::*(SmartphoneNode*))(std::shared_ptr<example_interfaces::msg::String_<std::allocator<void> > >)>; AllocatorT = std::allocator<void>; SubscriptionT = rclcpp::Subscription<example_interfaces::msg::String_<std::allocator<void> > >; MessageMemoryStrategyT = rclcpp::message_memory_strategy::MessageMemoryStrategy<example_interfaces::msg::String_<std::allocator<void> >, std::allocator<void> >; NodeT = rclcpp::Node; std::string = std::__cxx11::basic_string<char>; typename MessageMemoryStrategyT::SharedPtr = std::shared_ptr<rclcpp::message_memory_strategy::MessageMemoryStrategy<example_interfaces::msg::String_<std::allocator<void> >, std::allocator<void> > >][m[K’
[3.869s] [01m[K/opt/ros/humble/include/rclcpp/rclcpp/node_impl.hpp:99:47:[m[K   required from ‘[01m[Kstd::shared_ptr<ROSMessageT> rclcpp::Node::create_subscription(const string&, const rclcpp::QoS&, CallbackT&&, const rclcpp::SubscriptionOptionsWithAllocator<AllocatorT>&, typename MessageMemoryStrategyT::SharedPtr) [with MessageT = example_interfaces::msg::String_<std::allocator<void> >; CallbackT = std::_Bind<void (SmartphoneNode::*(SmartphoneNode*))(std::shared_ptr<example_interfaces::msg::String_<std::allocator<void> > >)>; AllocatorT = std::allocator<void>; SubscriptionT = rclcpp::Subscription<example_interfaces::msg::String_<std::allocator<void> > >; MessageMemoryStrategyT = rclcpp::message_memory_strategy::MessageMemoryStrategy<example_interfaces::msg::String_<std::allocator<void> >, std::allocator<void> >; std::string = std::__cxx11::basic_string<char>; typename MessageMemoryStrategyT::SharedPtr = std::shared_ptr<rclcpp::message_memory_strategy::MessageMemoryStrategy<example_interfaces::msg::String_<std::allocator<void> >, std::allocator<void> > >][m[K’
[3.869s] [01m[K/home/alrraf/Code/learning/ros2_ws/src/my_cpp_pkg/src/smartphone.cpp:7:82:[m[K   required from here
[3.869s] [01m[K/usr/include/c++/11/bits/std_function.h:404:7:[m[K [01;36m[Knote: [m[Kcandidate: ‘[01m[Kstd::function<_Res(_ArgTypes ...)>::function(std::function<_Res(_ArgTypes ...)>&&) [with _Res = void; _ArgTypes = {std::shared_ptr<example_interfaces::msg::String_<std::allocator<void> > >}][m[K’
[3.869s]   404 |       [01;36m[Kfunction[m[K(function&& __x) noexcept
[3.869s]       |       [01;36m[K^~~~~~~~[m[K
[3.870s] [01m[K/usr/include/c++/11/bits/std_function.h:404:27:[m[K [01;36m[Knote: [m[K  no known conversion for argument 1 from ‘[01m[Kstd::_Bind<void (SmartphoneNode::*(SmartphoneNode*))(std::shared_ptr<example_interfaces::msg::String_<std::allocator<void> > >)>[m[K’ to ‘[01m[Kstd::function<void(std::shared_ptr<example_interfaces::msg::String_<std::allocator<void> > >)>&&[m[K’
[3.870s]   404 |       function([01;36m[Kfunction&& __x[m[K) noexcept
[3.870s]       |                [01;36m[K~~~~~~~~~~~^~~[m[K
[3.870s] [01m[K/usr/include/c++/11/bits/std_function.h:386:7:[m[K [01;36m[Knote: [m[Kcandidate: ‘[01m[Kstd::function<_Res(_ArgTypes ...)>::function(const std::function<_Res(_ArgTypes ...)>&) [with _Res = void; _ArgTypes = {std::shared_ptr<example_interfaces::msg::String_<std::allocator<void> > >}][m[K’
[3.870s]   386 |       [01;36m[Kfunction[m[K(const function& __x)
[3.870s]       |       [01;36m[K^~~~~~~~[m[K
[3.870s] [01m[K/usr/include/c++/11/bits/std_function.h:386:32:[m[K [01;36m[Knote: [m[K  no known conversion for argument 1 from ‘[01m[Kstd::_Bind<void (SmartphoneNode::*(SmartphoneNode*))(std::shared_ptr<example_interfaces::msg::String_<std::allocator<void> > >)>[m[K’ to ‘[01m[Kconst std::function<void(std::shared_ptr<example_interfaces::msg::String_<std::allocator<void> > >)>&[m[K’
[3.870s]   386 |       function([01;36m[Kconst function& __x[m[K)
[3.870s]       |                [01;36m[K~~~~~~~~~~~~~~~~^~~[m[K
[3.870s] [01m[K/usr/include/c++/11/bits/std_function.h:375:7:[m[K [01;36m[Knote: [m[Kcandidate: ‘[01m[Kstd::function<_Res(_ArgTypes ...)>::function(std::nullptr_t) [with _Res = void; _ArgTypes = {std::shared_ptr<example_interfaces::msg::String_<std::allocator<void> > >}; std::nullptr_t = std::nullptr_t][m[K’
[3.870s]   375 |       [01;36m[Kfunction[m[K(nullptr_t) noexcept
[3.870s]       |       [01;36m[K^~~~~~~~[m[K
[3.871s] [01m[K/usr/include/c++/11/bits/std_function.h:375:16:[m[K [01;36m[Knote: [m[K  no known conversion for argument 1 from ‘[01m[Kstd::_Bind<void (SmartphoneNode::*(SmartphoneNode*))(std::shared_ptr<example_interfaces::msg::String_<std::allocator<void> > >)>[m[K’ to ‘[01m[Kstd::nullptr_t[m[K’
[3.871s]   375 |       function([01;36m[Knullptr_t[m[K) noexcept
[3.871s]       |                [01;36m[K^~~~~~~~~[m[K
[3.871s] [01m[K/usr/include/c++/11/bits/std_function.h:368:7:[m[K [01;36m[Knote: [m[Kcandidate: ‘[01m[Kstd::function<_Res(_ArgTypes ...)>::function() [with _Res = void; _ArgTypes = {std::shared_ptr<example_interfaces::msg::String_<std::allocator<void> > >}][m[K’
[3.871s]   368 |       [01;36m[Kfunction[m[K() noexcept
[3.871s]       |       [01;36m[K^~~~~~~~[m[K
[3.871s] [01m[K/usr/include/c++/11/bits/std_function.h:368:7:[m[K [01;36m[Knote: [m[K  candidate expects 0 arguments, 1 provided
[5.473s] [ 83%] [32m[1mLinking CXX executable robot_news_station[0m
[5.775s] [ 83%] Built target robot_news_station
[6.053s] gmake[2]: *** [CMakeFiles/smartphone.dir/build.make:76: CMakeFiles/smartphone.dir/src/smartphone.cpp.o] Error 1
[6.053s] gmake[1]: *** [CMakeFiles/Makefile2:193: CMakeFiles/smartphone.dir/all] Error 2
[6.053s] gmake: *** [Makefile:146: all] Error 2
[6.056s] Invoked command in '/home/alrraf/Code/learning/ros2_ws/build/my_cpp_pkg' returned '2': CMAKE_PREFIX_PATH=${CMAKE_PREFIX_PATH}:/home/alrraf/Code/learning/ros2_ws/install/my_py_pkg:/home/alrraf/ros2_ws/install/my_py_pkg:/opt/ros/humble /usr/bin/cmake --build /home/alrraf/Code/learning/ros2_ws/build/my_cpp_pkg -- -j12 -l12
