[0.758s] Invoking command in '/home/alrraf/Code/learning/ros2_ws/src/my_py_pkg': PYTHONPATH=/home/alrraf/Code/learning/ros2_ws/src/install/my_py_pkg/lib/python3.10/site-packages:${PYTHONPATH} /usr/bin/python3 setup.py egg_info --egg-base ../build/my_py_pkg build --build-base /home/alrraf/Code/learning/ros2_ws/src/build/my_py_pkg/build install --prefix /home/alrraf/Code/learning/ros2_ws/src/install/my_py_pkg --record /home/alrraf/Code/learning/ros2_ws/src/build/my_py_pkg/install.log --single-version-externally-managed
[1.054s] running egg_info
[1.055s] writing ../build/my_py_pkg/my_py_pkg.egg-info/PKG-INFO
[1.056s] writing dependency_links to ../build/my_py_pkg/my_py_pkg.egg-info/dependency_links.txt
[1.056s] writing entry points to ../build/my_py_pkg/my_py_pkg.egg-info/entry_points.txt
[1.056s] writing requirements to ../build/my_py_pkg/my_py_pkg.egg-info/requires.txt
[1.056s] writing top-level names to ../build/my_py_pkg/my_py_pkg.egg-info/top_level.txt
[1.059s] reading manifest file '../build/my_py_pkg/my_py_pkg.egg-info/SOURCES.txt'
[1.060s] writing manifest file '../build/my_py_pkg/my_py_pkg.egg-info/SOURCES.txt'
[1.061s] running build
[1.061s] running build_py
[1.061s] copying my_py_pkg/add_two_ints_client.py -> /home/alrraf/Code/learning/ros2_ws/src/build/my_py_pkg/build/lib/my_py_pkg
[1.061s] copying my_py_pkg/add_two_ints_client_no_oop.py -> /home/alrraf/Code/learning/ros2_ws/src/build/my_py_pkg/build/lib/my_py_pkg
[1.062s] running install
[1.062s] /usr/lib/python3/dist-packages/setuptools/command/install.py:34: SetuptoolsDeprecationWarning: setup.py install is deprecated. Use build and pip and other standards-based tools.
[1.062s]   warnings.warn(
[1.063s] running install_lib
[1.064s] copying /home/alrraf/Code/learning/ros2_ws/src/build/my_py_pkg/build/lib/my_py_pkg/add_two_ints_client.py -> /home/alrraf/Code/learning/ros2_ws/src/install/my_py_pkg/lib/python3.10/site-packages/my_py_pkg
[1.064s] copying /home/alrraf/Code/learning/ros2_ws/src/build/my_py_pkg/build/lib/my_py_pkg/add_two_ints_client_no_oop.py -> /home/alrraf/Code/learning/ros2_ws/src/install/my_py_pkg/lib/python3.10/site-packages/my_py_pkg
[1.065s] byte-compiling /home/alrraf/Code/learning/ros2_ws/src/install/my_py_pkg/lib/python3.10/site-packages/my_py_pkg/add_two_ints_client.py to add_two_ints_client.cpython-310.pyc
[1.066s] byte-compiling /home/alrraf/Code/learning/ros2_ws/src/install/my_py_pkg/lib/python3.10/site-packages/my_py_pkg/add_two_ints_client_no_oop.py to add_two_ints_client_no_oop.cpython-310.pyc
[1.067s] running install_data
[1.068s] running install_egg_info
[1.070s] removing '/home/alrraf/Code/learning/ros2_ws/src/install/my_py_pkg/lib/python3.10/site-packages/my_py_pkg-0.0.0-py3.10.egg-info' (and everything under it)
[1.070s] Copying ../build/my_py_pkg/my_py_pkg.egg-info to /home/alrraf/Code/learning/ros2_ws/src/install/my_py_pkg/lib/python3.10/site-packages/my_py_pkg-0.0.0-py3.10.egg-info
[1.071s] running install_scripts
[1.100s] Installing add_two_ints_client script to /home/alrraf/Code/learning/ros2_ws/src/install/my_py_pkg/lib/my_py_pkg
[1.100s] Installing add_two_ints_client_no_oop script to /home/alrraf/Code/learning/ros2_ws/src/install/my_py_pkg/lib/my_py_pkg
[1.101s] Installing add_two_ints_server script to /home/alrraf/Code/learning/ros2_ws/src/install/my_py_pkg/lib/my_py_pkg
[1.101s] Installing py_node script to /home/alrraf/Code/learning/ros2_ws/src/install/my_py_pkg/lib/my_py_pkg
[1.101s] Installing robot_news_station script to /home/alrraf/Code/learning/ros2_ws/src/install/my_py_pkg/lib/my_py_pkg
[1.101s] Installing smartphone script to /home/alrraf/Code/learning/ros2_ws/src/install/my_py_pkg/lib/my_py_pkg
[1.101s] writing list of installed files to '/home/alrraf/Code/learning/ros2_ws/src/build/my_py_pkg/install.log'
[1.153s] Invoked command in '/home/alrraf/Code/learning/ros2_ws/src/my_py_pkg' returned '0': PYTHONPATH=/home/alrraf/Code/learning/ros2_ws/src/install/my_py_pkg/lib/python3.10/site-packages:${PYTHONPATH} /usr/bin/python3 setup.py egg_info --egg-base ../build/my_py_pkg build --build-base /home/alrraf/Code/learning/ros2_ws/src/build/my_py_pkg/build install --prefix /home/alrraf/Code/learning/ros2_ws/src/install/my_py_pkg --record /home/alrraf/Code/learning/ros2_ws/src/build/my_py_pkg/install.log --single-version-externally-managed
