[0.018s] Invoking command in '/home/alrraf/Code/learning/ros2_ws/src/my_cpp_pkg/build/my_cpp_pkg': CMAKE_PREFIX_PATH=${CMAKE_PREFIX_PATH}:/home/alrraf/Code/learning/ros2_ws/install/my_py_pkg:/home/alrraf/ros2_ws/install/my_py_pkg:/opt/ros/humble /usr/bin/cmake --build /home/alrraf/Code/learning/ros2_ws/src/my_cpp_pkg/build/my_cpp_pkg -- -j12 -l12
[0.058s] -- Found ament_cmake: 1.3.2 (/opt/ros/humble/share/ament_cmake/cmake)
[0.219s] -- Found rclcpp: 16.0.1 (/opt/ros/humble/share/rclcpp/cmake)
[0.263s] -- Found rosidl_generator_c: 3.1.3 (/opt/ros/humble/share/rosidl_generator_c/cmake)
[0.266s] -- Found rosidl_adapter: 3.1.3 (/opt/ros/humble/share/rosidl_adapter/cmake)
[0.274s] -- Found rosidl_generator_cpp: 3.1.3 (/opt/ros/humble/share/rosidl_generator_cpp/cmake)
[0.288s] -- Using all available rosidl_typesupport_c: rosidl_typesupport_fastrtps_c;rosidl_typesupport_introspection_c
[0.306s] -- Using all available rosidl_typesupport_cpp: rosidl_typesupport_fastrtps_cpp;rosidl_typesupport_introspection_cpp
[0.371s] -- Found rmw_implementation_cmake: 6.1.0 (/opt/ros/humble/share/rmw_implementation_cmake/cmake)
[0.373s] -- Found rmw_fastrtps_cpp: 6.2.1 (/opt/ros/humble/share/rmw_fastrtps_cpp/cmake)
[0.492s] -- Using RMW implementation 'rmw_fastrtps_cpp' as default
[0.643s] -- Found example_interfaces: 0.9.3 (/opt/ros/humble/share/example_interfaces/cmake)
[0.778s] -- Found my_robot_interfaces: 0.0.0 (/home/alrraf/Code/learning/ros2_ws/install/my_robot_interfaces/share/my_robot_interfaces/cmake)
[0.860s] -- Configuring done
[0.892s] -- Generating done
[0.894s] -- Build files have been written to: /home/alrraf/Code/learning/ros2_ws/src/my_cpp_pkg/build/my_cpp_pkg
[0.926s] [35m[1mConsolidate compiler generated dependencies of target robot_news_station[0m
[0.926s] [35m[1mConsolidate compiler generated dependencies of target cpp_node[0m
[0.926s] [35m[1mConsolidate compiler generated dependencies of target add_two_ints_server[0m
[0.927s] [35m[1mConsolidate compiler generated dependencies of target add_two_ints_client[0m
[0.927s] [35m[1mConsolidate compiler generated dependencies of target smartphone[0m
[0.927s] [35m[1mConsolidate compiler generated dependencies of target number_publisher[0m
[0.927s] [35m[1mConsolidate compiler generated dependencies of target add_two_ints_client_no_oop[0m
[0.929s] [35m[1mConsolidate compiler generated dependencies of target number_counter[0m
[0.938s] [  5%] [32mBuilding CXX object CMakeFiles/battery.dir/src/battery.cpp.o[0m
[0.941s] [ 10%] [32mBuilding CXX object CMakeFiles/led_panel.dir/src/led_panel.cpp.o[0m
[0.948s] [ 60%] Built target number_publisher
[0.948s] [ 60%] Built target add_two_ints_client
[0.948s] [ 65%] Built target robot_news_station
[0.949s] [ 65%] Built target smartphone
[0.949s] [ 65%] Built target cpp_node
[0.949s] [ 70%] Built target add_two_ints_server
[0.949s] [ 80%] Built target add_two_ints_client_no_oop
[0.952s] [ 90%] Built target number_counter
[4.108s] [ 95%] [32m[1mLinking CXX executable battery[0m
[4.276s] [ 95%] Built target battery
[5.125s] [100%] [32m[1mLinking CXX executable led_panel[0m
[5.343s] [100%] Built target led_panel
[5.355s] Invoked command in '/home/alrraf/Code/learning/ros2_ws/src/my_cpp_pkg/build/my_cpp_pkg' returned '0': CMAKE_PREFIX_PATH=${CMAKE_PREFIX_PATH}:/home/alrraf/Code/learning/ros2_ws/install/my_py_pkg:/home/alrraf/ros2_ws/install/my_py_pkg:/opt/ros/humble /usr/bin/cmake --build /home/alrraf/Code/learning/ros2_ws/src/my_cpp_pkg/build/my_cpp_pkg -- -j12 -l12
[5.394s] Invoking command in '/home/alrraf/Code/learning/ros2_ws/src/my_cpp_pkg/build/my_cpp_pkg': CMAKE_PREFIX_PATH=${CMAKE_PREFIX_PATH}:/home/alrraf/Code/learning/ros2_ws/install/my_py_pkg:/home/alrraf/ros2_ws/install/my_py_pkg:/opt/ros/humble /usr/bin/cmake --install /home/alrraf/Code/learning/ros2_ws/src/my_cpp_pkg/build/my_cpp_pkg
[5.401s] -- Install configuration: ""
[5.402s] -- Installing: /home/alrraf/Code/learning/ros2_ws/src/my_cpp_pkg/install/my_cpp_pkg/lib/my_cpp_pkg/cpp_node
[5.402s] -- Set runtime path of "/home/alrraf/Code/learning/ros2_ws/src/my_cpp_pkg/install/my_cpp_pkg/lib/my_cpp_pkg/cpp_node" to ""
[5.403s] -- Installing: /home/alrraf/Code/learning/ros2_ws/src/my_cpp_pkg/install/my_cpp_pkg/lib/my_cpp_pkg/robot_news_station
[5.405s] -- Set runtime path of "/home/alrraf/Code/learning/ros2_ws/src/my_cpp_pkg/install/my_cpp_pkg/lib/my_cpp_pkg/robot_news_station" to ""
[5.405s] -- Installing: /home/alrraf/Code/learning/ros2_ws/src/my_cpp_pkg/install/my_cpp_pkg/lib/my_cpp_pkg/smartphone
[5.411s] -- Set runtime path of "/home/alrraf/Code/learning/ros2_ws/src/my_cpp_pkg/install/my_cpp_pkg/lib/my_cpp_pkg/smartphone" to ""
[5.411s] -- Installing: /home/alrraf/Code/learning/ros2_ws/src/my_cpp_pkg/install/my_cpp_pkg/lib/my_cpp_pkg/add_two_ints_server
[5.413s] -- Set runtime path of "/home/alrraf/Code/learning/ros2_ws/src/my_cpp_pkg/install/my_cpp_pkg/lib/my_cpp_pkg/add_two_ints_server" to ""
[5.413s] -- Installing: /home/alrraf/Code/learning/ros2_ws/src/my_cpp_pkg/install/my_cpp_pkg/lib/my_cpp_pkg/add_two_ints_client_no_oop
[5.415s] -- Set runtime path of "/home/alrraf/Code/learning/ros2_ws/src/my_cpp_pkg/install/my_cpp_pkg/lib/my_cpp_pkg/add_two_ints_client_no_oop" to ""
[5.415s] -- Installing: /home/alrraf/Code/learning/ros2_ws/src/my_cpp_pkg/install/my_cpp_pkg/lib/my_cpp_pkg/add_two_ints_client
[5.416s] -- Set runtime path of "/home/alrraf/Code/learning/ros2_ws/src/my_cpp_pkg/install/my_cpp_pkg/lib/my_cpp_pkg/add_two_ints_client" to ""
[5.416s] -- Installing: /home/alrraf/Code/learning/ros2_ws/src/my_cpp_pkg/install/my_cpp_pkg/lib/my_cpp_pkg/number_publisher
[5.419s] -- Set runtime path of "/home/alrraf/Code/learning/ros2_ws/src/my_cpp_pkg/install/my_cpp_pkg/lib/my_cpp_pkg/number_publisher" to ""
[5.419s] -- Installing: /home/alrraf/Code/learning/ros2_ws/src/my_cpp_pkg/install/my_cpp_pkg/lib/my_cpp_pkg/number_counter
[5.425s] -- Set runtime path of "/home/alrraf/Code/learning/ros2_ws/src/my_cpp_pkg/install/my_cpp_pkg/lib/my_cpp_pkg/number_counter" to ""
[5.425s] -- Installing: /home/alrraf/Code/learning/ros2_ws/src/my_cpp_pkg/install/my_cpp_pkg/lib/my_cpp_pkg/led_panel
[5.427s] -- Set runtime path of "/home/alrraf/Code/learning/ros2_ws/src/my_cpp_pkg/install/my_cpp_pkg/lib/my_cpp_pkg/led_panel" to ""
[5.427s] -- Installing: /home/alrraf/Code/learning/ros2_ws/src/my_cpp_pkg/install/my_cpp_pkg/lib/my_cpp_pkg/battery
[5.428s] -- Set runtime path of "/home/alrraf/Code/learning/ros2_ws/src/my_cpp_pkg/install/my_cpp_pkg/lib/my_cpp_pkg/battery" to ""
[5.428s] -- Installing: /home/alrraf/Code/learning/ros2_ws/src/my_cpp_pkg/install/my_cpp_pkg/share/ament_index/resource_index/package_run_dependencies/my_cpp_pkg
[5.428s] -- Installing: /home/alrraf/Code/learning/ros2_ws/src/my_cpp_pkg/install/my_cpp_pkg/share/ament_index/resource_index/parent_prefix_path/my_cpp_pkg
[5.428s] -- Installing: /home/alrraf/Code/learning/ros2_ws/src/my_cpp_pkg/install/my_cpp_pkg/share/my_cpp_pkg/environment/ament_prefix_path.sh
[5.428s] -- Installing: /home/alrraf/Code/learning/ros2_ws/src/my_cpp_pkg/install/my_cpp_pkg/share/my_cpp_pkg/environment/ament_prefix_path.dsv
[5.428s] -- Installing: /home/alrraf/Code/learning/ros2_ws/src/my_cpp_pkg/install/my_cpp_pkg/share/my_cpp_pkg/environment/path.sh
[5.429s] -- Installing: /home/alrraf/Code/learning/ros2_ws/src/my_cpp_pkg/install/my_cpp_pkg/share/my_cpp_pkg/environment/path.dsv
[5.429s] -- Installing: /home/alrraf/Code/learning/ros2_ws/src/my_cpp_pkg/install/my_cpp_pkg/share/my_cpp_pkg/local_setup.bash
[5.429s] -- Installing: /home/alrraf/Code/learning/ros2_ws/src/my_cpp_pkg/install/my_cpp_pkg/share/my_cpp_pkg/local_setup.sh
[5.429s] -- Installing: /home/alrraf/Code/learning/ros2_ws/src/my_cpp_pkg/install/my_cpp_pkg/share/my_cpp_pkg/local_setup.zsh
[5.429s] -- Installing: /home/alrraf/Code/learning/ros2_ws/src/my_cpp_pkg/install/my_cpp_pkg/share/my_cpp_pkg/local_setup.dsv
[5.429s] -- Installing: /home/alrraf/Code/learning/ros2_ws/src/my_cpp_pkg/install/my_cpp_pkg/share/my_cpp_pkg/package.dsv
[5.429s] -- Installing: /home/alrraf/Code/learning/ros2_ws/src/my_cpp_pkg/install/my_cpp_pkg/share/ament_index/resource_index/packages/my_cpp_pkg
[5.429s] -- Installing: /home/alrraf/Code/learning/ros2_ws/src/my_cpp_pkg/install/my_cpp_pkg/share/my_cpp_pkg/cmake/my_cpp_pkgConfig.cmake
[5.429s] -- Installing: /home/alrraf/Code/learning/ros2_ws/src/my_cpp_pkg/install/my_cpp_pkg/share/my_cpp_pkg/cmake/my_cpp_pkgConfig-version.cmake
[5.429s] -- Installing: /home/alrraf/Code/learning/ros2_ws/src/my_cpp_pkg/install/my_cpp_pkg/share/my_cpp_pkg/package.xml
[5.432s] Invoked command in '/home/alrraf/Code/learning/ros2_ws/src/my_cpp_pkg/build/my_cpp_pkg' returned '0': CMAKE_PREFIX_PATH=${CMAKE_PREFIX_PATH}:/home/alrraf/Code/learning/ros2_ws/install/my_py_pkg:/home/alrraf/ros2_ws/install/my_py_pkg:/opt/ros/humble /usr/bin/cmake --install /home/alrraf/Code/learning/ros2_ws/src/my_cpp_pkg/build/my_cpp_pkg
