[35m[1mConsolidate compiler generated dependencies of target add_two_ints_client[0m
[35m[1mConsolidate compiler generated dependencies of target add_two_ints_server[0m
[ 66%] Built target robot_news_station
[ 66%] Built target add_two_ints_client_no_oop
[ 66%] Built target cpp_node
[ 66%] Built target smartphone
[ 75%] [32mBuilding CXX object CMakeFiles/add_two_ints_client.dir/src/add_two_ints_client.cpp.o[0m
[ 91%] Built target add_two_ints_server
[01m[K/home/alrraf/Code/learning/ros2_ws/src/my_cpp_pkg/src/add_two_ints_client.cpp:[m[K In member function ‘[01m[Kvoid AddTwoIntsClient::callAddTwoIntsService(int, int)[m[K’:
[01m[K/home/alrraf/Code/learning/ros2_ws/src/my_cpp_pkg/src/add_two_ints_client.cpp:27:39:[m[K [01;35m[Kwarning: [m[Kcatching polymorphic type ‘[01m[Kconst class std::exception[m[K’ by value [[01;35m[K]8;;https://gcc.gnu.org/onlinedocs/gcc/Warning-Options.html#index-Wcatch-value=-Wcatch-value=]8;;[m[K]
   27 |         } catch (const std::exception [01;35m[Ke[m[K) {
      |                                       [01;35m[K^[m[K
[100%] [32m[1mLinking CXX executable add_two_ints_client[0m
[100%] Built target add_two_ints_client
-- Install configuration: ""
-- Up-to-date: /home/alrraf/Code/learning/ros2_ws/install/my_cpp_pkg/lib/my_cpp_pkg/cpp_node
-- Up-to-date: /home/alrraf/Code/learning/ros2_ws/install/my_cpp_pkg/lib/my_cpp_pkg/robot_news_station
-- Up-to-date: /home/alrraf/Code/learning/ros2_ws/install/my_cpp_pkg/lib/my_cpp_pkg/smartphone
-- Up-to-date: /home/alrraf/Code/learning/ros2_ws/install/my_cpp_pkg/lib/my_cpp_pkg/add_two_ints_server
-- Up-to-date: /home/alrraf/Code/learning/ros2_ws/install/my_cpp_pkg/lib/my_cpp_pkg/add_two_ints_client_no_oop
-- Installing: /home/alrraf/Code/learning/ros2_ws/install/my_cpp_pkg/lib/my_cpp_pkg/add_two_ints_client
-- Set runtime path of "/home/alrraf/Code/learning/ros2_ws/install/my_cpp_pkg/lib/my_cpp_pkg/add_two_ints_client" to ""
-- Up-to-date: /home/alrraf/Code/learning/ros2_ws/install/my_cpp_pkg/share/ament_index/resource_index/package_run_dependencies/my_cpp_pkg
-- Up-to-date: /home/alrraf/Code/learning/ros2_ws/install/my_cpp_pkg/share/ament_index/resource_index/parent_prefix_path/my_cpp_pkg
-- Up-to-date: /home/alrraf/Code/learning/ros2_ws/install/my_cpp_pkg/share/my_cpp_pkg/environment/ament_prefix_path.sh
-- Up-to-date: /home/alrraf/Code/learning/ros2_ws/install/my_cpp_pkg/share/my_cpp_pkg/environment/ament_prefix_path.dsv
-- Up-to-date: /home/alrraf/Code/learning/ros2_ws/install/my_cpp_pkg/share/my_cpp_pkg/environment/path.sh
-- Up-to-date: /home/alrraf/Code/learning/ros2_ws/install/my_cpp_pkg/share/my_cpp_pkg/environment/path.dsv
-- Up-to-date: /home/alrraf/Code/learning/ros2_ws/install/my_cpp_pkg/share/my_cpp_pkg/local_setup.bash
-- Up-to-date: /home/alrraf/Code/learning/ros2_ws/install/my_cpp_pkg/share/my_cpp_pkg/local_setup.sh
-- Up-to-date: /home/alrraf/Code/learning/ros2_ws/install/my_cpp_pkg/share/my_cpp_pkg/local_setup.zsh
-- Up-to-date: /home/alrraf/Code/learning/ros2_ws/install/my_cpp_pkg/share/my_cpp_pkg/local_setup.dsv
-- Installing: /home/alrraf/Code/learning/ros2_ws/install/my_cpp_pkg/share/my_cpp_pkg/package.dsv
-- Up-to-date: /home/alrraf/Code/learning/ros2_ws/install/my_cpp_pkg/share/ament_index/resource_index/packages/my_cpp_pkg
-- Up-to-date: /home/alrraf/Code/learning/ros2_ws/install/my_cpp_pkg/share/my_cpp_pkg/cmake/my_cpp_pkgConfig.cmake
-- Up-to-date: /home/alrraf/Code/learning/ros2_ws/install/my_cpp_pkg/share/my_cpp_pkg/cmake/my_cpp_pkgConfig-version.cmake
-- Up-to-date: /home/alrraf/Code/learning/ros2_ws/install/my_cpp_pkg/share/my_cpp_pkg/package.xml
