[0.016s] Invoking command in '/home/alrraf/Code/learning/ros2_ws/build/my_cpp_pkg': CMAKE_PREFIX_PATH=${CMAKE_PREFIX_PATH}:/home/alrraf/Code/learning/ros2_ws/install/my_py_pkg:/home/alrraf/ros2_ws/install/my_py_pkg:/opt/ros/humble /usr/bin/cmake --build /home/alrraf/Code/learning/ros2_ws/build/my_cpp_pkg -- -j12 -l12
[0.062s] [35m[1mConsolidate compiler generated dependencies of target add_two_ints_client[0m
[0.062s] [35m[1mConsolidate compiler generated dependencies of target add_two_ints_server[0m
[0.074s] [ 66%] Built target robot_news_station
[0.074s] [ 66%] Built target add_two_ints_client_no_oop
[0.075s] [ 66%] Built target cpp_node
[0.075s] [ 66%] Built target smartphone
[0.077s] [ 75%] [32mBuilding CXX object CMakeFiles/add_two_ints_client.dir/src/add_two_ints_client.cpp.o[0m
[0.078s] [ 91%] Built target add_two_ints_server
[2.076s] [01m[K/home/alrraf/Code/learning/ros2_ws/src/my_cpp_pkg/src/add_two_ints_client.cpp:[m[K In member function ‘[01m[Kvoid AddTwoIntsClient::callAddTwoIntsService(int, int)[m[K’:
[2.076s] [01m[K/home/alrraf/Code/learning/ros2_ws/src/my_cpp_pkg/src/add_two_ints_client.cpp:27:39:[m[K [01;35m[Kwarning: [m[Kcatching polymorphic type ‘[01m[Kconst class std::exception[m[K’ by value [[01;35m[K]8;;https://gcc.gnu.org/onlinedocs/gcc/Warning-Options.html#index-Wcatch-value=-Wcatch-value=]8;;[m[K]
[2.077s]    27 |         } catch (const std::exception [01;35m[Ke[m[K) {
[2.077s]       |                                       [01;35m[K^[m[K
[3.101s] [100%] [32m[1mLinking CXX executable add_two_ints_client[0m
[3.298s] [100%] Built target add_two_ints_client
[3.307s] Invoked command in '/home/alrraf/Code/learning/ros2_ws/build/my_cpp_pkg' returned '0': CMAKE_PREFIX_PATH=${CMAKE_PREFIX_PATH}:/home/alrraf/Code/learning/ros2_ws/install/my_py_pkg:/home/alrraf/ros2_ws/install/my_py_pkg:/opt/ros/humble /usr/bin/cmake --build /home/alrraf/Code/learning/ros2_ws/build/my_cpp_pkg -- -j12 -l12
[3.346s] Invoking command in '/home/alrraf/Code/learning/ros2_ws/build/my_cpp_pkg': CMAKE_PREFIX_PATH=${CMAKE_PREFIX_PATH}:/home/alrraf/Code/learning/ros2_ws/install/my_py_pkg:/home/alrraf/ros2_ws/install/my_py_pkg:/opt/ros/humble /usr/bin/cmake --install /home/alrraf/Code/learning/ros2_ws/build/my_cpp_pkg
[3.352s] -- Install configuration: ""
[3.352s] -- Up-to-date: /home/alrraf/Code/learning/ros2_ws/install/my_cpp_pkg/lib/my_cpp_pkg/cpp_node
[3.352s] -- Up-to-date: /home/alrraf/Code/learning/ros2_ws/install/my_cpp_pkg/lib/my_cpp_pkg/robot_news_station
[3.352s] -- Up-to-date: /home/alrraf/Code/learning/ros2_ws/install/my_cpp_pkg/lib/my_cpp_pkg/smartphone
[3.352s] -- Up-to-date: /home/alrraf/Code/learning/ros2_ws/install/my_cpp_pkg/lib/my_cpp_pkg/add_two_ints_server
[3.353s] -- Up-to-date: /home/alrraf/Code/learning/ros2_ws/install/my_cpp_pkg/lib/my_cpp_pkg/add_two_ints_client_no_oop
[3.353s] -- Installing: /home/alrraf/Code/learning/ros2_ws/install/my_cpp_pkg/lib/my_cpp_pkg/add_two_ints_client
[3.354s] -- Set runtime path of "/home/alrraf/Code/learning/ros2_ws/install/my_cpp_pkg/lib/my_cpp_pkg/add_two_ints_client" to ""
[3.354s] -- Up-to-date: /home/alrraf/Code/learning/ros2_ws/install/my_cpp_pkg/share/ament_index/resource_index/package_run_dependencies/my_cpp_pkg
[3.354s] -- Up-to-date: /home/alrraf/Code/learning/ros2_ws/install/my_cpp_pkg/share/ament_index/resource_index/parent_prefix_path/my_cpp_pkg
[3.354s] -- Up-to-date: /home/alrraf/Code/learning/ros2_ws/install/my_cpp_pkg/share/my_cpp_pkg/environment/ament_prefix_path.sh
[3.354s] -- Up-to-date: /home/alrraf/Code/learning/ros2_ws/install/my_cpp_pkg/share/my_cpp_pkg/environment/ament_prefix_path.dsv
[3.354s] -- Up-to-date: /home/alrraf/Code/learning/ros2_ws/install/my_cpp_pkg/share/my_cpp_pkg/environment/path.sh
[3.354s] -- Up-to-date: /home/alrraf/Code/learning/ros2_ws/install/my_cpp_pkg/share/my_cpp_pkg/environment/path.dsv
[3.354s] -- Up-to-date: /home/alrraf/Code/learning/ros2_ws/install/my_cpp_pkg/share/my_cpp_pkg/local_setup.bash
[3.354s] -- Up-to-date: /home/alrraf/Code/learning/ros2_ws/install/my_cpp_pkg/share/my_cpp_pkg/local_setup.sh
[3.355s] -- Up-to-date: /home/alrraf/Code/learning/ros2_ws/install/my_cpp_pkg/share/my_cpp_pkg/local_setup.zsh
[3.355s] -- Up-to-date: /home/alrraf/Code/learning/ros2_ws/install/my_cpp_pkg/share/my_cpp_pkg/local_setup.dsv
[3.355s] -- Installing: /home/alrraf/Code/learning/ros2_ws/install/my_cpp_pkg/share/my_cpp_pkg/package.dsv
[3.355s] -- Up-to-date: /home/alrraf/Code/learning/ros2_ws/install/my_cpp_pkg/share/ament_index/resource_index/packages/my_cpp_pkg
[3.355s] -- Up-to-date: /home/alrraf/Code/learning/ros2_ws/install/my_cpp_pkg/share/my_cpp_pkg/cmake/my_cpp_pkgConfig.cmake
[3.355s] -- Up-to-date: /home/alrraf/Code/learning/ros2_ws/install/my_cpp_pkg/share/my_cpp_pkg/cmake/my_cpp_pkgConfig-version.cmake
[3.355s] -- Up-to-date: /home/alrraf/Code/learning/ros2_ws/install/my_cpp_pkg/share/my_cpp_pkg/package.xml
[3.356s] Invoked command in '/home/alrraf/Code/learning/ros2_ws/build/my_cpp_pkg' returned '0': CMAKE_PREFIX_PATH=${CMAKE_PREFIX_PATH}:/home/alrraf/Code/learning/ros2_ws/install/my_py_pkg:/home/alrraf/ros2_ws/install/my_py_pkg:/opt/ros/humble /usr/bin/cmake --install /home/alrraf/Code/learning/ros2_ws/build/my_cpp_pkg
