[0.024s] Invoking command in '/home/alrraf/Code/learning/ros2_ws/src/build/my_cpp_pkg': CMAKE_PREFIX_PATH=${CMAKE_PREFIX_PATH}:/home/alrraf/Code/learning/ros2_ws/install/my_py_pkg:/home/alrraf/ros2_ws/install/my_py_pkg:/opt/ros/humble /usr/bin/cmake /home/alrraf/Code/learning/ros2_ws/src/my_cpp_pkg -DCMAKE_INSTALL_PREFIX=/home/alrraf/Code/learning/ros2_ws/src/install/my_cpp_pkg
[0.152s] -- The C compiler identification is GNU 11.2.0
[0.235s] -- The CXX compiler identification is GNU 11.2.0
[0.249s] -- Detecting C compiler ABI info
[0.302s] -- Detecting C compiler ABI info - done
[0.309s] -- Check for working C compiler: /usr/bin/cc - skipped
[0.309s] -- Detecting C compile features
[0.310s] -- Detecting C compile features - done
[0.313s] -- Detecting CXX compiler ABI info
[0.376s] -- Detecting CXX compiler ABI info - done
[0.383s] -- Check for working CXX compiler: /usr/bin/c++ - skipped
[0.383s] -- Detecting CXX compile features
[0.383s] -- Detecting CXX compile features - done
[0.387s] -- Found ament_cmake: 1.3.2 (/opt/ros/humble/share/ament_cmake/cmake)
[0.552s] -- Found Python3: /usr/bin/python3.10 (found version "3.10.4") found components: Interpreter 
[0.643s] -- Found rclcpp: 16.0.1 (/opt/ros/humble/share/rclcpp/cmake)
[0.699s] -- Found rosidl_generator_c: 3.1.3 (/opt/ros/humble/share/rosidl_generator_c/cmake)
[0.705s] -- Found rosidl_adapter: 3.1.3 (/opt/ros/humble/share/rosidl_adapter/cmake)
[0.716s] -- Found rosidl_generator_cpp: 3.1.3 (/opt/ros/humble/share/rosidl_generator_cpp/cmake)
[0.736s] -- Using all available rosidl_typesupport_c: rosidl_typesupport_fastrtps_c;rosidl_typesupport_introspection_c
[0.759s] -- Using all available rosidl_typesupport_cpp: rosidl_typesupport_fastrtps_cpp;rosidl_typesupport_introspection_cpp
[0.844s] -- Found rmw_implementation_cmake: 6.1.0 (/opt/ros/humble/share/rmw_implementation_cmake/cmake)
[0.848s] -- Found rmw_fastrtps_cpp: 6.2.1 (/opt/ros/humble/share/rmw_fastrtps_cpp/cmake)
[0.969s] -- Found OpenSSL: /usr/lib/x86_64-linux-gnu/libcrypto.so (found version "3.0.2")  
[0.995s] -- Found FastRTPS: /opt/ros/humble/include  
[1.047s] -- Using RMW implementation 'rmw_fastrtps_cpp' as default
[1.216s] -- Found example_interfaces: 0.9.3 (/opt/ros/humble/share/example_interfaces/cmake)
[1.427s] -- Configuring done
[1.438s] -- Generating done
[1.439s] -- Build files have been written to: /home/alrraf/Code/learning/ros2_ws/src/build/my_cpp_pkg
[1.447s] Invoked command in '/home/alrraf/Code/learning/ros2_ws/src/build/my_cpp_pkg' returned '0': CMAKE_PREFIX_PATH=${CMAKE_PREFIX_PATH}:/home/alrraf/Code/learning/ros2_ws/install/my_py_pkg:/home/alrraf/ros2_ws/install/my_py_pkg:/opt/ros/humble /usr/bin/cmake /home/alrraf/Code/learning/ros2_ws/src/my_cpp_pkg -DCMAKE_INSTALL_PREFIX=/home/alrraf/Code/learning/ros2_ws/src/install/my_cpp_pkg
[1.451s] Invoking command in '/home/alrraf/Code/learning/ros2_ws/src/build/my_cpp_pkg': CMAKE_PREFIX_PATH=${CMAKE_PREFIX_PATH}:/home/alrraf/Code/learning/ros2_ws/install/my_py_pkg:/home/alrraf/ros2_ws/install/my_py_pkg:/opt/ros/humble /usr/bin/cmake --build /home/alrraf/Code/learning/ros2_ws/src/build/my_cpp_pkg -- -j12 -l12
[1.493s] [ 16%] [32mBuilding CXX object CMakeFiles/cpp_node.dir/src/my_first_node.cpp.o[0m
[1.494s] [ 33%] [32mBuilding CXX object CMakeFiles/robot_news_station.dir/src/robot_news_station.cpp.o[0m
[1.496s] [ 50%] [32mBuilding CXX object CMakeFiles/smartphone.dir/src/smartphone.cpp.o[0m
[4.263s] [ 66%] [32m[1mLinking CXX executable cpp_node[0m
[4.420s] [ 66%] Built target cpp_node
[5.345s] [ 83%] [32m[1mLinking CXX executable robot_news_station[0m
[5.546s] [ 83%] Built target robot_news_station
[8.774s] [100%] [32m[1mLinking CXX executable smartphone[0m
[9.211s] [100%] Built target smartphone
[9.220s] Invoked command in '/home/alrraf/Code/learning/ros2_ws/src/build/my_cpp_pkg' returned '0': CMAKE_PREFIX_PATH=${CMAKE_PREFIX_PATH}:/home/alrraf/Code/learning/ros2_ws/install/my_py_pkg:/home/alrraf/ros2_ws/install/my_py_pkg:/opt/ros/humble /usr/bin/cmake --build /home/alrraf/Code/learning/ros2_ws/src/build/my_cpp_pkg -- -j12 -l12
[9.255s] Invoking command in '/home/alrraf/Code/learning/ros2_ws/src/build/my_cpp_pkg': CMAKE_PREFIX_PATH=${CMAKE_PREFIX_PATH}:/home/alrraf/Code/learning/ros2_ws/install/my_py_pkg:/home/alrraf/ros2_ws/install/my_py_pkg:/opt/ros/humble /usr/bin/cmake --install /home/alrraf/Code/learning/ros2_ws/src/build/my_cpp_pkg
[9.261s] -- Install configuration: ""
[9.261s] -- Installing: /home/alrraf/Code/learning/ros2_ws/src/install/my_cpp_pkg/lib/my_cpp_pkg/cpp_node
[9.261s] -- Set runtime path of "/home/alrraf/Code/learning/ros2_ws/src/install/my_cpp_pkg/lib/my_cpp_pkg/cpp_node" to ""
[9.262s] -- Installing: /home/alrraf/Code/learning/ros2_ws/src/install/my_cpp_pkg/lib/my_cpp_pkg/robot_news_station
[9.262s] -- Set runtime path of "/home/alrraf/Code/learning/ros2_ws/src/install/my_cpp_pkg/lib/my_cpp_pkg/robot_news_station" to ""
[9.262s] -- Installing: /home/alrraf/Code/learning/ros2_ws/src/install/my_cpp_pkg/lib/my_cpp_pkg/smartphone
[9.265s] -- Set runtime path of "/home/alrraf/Code/learning/ros2_ws/src/install/my_cpp_pkg/lib/my_cpp_pkg/smartphone" to ""
[9.266s] -- Installing: /home/alrraf/Code/learning/ros2_ws/src/install/my_cpp_pkg/share/ament_index/resource_index/package_run_dependencies/my_cpp_pkg
[9.266s] -- Installing: /home/alrraf/Code/learning/ros2_ws/src/install/my_cpp_pkg/share/ament_index/resource_index/parent_prefix_path/my_cpp_pkg
[9.266s] -- Installing: /home/alrraf/Code/learning/ros2_ws/src/install/my_cpp_pkg/share/my_cpp_pkg/environment/ament_prefix_path.sh
[9.266s] -- Installing: /home/alrraf/Code/learning/ros2_ws/src/install/my_cpp_pkg/share/my_cpp_pkg/environment/ament_prefix_path.dsv
[9.266s] -- Installing: /home/alrraf/Code/learning/ros2_ws/src/install/my_cpp_pkg/share/my_cpp_pkg/environment/path.sh
[9.266s] -- Installing: /home/alrraf/Code/learning/ros2_ws/src/install/my_cpp_pkg/share/my_cpp_pkg/environment/path.dsv
[9.267s] -- Installing: /home/alrraf/Code/learning/ros2_ws/src/install/my_cpp_pkg/share/my_cpp_pkg/local_setup.bash
[9.267s] -- Installing: /home/alrraf/Code/learning/ros2_ws/src/install/my_cpp_pkg/share/my_cpp_pkg/local_setup.sh
[9.267s] -- Installing: /home/alrraf/Code/learning/ros2_ws/src/install/my_cpp_pkg/share/my_cpp_pkg/local_setup.zsh
[9.267s] -- Installing: /home/alrraf/Code/learning/ros2_ws/src/install/my_cpp_pkg/share/my_cpp_pkg/local_setup.dsv
[9.267s] -- Installing: /home/alrraf/Code/learning/ros2_ws/src/install/my_cpp_pkg/share/my_cpp_pkg/package.dsv
[9.267s] -- Installing: /home/alrraf/Code/learning/ros2_ws/src/install/my_cpp_pkg/share/ament_index/resource_index/packages/my_cpp_pkg
[9.267s] -- Installing: /home/alrraf/Code/learning/ros2_ws/src/install/my_cpp_pkg/share/my_cpp_pkg/cmake/my_cpp_pkgConfig.cmake
[9.267s] -- Installing: /home/alrraf/Code/learning/ros2_ws/src/install/my_cpp_pkg/share/my_cpp_pkg/cmake/my_cpp_pkgConfig-version.cmake
[9.267s] -- Installing: /home/alrraf/Code/learning/ros2_ws/src/install/my_cpp_pkg/share/my_cpp_pkg/package.xml
[9.268s] Invoked command in '/home/alrraf/Code/learning/ros2_ws/src/build/my_cpp_pkg' returned '0': CMAKE_PREFIX_PATH=${CMAKE_PREFIX_PATH}:/home/alrraf/Code/learning/ros2_ws/install/my_py_pkg:/home/alrraf/ros2_ws/install/my_py_pkg:/opt/ros/humble /usr/bin/cmake --install /home/alrraf/Code/learning/ros2_ws/src/build/my_cpp_pkg
