[0.016s] Invoking command in '/home/alrraf/Code/learning/ros2_ws/build/my_robot_interfaces': CMAKE_PREFIX_PATH=${CMAKE_PREFIX_PATH}:/home/alrraf/Code/learning/ros2_ws/install/my_py_pkg:/home/alrraf/ros2_ws/install/my_py_pkg:/opt/ros/humble /usr/bin/cmake /home/alrraf/Code/learning/ros2_ws/src/my_robot_interfaces -DCMAKE_INSTALL_PREFIX=/home/alrraf/Code/learning/ros2_ws/install/my_robot_interfaces
[0.025s] -- Found ament_cmake: 1.3.2 (/opt/ros/humble/share/ament_cmake/cmake)
[0.168s] -- Found rosidl_default_generators: 1.2.0 (/opt/ros/humble/share/rosidl_default_generators/cmake)
[0.175s] -- Using all available rosidl_typesupport_c: rosidl_typesupport_fastrtps_c;rosidl_typesupport_introspection_c
[0.182s] -- Found rosidl_adapter: 3.1.3 (/opt/ros/humble/share/rosidl_adapter/cmake)
[0.245s] -- Using all available rosidl_typesupport_cpp: rosidl_typesupport_fastrtps_cpp;rosidl_typesupport_introspection_cpp
[0.493s] -- Found ament_cmake_ros: 0.10.0 (/opt/ros/humble/share/ament_cmake_ros/cmake)
[0.663s] -- Using all available rosidl_typesupport_c: rosidl_typesupport_fastrtps_c;rosidl_typesupport_introspection_c
[0.891s] -- Using all available rosidl_typesupport_cpp: rosidl_typesupport_fastrtps_cpp;rosidl_typesupport_introspection_cpp
[0.917s] -- Found PythonInterp: /usr/bin/python3 (found suitable version "3.10.4", minimum required is "3.6") 
[0.919s] -- Found python_cmake_module: 0.10.0 (/opt/ros/humble/share/python_cmake_module/cmake)
[0.951s] -- Found PythonLibs: /usr/lib/x86_64-linux-gnu/libpython3.10.so (found suitable version "3.10.4", minimum required is "3.5") 
[0.952s] -- Using PYTHON_EXECUTABLE: /usr/bin/python3
[0.952s] -- Using PYTHON_INCLUDE_DIRS: /usr/include/python3.10
[0.952s] -- Using PYTHON_LIBRARIES: /usr/lib/x86_64-linux-gnu/libpython3.10.so
[0.969s] -- Found PythonExtra: .so  
[1.026s] -- Configuring done
[1.049s] -- Generating done
[1.051s] -- Build files have been written to: /home/alrraf/Code/learning/ros2_ws/build/my_robot_interfaces
[1.057s] Invoked command in '/home/alrraf/Code/learning/ros2_ws/build/my_robot_interfaces' returned '0': CMAKE_PREFIX_PATH=${CMAKE_PREFIX_PATH}:/home/alrraf/Code/learning/ros2_ws/install/my_py_pkg:/home/alrraf/ros2_ws/install/my_py_pkg:/opt/ros/humble /usr/bin/cmake /home/alrraf/Code/learning/ros2_ws/src/my_robot_interfaces -DCMAKE_INSTALL_PREFIX=/home/alrraf/Code/learning/ros2_ws/install/my_robot_interfaces
[1.059s] Invoking command in '/home/alrraf/Code/learning/ros2_ws/build/my_robot_interfaces': CMAKE_PREFIX_PATH=${CMAKE_PREFIX_PATH}:/home/alrraf/Code/learning/ros2_ws/install/my_py_pkg:/home/alrraf/ros2_ws/install/my_py_pkg:/opt/ros/humble /usr/bin/cmake --build /home/alrraf/Code/learning/ros2_ws/build/my_robot_interfaces -- -j12 -l12
[1.091s] [  3%] [34m[1mGenerating C code for ROS interfaces[0m
[1.098s] [  6%] [34m[1mGenerating C++ code for ROS interfaces[0m
[1.106s] [  6%] Built target ament_cmake_python_copy_my_robot_interfaces
[1.299s] running egg_info
[1.300s] creating my_robot_interfaces.egg-info
[1.300s] writing my_robot_interfaces.egg-info/PKG-INFO
[1.300s] writing dependency_links to my_robot_interfaces.egg-info/dependency_links.txt
[1.301s] writing top-level names to my_robot_interfaces.egg-info/top_level.txt
[1.301s] writing manifest file 'my_robot_interfaces.egg-info/SOURCES.txt'
[1.304s] reading manifest file 'my_robot_interfaces.egg-info/SOURCES.txt'
[1.305s] writing manifest file 'my_robot_interfaces.egg-info/SOURCES.txt'
[1.331s] [  6%] Built target my_robot_interfaces__cpp
[1.340s] [ 16%] [34m[1mGenerating C++ type support for eProsima Fast-RTPS[0m
[1.341s] [ 16%] [34m[1mGenerating C++ introspection for ROS interfaces[0m
[1.341s] [ 19%] [32mBuilding C object CMakeFiles/my_robot_interfaces__rosidl_generator_c.dir/rosidl_generator_c/my_robot_interfaces/msg/detail/hard_ware_status__functions.c.o[0m
[1.341s] [ 19%] [34m[1mGenerating C++ type support dispatch for ROS interfaces[0m
[1.358s] [ 19%] Built target ament_cmake_python_build_my_robot_interfaces_egg
[1.387s] [ 22%] [32m[1mLinking C shared library libmy_robot_interfaces__rosidl_generator_c.so[0m
[1.422s] [ 22%] Built target my_robot_interfaces__rosidl_generator_c
[1.430s] [ 32%] [34m[1mGenerating C type support dispatch for ROS interfaces[0m
[1.430s] [ 32%] [34m[1mGenerating C introspection for ROS interfaces[0m
[1.430s] [ 32%] [34m[1mGenerating C type support for eProsima Fast-RTPS[0m
[1.553s] [ 35%] [32mBuilding CXX object CMakeFiles/my_robot_interfaces__rosidl_typesupport_cpp.dir/rosidl_typesupport_cpp/my_robot_interfaces/msg/hard_ware_status__type_support.cpp.o[0m
[1.562s] [ 38%] [32mBuilding CXX object CMakeFiles/my_robot_interfaces__rosidl_typesupport_introspection_cpp.dir/rosidl_typesupport_introspection_cpp/my_robot_interfaces/msg/detail/hard_ware_status__type_support.cpp.o[0m
[1.570s] [ 41%] [32mBuilding CXX object CMakeFiles/my_robot_interfaces__rosidl_typesupport_fastrtps_cpp.dir/rosidl_typesupport_fastrtps_cpp/my_robot_interfaces/msg/detail/dds_fastrtps/hard_ware_status__type_support.cpp.o[0m
[1.658s] [ 45%] [32mBuilding CXX object CMakeFiles/my_robot_interfaces__rosidl_typesupport_c.dir/rosidl_typesupport_c/my_robot_interfaces/msg/hard_ware_status__type_support.cpp.o[0m
[1.682s] [ 48%] [32mBuilding CXX object CMakeFiles/my_robot_interfaces__rosidl_typesupport_fastrtps_c.dir/rosidl_typesupport_fastrtps_c/my_robot_interfaces/msg/detail/hard_ware_status__type_support_c.cpp.o[0m
[1.688s] [ 51%] [32m[1mLinking CXX shared library libmy_robot_interfaces__rosidl_typesupport_c.so[0m
[1.691s] [ 54%] [32mBuilding C object CMakeFiles/my_robot_interfaces__rosidl_typesupport_introspection_c.dir/rosidl_typesupport_introspection_c/my_robot_interfaces/msg/detail/hard_ware_status__type_support.c.o[0m
[1.724s] [ 58%] [32m[1mLinking C shared library libmy_robot_interfaces__rosidl_typesupport_introspection_c.so[0m
[1.731s] [ 58%] Built target my_robot_interfaces__rosidl_typesupport_c
[1.754s] [ 58%] Built target my_robot_interfaces__rosidl_typesupport_introspection_c
[1.797s] [ 61%] [32m[1mLinking CXX shared library libmy_robot_interfaces__rosidl_typesupport_cpp.so[0m
[1.830s] [ 61%] Built target my_robot_interfaces__rosidl_typesupport_cpp
[1.895s] [ 64%] [32m[1mLinking CXX shared library libmy_robot_interfaces__rosidl_typesupport_introspection_cpp.so[0m
[1.922s] [ 67%] [32m[1mLinking CXX shared library libmy_robot_interfaces__rosidl_typesupport_fastrtps_cpp.so[0m
[1.971s] [ 70%] [32m[1mLinking CXX shared library libmy_robot_interfaces__rosidl_typesupport_fastrtps_c.so[0m
[1.973s] [ 70%] Built target my_robot_interfaces__rosidl_typesupport_introspection_cpp
[2.016s] [ 70%] Built target my_robot_interfaces__rosidl_typesupport_fastrtps_cpp
[2.055s] [ 70%] Built target my_robot_interfaces__rosidl_typesupport_fastrtps_c
[2.070s] [ 70%] Built target my_robot_interfaces
[2.085s] [ 74%] [34m[1mGenerating Python code for ROS interfaces[0m
[2.441s] [ 74%] Built target my_robot_interfaces__py
[2.457s] [ 77%] [32mBuilding C object CMakeFiles/my_robot_interfaces__rosidl_generator_py.dir/rosidl_generator_py/my_robot_interfaces/msg/_hard_ware_status_s.c.o[0m
[2.566s] [ 80%] [32m[1mLinking C shared library rosidl_generator_py/my_robot_interfaces/libmy_robot_interfaces__rosidl_generator_py.so[0m
[2.601s] [ 80%] Built target my_robot_interfaces__rosidl_generator_py
[2.617s] [ 87%] [32mBuilding C object CMakeFiles/my_robot_interfaces__rosidl_typesupport_fastrtps_c__pyext.dir/rosidl_generator_py/my_robot_interfaces/_my_robot_interfaces_s.ep.rosidl_typesupport_fastrtps_c.c.o[0m
[2.617s] [ 87%] [32mBuilding C object CMakeFiles/my_robot_interfaces__rosidl_typesupport_c__pyext.dir/rosidl_generator_py/my_robot_interfaces/_my_robot_interfaces_s.ep.rosidl_typesupport_c.c.o[0m
[2.619s] [ 90%] [32mBuilding C object CMakeFiles/my_robot_interfaces__rosidl_typesupport_introspection_c__pyext.dir/rosidl_generator_py/my_robot_interfaces/_my_robot_interfaces_s.ep.rosidl_typesupport_introspection_c.c.o[0m
[2.694s] [ 93%] [32m[1mLinking C shared library rosidl_generator_py/my_robot_interfaces/my_robot_interfaces_s__rosidl_typesupport_fastrtps_c.cpython-310-x86_64-linux-gnu.so[0m
[2.696s] [100%] [32m[1mLinking C shared library rosidl_generator_py/my_robot_interfaces/my_robot_interfaces_s__rosidl_typesupport_c.cpython-310-x86_64-linux-gnu.so[0m
[2.696s] [100%] [32m[1mLinking C shared library rosidl_generator_py/my_robot_interfaces/my_robot_interfaces_s__rosidl_typesupport_introspection_c.cpython-310-x86_64-linux-gnu.so[0m
[2.724s] [100%] Built target my_robot_interfaces__rosidl_typesupport_fastrtps_c__pyext
[2.724s] [100%] Built target my_robot_interfaces__rosidl_typesupport_c__pyext
[2.725s] [100%] Built target my_robot_interfaces__rosidl_typesupport_introspection_c__pyext
[2.734s] Invoked command in '/home/alrraf/Code/learning/ros2_ws/build/my_robot_interfaces' returned '0': CMAKE_PREFIX_PATH=${CMAKE_PREFIX_PATH}:/home/alrraf/Code/learning/ros2_ws/install/my_py_pkg:/home/alrraf/ros2_ws/install/my_py_pkg:/opt/ros/humble /usr/bin/cmake --build /home/alrraf/Code/learning/ros2_ws/build/my_robot_interfaces -- -j12 -l12
[2.780s] Invoking command in '/home/alrraf/Code/learning/ros2_ws/build/my_robot_interfaces': CMAKE_PREFIX_PATH=${CMAKE_PREFIX_PATH}:/home/alrraf/Code/learning/ros2_ws/install/my_py_pkg:/home/alrraf/ros2_ws/install/my_py_pkg:/opt/ros/humble /usr/bin/cmake --install /home/alrraf/Code/learning/ros2_ws/build/my_robot_interfaces
[2.785s] -- Install configuration: ""
[2.785s] -- Installing: /home/alrraf/Code/learning/ros2_ws/install/my_robot_interfaces/share/ament_index/resource_index/rosidl_interfaces/my_robot_interfaces
[2.786s] -- Installing: /home/alrraf/Code/learning/ros2_ws/install/my_robot_interfaces/include/my_robot_interfaces/my_robot_interfaces
[2.786s] -- Installing: /home/alrraf/Code/learning/ros2_ws/install/my_robot_interfaces/include/my_robot_interfaces/my_robot_interfaces/msg
[2.786s] -- Installing: /home/alrraf/Code/learning/ros2_ws/install/my_robot_interfaces/include/my_robot_interfaces/my_robot_interfaces/msg/rosidl_generator_c__visibility_control.h
[2.786s] -- Installing: /home/alrraf/Code/learning/ros2_ws/install/my_robot_interfaces/include/my_robot_interfaces/my_robot_interfaces/msg/hard_ware_status.h
[2.786s] -- Installing: /home/alrraf/Code/learning/ros2_ws/install/my_robot_interfaces/include/my_robot_interfaces/my_robot_interfaces/msg/detail
[2.786s] -- Installing: /home/alrraf/Code/learning/ros2_ws/install/my_robot_interfaces/include/my_robot_interfaces/my_robot_interfaces/msg/detail/hard_ware_status__functions.h
[2.786s] -- Installing: /home/alrraf/Code/learning/ros2_ws/install/my_robot_interfaces/include/my_robot_interfaces/my_robot_interfaces/msg/detail/hard_ware_status__struct.h
[2.786s] -- Installing: /home/alrraf/Code/learning/ros2_ws/install/my_robot_interfaces/include/my_robot_interfaces/my_robot_interfaces/msg/detail/hard_ware_status__functions.c
[2.786s] -- Installing: /home/alrraf/Code/learning/ros2_ws/install/my_robot_interfaces/include/my_robot_interfaces/my_robot_interfaces/msg/detail/hard_ware_status__type_support.h
[2.786s] -- Installing: /home/alrraf/Code/learning/ros2_ws/install/my_robot_interfaces/share/my_robot_interfaces/environment/library_path.sh
[2.786s] -- Installing: /home/alrraf/Code/learning/ros2_ws/install/my_robot_interfaces/share/my_robot_interfaces/environment/library_path.dsv
[2.786s] -- Installing: /home/alrraf/Code/learning/ros2_ws/install/my_robot_interfaces/lib/libmy_robot_interfaces__rosidl_generator_c.so
[2.787s] -- Set runtime path of "/home/alrraf/Code/learning/ros2_ws/install/my_robot_interfaces/lib/libmy_robot_interfaces__rosidl_generator_c.so" to ""
[2.787s] -- Up-to-date: /home/alrraf/Code/learning/ros2_ws/install/my_robot_interfaces/include/my_robot_interfaces/my_robot_interfaces
[2.787s] -- Up-to-date: /home/alrraf/Code/learning/ros2_ws/install/my_robot_interfaces/include/my_robot_interfaces/my_robot_interfaces/msg
[2.787s] -- Installing: /home/alrraf/Code/learning/ros2_ws/install/my_robot_interfaces/include/my_robot_interfaces/my_robot_interfaces/msg/rosidl_typesupport_fastrtps_c__visibility_control.h
[2.787s] -- Up-to-date: /home/alrraf/Code/learning/ros2_ws/install/my_robot_interfaces/include/my_robot_interfaces/my_robot_interfaces/msg/detail
[2.787s] -- Installing: /home/alrraf/Code/learning/ros2_ws/install/my_robot_interfaces/include/my_robot_interfaces/my_robot_interfaces/msg/detail/hard_ware_status__rosidl_typesupport_fastrtps_c.h
[2.787s] -- Installing: /home/alrraf/Code/learning/ros2_ws/install/my_robot_interfaces/lib/libmy_robot_interfaces__rosidl_typesupport_fastrtps_c.so
[2.787s] -- Set runtime path of "/home/alrraf/Code/learning/ros2_ws/install/my_robot_interfaces/lib/libmy_robot_interfaces__rosidl_typesupport_fastrtps_c.so" to ""
[2.787s] -- Up-to-date: /home/alrraf/Code/learning/ros2_ws/install/my_robot_interfaces/include/my_robot_interfaces/my_robot_interfaces
[2.788s] -- Up-to-date: /home/alrraf/Code/learning/ros2_ws/install/my_robot_interfaces/include/my_robot_interfaces/my_robot_interfaces/msg
[2.788s] -- Installing: /home/alrraf/Code/learning/ros2_ws/install/my_robot_interfaces/include/my_robot_interfaces/my_robot_interfaces/msg/rosidl_typesupport_introspection_c__visibility_control.h
[2.788s] -- Up-to-date: /home/alrraf/Code/learning/ros2_ws/install/my_robot_interfaces/include/my_robot_interfaces/my_robot_interfaces/msg/detail
[2.788s] -- Installing: /home/alrraf/Code/learning/ros2_ws/install/my_robot_interfaces/include/my_robot_interfaces/my_robot_interfaces/msg/detail/hard_ware_status__type_support.c
[2.788s] -- Installing: /home/alrraf/Code/learning/ros2_ws/install/my_robot_interfaces/include/my_robot_interfaces/my_robot_interfaces/msg/detail/hard_ware_status__rosidl_typesupport_introspection_c.h
[2.788s] -- Installing: /home/alrraf/Code/learning/ros2_ws/install/my_robot_interfaces/lib/libmy_robot_interfaces__rosidl_typesupport_introspection_c.so
[2.788s] -- Set runtime path of "/home/alrraf/Code/learning/ros2_ws/install/my_robot_interfaces/lib/libmy_robot_interfaces__rosidl_typesupport_introspection_c.so" to ""
[2.788s] -- Installing: /home/alrraf/Code/learning/ros2_ws/install/my_robot_interfaces/lib/libmy_robot_interfaces__rosidl_typesupport_c.so
[2.789s] -- Set runtime path of "/home/alrraf/Code/learning/ros2_ws/install/my_robot_interfaces/lib/libmy_robot_interfaces__rosidl_typesupport_c.so" to ""
[2.789s] -- Up-to-date: /home/alrraf/Code/learning/ros2_ws/install/my_robot_interfaces/include/my_robot_interfaces/my_robot_interfaces
[2.789s] -- Up-to-date: /home/alrraf/Code/learning/ros2_ws/install/my_robot_interfaces/include/my_robot_interfaces/my_robot_interfaces/msg
[2.789s] -- Up-to-date: /home/alrraf/Code/learning/ros2_ws/install/my_robot_interfaces/include/my_robot_interfaces/my_robot_interfaces/msg/detail
[2.789s] -- Installing: /home/alrraf/Code/learning/ros2_ws/install/my_robot_interfaces/include/my_robot_interfaces/my_robot_interfaces/msg/detail/hard_ware_status__struct.hpp
[2.789s] -- Installing: /home/alrraf/Code/learning/ros2_ws/install/my_robot_interfaces/include/my_robot_interfaces/my_robot_interfaces/msg/detail/hard_ware_status__traits.hpp
[2.789s] -- Installing: /home/alrraf/Code/learning/ros2_ws/install/my_robot_interfaces/include/my_robot_interfaces/my_robot_interfaces/msg/detail/hard_ware_status__builder.hpp
[2.789s] -- Installing: /home/alrraf/Code/learning/ros2_ws/install/my_robot_interfaces/include/my_robot_interfaces/my_robot_interfaces/msg/hard_ware_status.hpp
[2.789s] -- Up-to-date: /home/alrraf/Code/learning/ros2_ws/install/my_robot_interfaces/include/my_robot_interfaces/my_robot_interfaces
[2.789s] -- Up-to-date: /home/alrraf/Code/learning/ros2_ws/install/my_robot_interfaces/include/my_robot_interfaces/my_robot_interfaces/msg
[2.789s] -- Up-to-date: /home/alrraf/Code/learning/ros2_ws/install/my_robot_interfaces/include/my_robot_interfaces/my_robot_interfaces/msg/detail
[2.789s] -- Installing: /home/alrraf/Code/learning/ros2_ws/install/my_robot_interfaces/include/my_robot_interfaces/my_robot_interfaces/msg/detail/hard_ware_status__rosidl_typesupport_fastrtps_cpp.hpp
[2.789s] -- Installing: /home/alrraf/Code/learning/ros2_ws/install/my_robot_interfaces/include/my_robot_interfaces/my_robot_interfaces/msg/detail/dds_fastrtps
[2.790s] -- Installing: /home/alrraf/Code/learning/ros2_ws/install/my_robot_interfaces/include/my_robot_interfaces/my_robot_interfaces/msg/rosidl_typesupport_fastrtps_cpp__visibility_control.h
[2.790s] -- Installing: /home/alrraf/Code/learning/ros2_ws/install/my_robot_interfaces/lib/libmy_robot_interfaces__rosidl_typesupport_fastrtps_cpp.so
[2.790s] -- Set runtime path of "/home/alrraf/Code/learning/ros2_ws/install/my_robot_interfaces/lib/libmy_robot_interfaces__rosidl_typesupport_fastrtps_cpp.so" to ""
[2.790s] -- Up-to-date: /home/alrraf/Code/learning/ros2_ws/install/my_robot_interfaces/include/my_robot_interfaces/my_robot_interfaces
[2.790s] -- Up-to-date: /home/alrraf/Code/learning/ros2_ws/install/my_robot_interfaces/include/my_robot_interfaces/my_robot_interfaces/msg
[2.790s] -- Up-to-date: /home/alrraf/Code/learning/ros2_ws/install/my_robot_interfaces/include/my_robot_interfaces/my_robot_interfaces/msg/detail
[2.790s] -- Installing: /home/alrraf/Code/learning/ros2_ws/install/my_robot_interfaces/include/my_robot_interfaces/my_robot_interfaces/msg/detail/hard_ware_status__type_support.cpp
[2.790s] -- Installing: /home/alrraf/Code/learning/ros2_ws/install/my_robot_interfaces/include/my_robot_interfaces/my_robot_interfaces/msg/detail/hard_ware_status__rosidl_typesupport_introspection_cpp.hpp
[2.790s] -- Installing: /home/alrraf/Code/learning/ros2_ws/install/my_robot_interfaces/lib/libmy_robot_interfaces__rosidl_typesupport_introspection_cpp.so
[2.790s] -- Set runtime path of "/home/alrraf/Code/learning/ros2_ws/install/my_robot_interfaces/lib/libmy_robot_interfaces__rosidl_typesupport_introspection_cpp.so" to ""
[2.790s] -- Installing: /home/alrraf/Code/learning/ros2_ws/install/my_robot_interfaces/lib/libmy_robot_interfaces__rosidl_typesupport_cpp.so
[2.790s] -- Set runtime path of "/home/alrraf/Code/learning/ros2_ws/install/my_robot_interfaces/lib/libmy_robot_interfaces__rosidl_typesupport_cpp.so" to ""
[2.790s] -- Installing: /home/alrraf/Code/learning/ros2_ws/install/my_robot_interfaces/share/my_robot_interfaces/environment/pythonpath.sh
[2.791s] -- Installing: /home/alrraf/Code/learning/ros2_ws/install/my_robot_interfaces/share/my_robot_interfaces/environment/pythonpath.dsv
[2.791s] -- Installing: /home/alrraf/Code/learning/ros2_ws/install/my_robot_interfaces/local/lib/python3.10/dist-packages/my_robot_interfaces-0.0.0-py3.10.egg-info
[2.791s] -- Installing: /home/alrraf/Code/learning/ros2_ws/install/my_robot_interfaces/local/lib/python3.10/dist-packages/my_robot_interfaces-0.0.0-py3.10.egg-info/PKG-INFO
[2.791s] -- Installing: /home/alrraf/Code/learning/ros2_ws/install/my_robot_interfaces/local/lib/python3.10/dist-packages/my_robot_interfaces-0.0.0-py3.10.egg-info/top_level.txt
[2.791s] -- Installing: /home/alrraf/Code/learning/ros2_ws/install/my_robot_interfaces/local/lib/python3.10/dist-packages/my_robot_interfaces-0.0.0-py3.10.egg-info/dependency_links.txt
[2.791s] -- Installing: /home/alrraf/Code/learning/ros2_ws/install/my_robot_interfaces/local/lib/python3.10/dist-packages/my_robot_interfaces-0.0.0-py3.10.egg-info/SOURCES.txt
[2.791s] -- Installing: /home/alrraf/Code/learning/ros2_ws/install/my_robot_interfaces/local/lib/python3.10/dist-packages/my_robot_interfaces
[2.791s] -- Installing: /home/alrraf/Code/learning/ros2_ws/install/my_robot_interfaces/local/lib/python3.10/dist-packages/my_robot_interfaces/__init__.py
[2.791s] -- Installing: /home/alrraf/Code/learning/ros2_ws/install/my_robot_interfaces/local/lib/python3.10/dist-packages/my_robot_interfaces/_my_robot_interfaces_s.ep.rosidl_typesupport_introspection_c.c
[2.791s] -- Installing: /home/alrraf/Code/learning/ros2_ws/install/my_robot_interfaces/local/lib/python3.10/dist-packages/my_robot_interfaces/_my_robot_interfaces_s.ep.rosidl_typesupport_c.c
[2.791s] -- Installing: /home/alrraf/Code/learning/ros2_ws/install/my_robot_interfaces/local/lib/python3.10/dist-packages/my_robot_interfaces/_my_robot_interfaces_s.ep.rosidl_typesupport_fastrtps_c.c
[2.791s] -- Installing: /home/alrraf/Code/learning/ros2_ws/install/my_robot_interfaces/local/lib/python3.10/dist-packages/my_robot_interfaces/my_robot_interfaces_s__rosidl_typesupport_introspection_c.cpython-310-x86_64-linux-gnu.so
[2.792s] -- Installing: /home/alrraf/Code/learning/ros2_ws/install/my_robot_interfaces/local/lib/python3.10/dist-packages/my_robot_interfaces/msg
[2.792s] -- Installing: /home/alrraf/Code/learning/ros2_ws/install/my_robot_interfaces/local/lib/python3.10/dist-packages/my_robot_interfaces/msg/__init__.py
[2.792s] -- Installing: /home/alrraf/Code/learning/ros2_ws/install/my_robot_interfaces/local/lib/python3.10/dist-packages/my_robot_interfaces/msg/_hard_ware_status_s.c
[2.792s] -- Installing: /home/alrraf/Code/learning/ros2_ws/install/my_robot_interfaces/local/lib/python3.10/dist-packages/my_robot_interfaces/msg/_hard_ware_status.py
[2.792s] -- Installing: /home/alrraf/Code/learning/ros2_ws/install/my_robot_interfaces/local/lib/python3.10/dist-packages/my_robot_interfaces/libmy_robot_interfaces__rosidl_generator_py.so
[2.792s] -- Installing: /home/alrraf/Code/learning/ros2_ws/install/my_robot_interfaces/local/lib/python3.10/dist-packages/my_robot_interfaces/my_robot_interfaces_s__rosidl_typesupport_c.cpython-310-x86_64-linux-gnu.so
[2.792s] -- Installing: /home/alrraf/Code/learning/ros2_ws/install/my_robot_interfaces/local/lib/python3.10/dist-packages/my_robot_interfaces/my_robot_interfaces_s__rosidl_typesupport_fastrtps_c.cpython-310-x86_64-linux-gnu.so
[2.820s] Listing '/home/alrraf/Code/learning/ros2_ws/install/my_robot_interfaces/local/lib/python3.10/dist-packages/my_robot_interfaces'...
[2.820s] Compiling '/home/alrraf/Code/learning/ros2_ws/install/my_robot_interfaces/local/lib/python3.10/dist-packages/my_robot_interfaces/__init__.py'...
[2.820s] Listing '/home/alrraf/Code/learning/ros2_ws/install/my_robot_interfaces/local/lib/python3.10/dist-packages/my_robot_interfaces/msg'...
[2.820s] Compiling '/home/alrraf/Code/learning/ros2_ws/install/my_robot_interfaces/local/lib/python3.10/dist-packages/my_robot_interfaces/msg/__init__.py'...
[2.820s] Compiling '/home/alrraf/Code/learning/ros2_ws/install/my_robot_interfaces/local/lib/python3.10/dist-packages/my_robot_interfaces/msg/_hard_ware_status.py'...
[2.825s] -- Installing: /home/alrraf/Code/learning/ros2_ws/install/my_robot_interfaces/local/lib/python3.10/dist-packages/my_robot_interfaces/my_robot_interfaces_s__rosidl_typesupport_fastrtps_c.cpython-310-x86_64-linux-gnu.so
[2.825s] -- Set runtime path of "/home/alrraf/Code/learning/ros2_ws/install/my_robot_interfaces/local/lib/python3.10/dist-packages/my_robot_interfaces/my_robot_interfaces_s__rosidl_typesupport_fastrtps_c.cpython-310-x86_64-linux-gnu.so" to ""
[2.825s] -- Installing: /home/alrraf/Code/learning/ros2_ws/install/my_robot_interfaces/local/lib/python3.10/dist-packages/my_robot_interfaces/my_robot_interfaces_s__rosidl_typesupport_introspection_c.cpython-310-x86_64-linux-gnu.so
[2.826s] -- Set runtime path of "/home/alrraf/Code/learning/ros2_ws/install/my_robot_interfaces/local/lib/python3.10/dist-packages/my_robot_interfaces/my_robot_interfaces_s__rosidl_typesupport_introspection_c.cpython-310-x86_64-linux-gnu.so" to ""
[2.826s] -- Installing: /home/alrraf/Code/learning/ros2_ws/install/my_robot_interfaces/local/lib/python3.10/dist-packages/my_robot_interfaces/my_robot_interfaces_s__rosidl_typesupport_c.cpython-310-x86_64-linux-gnu.so
[2.826s] -- Set runtime path of "/home/alrraf/Code/learning/ros2_ws/install/my_robot_interfaces/local/lib/python3.10/dist-packages/my_robot_interfaces/my_robot_interfaces_s__rosidl_typesupport_c.cpython-310-x86_64-linux-gnu.so" to ""
[2.826s] -- Installing: /home/alrraf/Code/learning/ros2_ws/install/my_robot_interfaces/lib/libmy_robot_interfaces__rosidl_generator_py.so
[2.826s] -- Set runtime path of "/home/alrraf/Code/learning/ros2_ws/install/my_robot_interfaces/lib/libmy_robot_interfaces__rosidl_generator_py.so" to ""
[2.827s] -- Installing: /home/alrraf/Code/learning/ros2_ws/install/my_robot_interfaces/share/my_robot_interfaces/msg/HardWareStatus.idl
[2.827s] -- Installing: /home/alrraf/Code/learning/ros2_ws/install/my_robot_interfaces/share/my_robot_interfaces/msg/HardWareStatus.msg
[2.827s] -- Installing: /home/alrraf/Code/learning/ros2_ws/install/my_robot_interfaces/share/ament_index/resource_index/package_run_dependencies/my_robot_interfaces
[2.827s] -- Installing: /home/alrraf/Code/learning/ros2_ws/install/my_robot_interfaces/share/ament_index/resource_index/parent_prefix_path/my_robot_interfaces
[2.827s] -- Installing: /home/alrraf/Code/learning/ros2_ws/install/my_robot_interfaces/share/my_robot_interfaces/environment/ament_prefix_path.sh
[2.827s] -- Installing: /home/alrraf/Code/learning/ros2_ws/install/my_robot_interfaces/share/my_robot_interfaces/environment/ament_prefix_path.dsv
[2.827s] -- Installing: /home/alrraf/Code/learning/ros2_ws/install/my_robot_interfaces/share/my_robot_interfaces/environment/path.sh
[2.827s] -- Installing: /home/alrraf/Code/learning/ros2_ws/install/my_robot_interfaces/share/my_robot_interfaces/environment/path.dsv
[2.827s] -- Installing: /home/alrraf/Code/learning/ros2_ws/install/my_robot_interfaces/share/my_robot_interfaces/local_setup.bash
[2.827s] -- Installing: /home/alrraf/Code/learning/ros2_ws/install/my_robot_interfaces/share/my_robot_interfaces/local_setup.sh
[2.827s] -- Installing: /home/alrraf/Code/learning/ros2_ws/install/my_robot_interfaces/share/my_robot_interfaces/local_setup.zsh
[2.827s] -- Installing: /home/alrraf/Code/learning/ros2_ws/install/my_robot_interfaces/share/my_robot_interfaces/local_setup.dsv
[2.828s] -- Installing: /home/alrraf/Code/learning/ros2_ws/install/my_robot_interfaces/share/my_robot_interfaces/package.dsv
[2.828s] -- Installing: /home/alrraf/Code/learning/ros2_ws/install/my_robot_interfaces/share/ament_index/resource_index/packages/my_robot_interfaces
[2.828s] -- Installing: /home/alrraf/Code/learning/ros2_ws/install/my_robot_interfaces/share/my_robot_interfaces/cmake/export_my_robot_interfaces__rosidl_generator_cExport.cmake
[2.828s] -- Installing: /home/alrraf/Code/learning/ros2_ws/install/my_robot_interfaces/share/my_robot_interfaces/cmake/export_my_robot_interfaces__rosidl_generator_cExport-noconfig.cmake
[2.828s] -- Installing: /home/alrraf/Code/learning/ros2_ws/install/my_robot_interfaces/share/my_robot_interfaces/cmake/export_my_robot_interfaces__rosidl_typesupport_fastrtps_cExport.cmake
[2.828s] -- Installing: /home/alrraf/Code/learning/ros2_ws/install/my_robot_interfaces/share/my_robot_interfaces/cmake/export_my_robot_interfaces__rosidl_typesupport_fastrtps_cExport-noconfig.cmake
[2.828s] -- Installing: /home/alrraf/Code/learning/ros2_ws/install/my_robot_interfaces/share/my_robot_interfaces/cmake/my_robot_interfaces__rosidl_typesupport_introspection_cExport.cmake
[2.828s] -- Installing: /home/alrraf/Code/learning/ros2_ws/install/my_robot_interfaces/share/my_robot_interfaces/cmake/my_robot_interfaces__rosidl_typesupport_introspection_cExport-noconfig.cmake
[2.828s] -- Installing: /home/alrraf/Code/learning/ros2_ws/install/my_robot_interfaces/share/my_robot_interfaces/cmake/my_robot_interfaces__rosidl_typesupport_cExport.cmake
[2.828s] -- Installing: /home/alrraf/Code/learning/ros2_ws/install/my_robot_interfaces/share/my_robot_interfaces/cmake/my_robot_interfaces__rosidl_typesupport_cExport-noconfig.cmake
[2.828s] -- Installing: /home/alrraf/Code/learning/ros2_ws/install/my_robot_interfaces/share/my_robot_interfaces/cmake/export_my_robot_interfaces__rosidl_generator_cppExport.cmake
[2.829s] -- Installing: /home/alrraf/Code/learning/ros2_ws/install/my_robot_interfaces/share/my_robot_interfaces/cmake/export_my_robot_interfaces__rosidl_typesupport_fastrtps_cppExport.cmake
[2.829s] -- Installing: /home/alrraf/Code/learning/ros2_ws/install/my_robot_interfaces/share/my_robot_interfaces/cmake/export_my_robot_interfaces__rosidl_typesupport_fastrtps_cppExport-noconfig.cmake
[2.829s] -- Installing: /home/alrraf/Code/learning/ros2_ws/install/my_robot_interfaces/share/my_robot_interfaces/cmake/my_robot_interfaces__rosidl_typesupport_introspection_cppExport.cmake
[2.829s] -- Installing: /home/alrraf/Code/learning/ros2_ws/install/my_robot_interfaces/share/my_robot_interfaces/cmake/my_robot_interfaces__rosidl_typesupport_introspection_cppExport-noconfig.cmake
[2.829s] -- Installing: /home/alrraf/Code/learning/ros2_ws/install/my_robot_interfaces/share/my_robot_interfaces/cmake/my_robot_interfaces__rosidl_typesupport_cppExport.cmake
[2.829s] -- Installing: /home/alrraf/Code/learning/ros2_ws/install/my_robot_interfaces/share/my_robot_interfaces/cmake/my_robot_interfaces__rosidl_typesupport_cppExport-noconfig.cmake
[2.829s] -- Installing: /home/alrraf/Code/learning/ros2_ws/install/my_robot_interfaces/share/my_robot_interfaces/cmake/export_my_robot_interfaces__rosidl_generator_pyExport.cmake
[2.829s] -- Installing: /home/alrraf/Code/learning/ros2_ws/install/my_robot_interfaces/share/my_robot_interfaces/cmake/export_my_robot_interfaces__rosidl_generator_pyExport-noconfig.cmake
[2.829s] -- Installing: /home/alrraf/Code/learning/ros2_ws/install/my_robot_interfaces/share/my_robot_interfaces/cmake/rosidl_cmake-extras.cmake
[2.829s] -- Installing: /home/alrraf/Code/learning/ros2_ws/install/my_robot_interfaces/share/my_robot_interfaces/cmake/ament_cmake_export_include_directories-extras.cmake
[2.829s] -- Installing: /home/alrraf/Code/learning/ros2_ws/install/my_robot_interfaces/share/my_robot_interfaces/cmake/ament_cmake_export_libraries-extras.cmake
[2.829s] -- Installing: /home/alrraf/Code/learning/ros2_ws/install/my_robot_interfaces/share/my_robot_interfaces/cmake/ament_cmake_export_targets-extras.cmake
[2.830s] -- Installing: /home/alrraf/Code/learning/ros2_ws/install/my_robot_interfaces/share/my_robot_interfaces/cmake/rosidl_cmake_export_typesupport_targets-extras.cmake
[2.830s] -- Installing: /home/alrraf/Code/learning/ros2_ws/install/my_robot_interfaces/share/my_robot_interfaces/cmake/ament_cmake_export_dependencies-extras.cmake
[2.830s] -- Installing: /home/alrraf/Code/learning/ros2_ws/install/my_robot_interfaces/share/my_robot_interfaces/cmake/rosidl_cmake_export_typesupport_libraries-extras.cmake
[2.830s] -- Installing: /home/alrraf/Code/learning/ros2_ws/install/my_robot_interfaces/share/my_robot_interfaces/cmake/my_robot_interfacesConfig.cmake
[2.830s] -- Installing: /home/alrraf/Code/learning/ros2_ws/install/my_robot_interfaces/share/my_robot_interfaces/cmake/my_robot_interfacesConfig-version.cmake
[2.830s] -- Installing: /home/alrraf/Code/learning/ros2_ws/install/my_robot_interfaces/share/my_robot_interfaces/package.xml
[2.832s] Invoked command in '/home/alrraf/Code/learning/ros2_ws/build/my_robot_interfaces' returned '0': CMAKE_PREFIX_PATH=${CMAKE_PREFIX_PATH}:/home/alrraf/Code/learning/ros2_ws/install/my_py_pkg:/home/alrraf/ros2_ws/install/my_py_pkg:/opt/ros/humble /usr/bin/cmake --install /home/alrraf/Code/learning/ros2_ws/build/my_robot_interfaces
