[0.767s] Invoking command in '/home/alrraf/Code/learning/ros2_ws/build/my_py_pkg': PYTHONPATH=/home/alrraf/Code/learning/ros2_ws/install/my_py_pkg/lib/python3.10/site-packages:${PYTHONPATH} /usr/bin/python3 setup.py develop --prefix /home/alrraf/Code/learning/ros2_ws/install/my_py_pkg --editable --build-directory /home/alrraf/Code/learning/ros2_ws/build/my_py_pkg/build --no-deps install_data --install-dir /home/alrraf/Code/learning/ros2_ws/install/my_py_pkg
[1.076s] running develop
[1.078s] /usr/lib/python3/dist-packages/setuptools/command/easy_install.py:158: EasyInstallDeprecationWarning: easy_install command is deprecated. Use build and pip and other standards-based tools.
[1.078s]   warnings.warn(
[1.081s] /usr/lib/python3/dist-packages/setuptools/command/install.py:34: SetuptoolsDeprecationWarning: setup.py install is deprecated. Use build and pip and other standards-based tools.
[1.081s]   warnings.warn(
[1.149s] /usr/lib/python3/dist-packages/pkg_resources/__init__.py:116: PkgResourcesDeprecationWarning: 1.1build1 is an invalid version and will not be supported in a future release
[1.149s]   warnings.warn(
[1.149s] /usr/lib/python3/dist-packages/pkg_resources/__init__.py:116: PkgResourcesDeprecationWarning: 0.1.43ubuntu1 is an invalid version and will not be supported in a future release
[1.149s]   warnings.warn(
[1.269s] running egg_info
[1.269s] writing my_py_pkg.egg-info/PKG-INFO
[1.270s] writing dependency_links to my_py_pkg.egg-info/dependency_links.txt
[1.270s] writing entry points to my_py_pkg.egg-info/entry_points.txt
[1.270s] writing requirements to my_py_pkg.egg-info/requires.txt
[1.270s] writing top-level names to my_py_pkg.egg-info/top_level.txt
[1.273s] reading manifest file 'my_py_pkg.egg-info/SOURCES.txt'
[1.273s] writing manifest file 'my_py_pkg.egg-info/SOURCES.txt'
[1.275s] running build_ext
[1.275s] Creating /home/alrraf/Code/learning/ros2_ws/install/my_py_pkg/lib/python3.10/site-packages/my-py-pkg.egg-link (link to .)
[1.276s] Installing py_node script to /home/alrraf/Code/learning/ros2_ws/install/my_py_pkg/lib/my_py_pkg
[1.276s] Installing robot_news_station script to /home/alrraf/Code/learning/ros2_ws/install/my_py_pkg/lib/my_py_pkg
[1.276s] 
[1.276s] Installed /home/alrraf/Code/learning/ros2_ws/build/my_py_pkg
[1.277s] running install_data
[1.277s] copying package.xml -> /home/alrraf/Code/learning/ros2_ws/install/my_py_pkg/share/my_py_pkg
[1.326s] Invoked command in '/home/alrraf/Code/learning/ros2_ws/build/my_py_pkg' returned '0': PYTHONPATH=/home/alrraf/Code/learning/ros2_ws/install/my_py_pkg/lib/python3.10/site-packages:${PYTHONPATH} /usr/bin/python3 setup.py develop --prefix /home/alrraf/Code/learning/ros2_ws/install/my_py_pkg --editable --build-directory /home/alrraf/Code/learning/ros2_ws/build/my_py_pkg/build --no-deps install_data --install-dir /home/alrraf/Code/learning/ros2_ws/install/my_py_pkg
