-- The C compiler identification is GNU 11.2.0
-- The CXX compiler identification is GNU 11.2.0
-- Detecting C compiler ABI info
-- Detecting C compiler ABI info - done
-- Check for working C compiler: /usr/bin/cc - skipped
-- Detecting C compile features
-- Detecting C compile features - done
-- Detecting CXX compiler ABI info
-- Detecting CXX compiler ABI info - done
-- Check for working CXX compiler: /usr/bin/c++ - skipped
-- Detecting CXX compile features
-- Detecting CXX compile features - done
-- Found ament_cmake: 1.3.2 (/opt/ros/humble/share/ament_cmake/cmake)
-- Found Python3: /usr/bin/python3.10 (found version "3.10.4") found components: Interpreter 
[31mCMake Error at CMakeLists.txt:10 (find_package):
  find_package called with invalid argument "rosidl_default_generators"

[0m
[31mCMake Error at CMakeLists.txt:12 (rosidl_generate_interfacees):
  Unknown CMake command "rosidl_generate_interfacees".

[0m
-- Configuring incomplete, errors occurred!
See also "/home/alrraf/Code/learning/ros2_ws/build/my_robot_interfaces/CMakeFiles/CMakeOutput.log".
