[0.012s] Invoking command in '/home/alrraf/Code/learning/ros2_ws/build/my_robot_interfaces': CMAKE_PREFIX_PATH=${CMAKE_PREFIX_PATH}:/home/alrraf/Code/learning/ros2_ws/install/my_py_pkg:/home/alrraf/ros2_ws/install/my_py_pkg:/opt/ros/humble /usr/bin/cmake /home/alrraf/Code/learning/ros2_ws/src/my_robot_interfaces -DCMAKE_INSTALL_PREFIX=/home/alrraf/Code/learning/ros2_ws/install/my_robot_interfaces
[0.123s] -- The C compiler identification is GNU 11.2.0
[0.210s] -- The CXX compiler identification is GNU 11.2.0
[0.226s] -- Detecting C compiler ABI info
[0.284s] -- Detecting C compiler ABI info - done
[0.291s] -- Check for working C compiler: /usr/bin/cc - skipped
[0.291s] -- Detecting C compile features
[0.292s] -- Detecting C compile features - done
[0.295s] -- Detecting CXX compiler ABI info
[0.358s] -- Detecting CXX compiler ABI info - done
[0.364s] -- Check for working CXX compiler: /usr/bin/c++ - skipped
[0.364s] -- Detecting CXX compile features
[0.365s] -- Detecting CXX compile features - done
[0.371s] -- Found ament_cmake: 1.3.2 (/opt/ros/humble/share/ament_cmake/cmake)
[0.512s] -- Found Python3: /usr/bin/python3.10 (found version "3.10.4") found components: Interpreter 
[0.600s] [31mCMake Error at CMakeLists.txt:10 (find_package):
[0.601s]   find_package called with invalid argument "rosidl_default_generators"
[0.601s] 
[0.601s] [0m
[0.601s] [31mCMake Error at CMakeLists.txt:12 (rosidl_generate_interfacees):
[0.601s]   Unknown CMake command "rosidl_generate_interfacees".
[0.601s] 
[0.601s] [0m
[0.601s] -- Configuring incomplete, errors occurred!
[0.601s] See also "/home/alrraf/Code/learning/ros2_ws/build/my_robot_interfaces/CMakeFiles/CMakeOutput.log".
[0.606s] Invoked command in '/home/alrraf/Code/learning/ros2_ws/build/my_robot_interfaces' returned '1': CMAKE_PREFIX_PATH=${CMAKE_PREFIX_PATH}:/home/alrraf/Code/learning/ros2_ws/install/my_py_pkg:/home/alrraf/ros2_ws/install/my_py_pkg:/opt/ros/humble /usr/bin/cmake /home/alrraf/Code/learning/ros2_ws/src/my_robot_interfaces -DCMAKE_INSTALL_PREFIX=/home/alrraf/Code/learning/ros2_ws/install/my_robot_interfaces
