[0.031s] Invoking command in '/home/alrraf/Code/learning/ros2_ws/build/my_cpp_pkg': CMAKE_PREFIX_PATH=/home/alrraf/Code/learning/ros2_ws/install/my_robot_interfaces:/home/alrraf/Code/learning/ros2_ws/install/my_cpp_pkg:/home/alrraf/ros2_ws/install/my_cpp_pkg:/home/alrraf/Code/learning/ros2_ws/install/my_py_pkg:/home/alrraf/ros2_ws/install/my_py_pkg:/opt/ros/humble /usr/bin/cmake --build /home/alrraf/Code/learning/ros2_ws/build/my_cpp_pkg -- -j12 -l12
[0.064s] -- Found ament_cmake: 1.3.2 (/opt/ros/humble/share/ament_cmake/cmake)
[0.263s] -- Found rclcpp: 16.0.1 (/opt/ros/humble/share/rclcpp/cmake)
[0.320s] -- Found rosidl_generator_c: 3.1.3 (/opt/ros/humble/share/rosidl_generator_c/cmake)
[0.324s] -- Found rosidl_adapter: 3.1.3 (/opt/ros/humble/share/rosidl_adapter/cmake)
[0.333s] -- Found rosidl_generator_cpp: 3.1.3 (/opt/ros/humble/share/rosidl_generator_cpp/cmake)
[0.350s] -- Using all available rosidl_typesupport_c: rosidl_typesupport_fastrtps_c;rosidl_typesupport_introspection_c
[0.375s] -- Using all available rosidl_typesupport_cpp: rosidl_typesupport_fastrtps_cpp;rosidl_typesupport_introspection_cpp
[0.475s] -- Found rmw_implementation_cmake: 6.1.0 (/opt/ros/humble/share/rmw_implementation_cmake/cmake)
[0.478s] -- Found rmw_fastrtps_cpp: 6.2.1 (/opt/ros/humble/share/rmw_fastrtps_cpp/cmake)
[0.665s] -- Using RMW implementation 'rmw_fastrtps_cpp' as default
[0.923s] -- Found example_interfaces: 0.9.3 (/opt/ros/humble/share/example_interfaces/cmake)
[1.140s] -- Found my_robot_interfaces: 0.0.0 (/home/alrraf/Code/learning/ros2_ws/install/my_robot_interfaces/share/my_robot_interfaces/cmake)
[1.250s] -- Configuring done
[1.298s] -- Generating done
[1.301s] -- Build files have been written to: /home/alrraf/Code/learning/ros2_ws/build/my_cpp_pkg
[1.337s] [35m[1mConsolidate compiler generated dependencies of target cpp_node[0m
[1.337s] [35m[1mConsolidate compiler generated dependencies of target add_two_ints_server[0m
[1.337s] [35m[1mConsolidate compiler generated dependencies of target add_two_ints_client_no_oop[0m
[1.337s] [35m[1mConsolidate compiler generated dependencies of target number_publisher[0m
[1.338s] [35m[1mConsolidate compiler generated dependencies of target add_two_ints_client[0m
[1.338s] [35m[1mConsolidate compiler generated dependencies of target smartphone[0m
[1.338s] [35m[1mConsolidate compiler generated dependencies of target number_counter[0m
[1.338s] [35m[1mConsolidate compiler generated dependencies of target robot_news_station[0m
[1.380s] [ 25%] Built target robot_news_station
[1.380s] [ 37%] Built target add_two_ints_server
[1.380s] [ 37%] Built target add_two_ints_client_no_oop
[1.380s] [ 50%] Built target number_counter
[1.380s] [ 62%] Built target smartphone
[1.381s] [ 87%] Built target cpp_node
[1.381s] [ 87%] Built target add_two_ints_client
[1.383s] [100%] Built target number_publisher
[1.395s] Invoked command in '/home/alrraf/Code/learning/ros2_ws/build/my_cpp_pkg' returned '0': CMAKE_PREFIX_PATH=/home/alrraf/Code/learning/ros2_ws/install/my_robot_interfaces:/home/alrraf/Code/learning/ros2_ws/install/my_cpp_pkg:/home/alrraf/ros2_ws/install/my_cpp_pkg:/home/alrraf/Code/learning/ros2_ws/install/my_py_pkg:/home/alrraf/ros2_ws/install/my_py_pkg:/opt/ros/humble /usr/bin/cmake --build /home/alrraf/Code/learning/ros2_ws/build/my_cpp_pkg -- -j12 -l12
[1.442s] Invoking command in '/home/alrraf/Code/learning/ros2_ws/build/my_cpp_pkg': CMAKE_PREFIX_PATH=/home/alrraf/Code/learning/ros2_ws/install/my_robot_interfaces:/home/alrraf/Code/learning/ros2_ws/install/my_cpp_pkg:/home/alrraf/ros2_ws/install/my_cpp_pkg:/home/alrraf/Code/learning/ros2_ws/install/my_py_pkg:/home/alrraf/ros2_ws/install/my_py_pkg:/opt/ros/humble /usr/bin/cmake --install /home/alrraf/Code/learning/ros2_ws/build/my_cpp_pkg
[1.450s] -- Install configuration: ""
[1.450s] -- Up-to-date: /home/alrraf/Code/learning/ros2_ws/install/my_cpp_pkg/lib/my_cpp_pkg/cpp_node
[1.450s] -- Up-to-date: /home/alrraf/Code/learning/ros2_ws/install/my_cpp_pkg/lib/my_cpp_pkg/robot_news_station
[1.450s] -- Up-to-date: /home/alrraf/Code/learning/ros2_ws/install/my_cpp_pkg/lib/my_cpp_pkg/smartphone
[1.451s] -- Up-to-date: /home/alrraf/Code/learning/ros2_ws/install/my_cpp_pkg/lib/my_cpp_pkg/add_two_ints_server
[1.451s] -- Up-to-date: /home/alrraf/Code/learning/ros2_ws/install/my_cpp_pkg/lib/my_cpp_pkg/add_two_ints_client_no_oop
[1.451s] -- Up-to-date: /home/alrraf/Code/learning/ros2_ws/install/my_cpp_pkg/lib/my_cpp_pkg/add_two_ints_client
[1.452s] -- Up-to-date: /home/alrraf/Code/learning/ros2_ws/install/my_cpp_pkg/lib/my_cpp_pkg/number_publisher
[1.452s] -- Up-to-date: /home/alrraf/Code/learning/ros2_ws/install/my_cpp_pkg/lib/my_cpp_pkg/number_counter
[1.452s] -- Up-to-date: /home/alrraf/Code/learning/ros2_ws/install/my_cpp_pkg/share/ament_index/resource_index/package_run_dependencies/my_cpp_pkg
[1.453s] -- Installing: /home/alrraf/Code/learning/ros2_ws/install/my_cpp_pkg/share/ament_index/resource_index/parent_prefix_path/my_cpp_pkg
[1.453s] -- Up-to-date: /home/alrraf/Code/learning/ros2_ws/install/my_cpp_pkg/share/my_cpp_pkg/environment/ament_prefix_path.sh
[1.453s] -- Installing: /home/alrraf/Code/learning/ros2_ws/install/my_cpp_pkg/share/my_cpp_pkg/environment/ament_prefix_path.dsv
[1.453s] -- Up-to-date: /home/alrraf/Code/learning/ros2_ws/install/my_cpp_pkg/share/my_cpp_pkg/environment/path.sh
[1.453s] -- Installing: /home/alrraf/Code/learning/ros2_ws/install/my_cpp_pkg/share/my_cpp_pkg/environment/path.dsv
[1.454s] -- Up-to-date: /home/alrraf/Code/learning/ros2_ws/install/my_cpp_pkg/share/my_cpp_pkg/local_setup.bash
[1.454s] -- Up-to-date: /home/alrraf/Code/learning/ros2_ws/install/my_cpp_pkg/share/my_cpp_pkg/local_setup.sh
[1.454s] -- Up-to-date: /home/alrraf/Code/learning/ros2_ws/install/my_cpp_pkg/share/my_cpp_pkg/local_setup.zsh
[1.454s] -- Installing: /home/alrraf/Code/learning/ros2_ws/install/my_cpp_pkg/share/my_cpp_pkg/local_setup.dsv
[1.454s] -- Installing: /home/alrraf/Code/learning/ros2_ws/install/my_cpp_pkg/share/my_cpp_pkg/package.dsv
[1.454s] -- Up-to-date: /home/alrraf/Code/learning/ros2_ws/install/my_cpp_pkg/share/ament_index/resource_index/packages/my_cpp_pkg
[1.454s] -- Up-to-date: /home/alrraf/Code/learning/ros2_ws/install/my_cpp_pkg/share/my_cpp_pkg/cmake/my_cpp_pkgConfig.cmake
[1.454s] -- Up-to-date: /home/alrraf/Code/learning/ros2_ws/install/my_cpp_pkg/share/my_cpp_pkg/cmake/my_cpp_pkgConfig-version.cmake
[1.454s] -- Up-to-date: /home/alrraf/Code/learning/ros2_ws/install/my_cpp_pkg/share/my_cpp_pkg/package.xml
[1.459s] Invoked command in '/home/alrraf/Code/learning/ros2_ws/build/my_cpp_pkg' returned '0': CMAKE_PREFIX_PATH=/home/alrraf/Code/learning/ros2_ws/install/my_robot_interfaces:/home/alrraf/Code/learning/ros2_ws/install/my_cpp_pkg:/home/alrraf/ros2_ws/install/my_cpp_pkg:/home/alrraf/Code/learning/ros2_ws/install/my_py_pkg:/home/alrraf/ros2_ws/install/my_py_pkg:/opt/ros/humble /usr/bin/cmake --install /home/alrraf/Code/learning/ros2_ws/build/my_cpp_pkg
