[0.016s] Invoking command in '/home/alrraf/Code/learning/ros2_ws/build/my_robot_interfaces': CMAKE_PREFIX_PATH=${CMAKE_PREFIX_PATH}:/home/alrraf/Code/learning/ros2_ws/install/my_py_pkg:/home/alrraf/ros2_ws/install/my_py_pkg:/opt/ros/humble /usr/bin/cmake --build /home/alrraf/Code/learning/ros2_ws/build/my_robot_interfaces -- -j12 -l12
[0.036s] -- Found ament_cmake: 1.3.2 (/opt/ros/humble/share/ament_cmake/cmake)
[0.162s] -- Found rosidl_default_generators: 1.2.0 (/opt/ros/humble/share/rosidl_default_generators/cmake)
[0.165s] -- Using all available rosidl_typesupport_c: rosidl_typesupport_fastrtps_c;rosidl_typesupport_introspection_c
[0.169s] -- Found rosidl_adapter: 3.1.3 (/opt/ros/humble/share/rosidl_adapter/cmake)
[0.212s] -- Using all available rosidl_typesupport_cpp: rosidl_typesupport_fastrtps_cpp;rosidl_typesupport_introspection_cpp
[0.447s] -- Found ament_cmake_ros: 0.10.0 (/opt/ros/humble/share/ament_cmake_ros/cmake)
[0.617s] -- Using all available rosidl_typesupport_c: rosidl_typesupport_fastrtps_c;rosidl_typesupport_introspection_c
[0.844s] -- Using all available rosidl_typesupport_cpp: rosidl_typesupport_fastrtps_cpp;rosidl_typesupport_introspection_cpp
[0.865s] -- Found python_cmake_module: 0.10.0 (/opt/ros/humble/share/python_cmake_module/cmake)
[0.885s] -- Using PYTHON_EXECUTABLE: /usr/bin/python3
[0.885s] -- Using PYTHON_INCLUDE_DIRS: /usr/include/python3.10
[0.885s] -- Using PYTHON_LIBRARIES: /usr/lib/x86_64-linux-gnu/libpython3.10.so
[0.897s] -- Configuring done
[0.918s] -- Generating done
[0.921s] -- Build files have been written to: /home/alrraf/Code/learning/ros2_ws/build/my_robot_interfaces
[0.943s] [35m[1mConsolidate compiler generated dependencies of target my_robot_interfaces__rosidl_generator_c[0m
[0.950s] [  3%] Built target my_robot_interfaces__cpp
[0.954s] [ 12%] Built target my_robot_interfaces__rosidl_generator_c
[0.958s] [ 12%] Built target ament_cmake_python_copy_my_robot_interfaces
[0.958s] [35m[1mConsolidate compiler generated dependencies of target my_robot_interfaces__rosidl_typesupport_cpp[0m
[0.960s] [35m[1mConsolidate compiler generated dependencies of target my_robot_interfaces__rosidl_typesupport_fastrtps_cpp[0m
[0.960s] [35m[1mConsolidate compiler generated dependencies of target my_robot_interfaces__rosidl_typesupport_introspection_cpp[0m
[0.964s] [35m[1mConsolidate compiler generated dependencies of target my_robot_interfaces__rosidl_typesupport_introspection_c[0m
[0.964s] [35m[1mConsolidate compiler generated dependencies of target my_robot_interfaces__rosidl_typesupport_fastrtps_c[0m
[0.966s] [35m[1mConsolidate compiler generated dependencies of target my_robot_interfaces__rosidl_typesupport_c[0m
[0.972s] [ 22%] Built target my_robot_interfaces__rosidl_typesupport_cpp
[0.974s] [ 51%] Built target my_robot_interfaces__rosidl_typesupport_fastrtps_cpp
[0.975s] [ 51%] Built target my_robot_interfaces__rosidl_typesupport_fastrtps_c
[0.975s] [ 51%] Built target my_robot_interfaces__rosidl_typesupport_introspection_cpp
[0.975s] [ 61%] Built target my_robot_interfaces__rosidl_typesupport_introspection_c
[0.977s] [ 70%] Built target my_robot_interfaces__rosidl_typesupport_c
[0.993s] [ 70%] Built target my_robot_interfaces
[1.010s] [ 74%] Built target my_robot_interfaces__py
[1.018s] [35m[1mConsolidate compiler generated dependencies of target my_robot_interfaces__rosidl_generator_py[0m
[1.029s] [ 80%] Built target my_robot_interfaces__rosidl_generator_py
[1.038s] [35m[1mConsolidate compiler generated dependencies of target my_robot_interfaces__rosidl_typesupport_c__pyext[0m
[1.038s] [35m[1mConsolidate compiler generated dependencies of target my_robot_interfaces__rosidl_typesupport_fastrtps_c__pyext[0m
[1.038s] [35m[1mConsolidate compiler generated dependencies of target my_robot_interfaces__rosidl_typesupport_introspection_c__pyext[0m
[1.049s] [ 93%] Built target my_robot_interfaces__rosidl_typesupport_c__pyext
[1.049s] [ 96%] Built target my_robot_interfaces__rosidl_typesupport_introspection_c__pyext
[1.049s] [100%] Built target my_robot_interfaces__rosidl_typesupport_fastrtps_c__pyext
[1.148s] running egg_info
[1.148s] writing my_robot_interfaces.egg-info/PKG-INFO
[1.149s] writing dependency_links to my_robot_interfaces.egg-info/dependency_links.txt
[1.149s] writing top-level names to my_robot_interfaces.egg-info/top_level.txt
[1.151s] reading manifest file 'my_robot_interfaces.egg-info/SOURCES.txt'
[1.151s] writing manifest file 'my_robot_interfaces.egg-info/SOURCES.txt'
[1.179s] [100%] Built target ament_cmake_python_build_my_robot_interfaces_egg
[1.188s] Invoked command in '/home/alrraf/Code/learning/ros2_ws/build/my_robot_interfaces' returned '0': CMAKE_PREFIX_PATH=${CMAKE_PREFIX_PATH}:/home/alrraf/Code/learning/ros2_ws/install/my_py_pkg:/home/alrraf/ros2_ws/install/my_py_pkg:/opt/ros/humble /usr/bin/cmake --build /home/alrraf/Code/learning/ros2_ws/build/my_robot_interfaces -- -j12 -l12
[1.236s] Invoking command in '/home/alrraf/Code/learning/ros2_ws/build/my_robot_interfaces': CMAKE_PREFIX_PATH=${CMAKE_PREFIX_PATH}:/home/alrraf/Code/learning/ros2_ws/install/my_py_pkg:/home/alrraf/ros2_ws/install/my_py_pkg:/opt/ros/humble /usr/bin/cmake --install /home/alrraf/Code/learning/ros2_ws/build/my_robot_interfaces
[1.241s] -- Install configuration: ""
[1.242s] -- Up-to-date: /home/alrraf/Code/learning/ros2_ws/install/my_robot_interfaces/share/ament_index/resource_index/rosidl_interfaces/my_robot_interfaces
[1.242s] -- Up-to-date: /home/alrraf/Code/learning/ros2_ws/install/my_robot_interfaces/include/my_robot_interfaces/my_robot_interfaces
[1.242s] -- Up-to-date: /home/alrraf/Code/learning/ros2_ws/install/my_robot_interfaces/include/my_robot_interfaces/my_robot_interfaces/msg
[1.242s] -- Up-to-date: /home/alrraf/Code/learning/ros2_ws/install/my_robot_interfaces/include/my_robot_interfaces/my_robot_interfaces/msg/rosidl_generator_c__visibility_control.h
[1.242s] -- Up-to-date: /home/alrraf/Code/learning/ros2_ws/install/my_robot_interfaces/include/my_robot_interfaces/my_robot_interfaces/msg/hard_ware_status.h
[1.242s] -- Up-to-date: /home/alrraf/Code/learning/ros2_ws/install/my_robot_interfaces/include/my_robot_interfaces/my_robot_interfaces/msg/detail
[1.242s] -- Up-to-date: /home/alrraf/Code/learning/ros2_ws/install/my_robot_interfaces/include/my_robot_interfaces/my_robot_interfaces/msg/detail/hard_ware_status__functions.h
[1.242s] -- Up-to-date: /home/alrraf/Code/learning/ros2_ws/install/my_robot_interfaces/include/my_robot_interfaces/my_robot_interfaces/msg/detail/hard_ware_status__struct.h
[1.242s] -- Up-to-date: /home/alrraf/Code/learning/ros2_ws/install/my_robot_interfaces/include/my_robot_interfaces/my_robot_interfaces/msg/detail/hard_ware_status__functions.c
[1.242s] -- Up-to-date: /home/alrraf/Code/learning/ros2_ws/install/my_robot_interfaces/include/my_robot_interfaces/my_robot_interfaces/msg/detail/hard_ware_status__type_support.h
[1.242s] -- Up-to-date: /home/alrraf/Code/learning/ros2_ws/install/my_robot_interfaces/share/my_robot_interfaces/environment/library_path.sh
[1.243s] -- Installing: /home/alrraf/Code/learning/ros2_ws/install/my_robot_interfaces/share/my_robot_interfaces/environment/library_path.dsv
[1.243s] -- Up-to-date: /home/alrraf/Code/learning/ros2_ws/install/my_robot_interfaces/lib/libmy_robot_interfaces__rosidl_generator_c.so
[1.243s] -- Up-to-date: /home/alrraf/Code/learning/ros2_ws/install/my_robot_interfaces/include/my_robot_interfaces/my_robot_interfaces
[1.243s] -- Up-to-date: /home/alrraf/Code/learning/ros2_ws/install/my_robot_interfaces/include/my_robot_interfaces/my_robot_interfaces/msg
[1.243s] -- Up-to-date: /home/alrraf/Code/learning/ros2_ws/install/my_robot_interfaces/include/my_robot_interfaces/my_robot_interfaces/msg/rosidl_typesupport_fastrtps_c__visibility_control.h
[1.243s] -- Up-to-date: /home/alrraf/Code/learning/ros2_ws/install/my_robot_interfaces/include/my_robot_interfaces/my_robot_interfaces/msg/detail
[1.243s] -- Up-to-date: /home/alrraf/Code/learning/ros2_ws/install/my_robot_interfaces/include/my_robot_interfaces/my_robot_interfaces/msg/detail/hard_ware_status__rosidl_typesupport_fastrtps_c.h
[1.243s] -- Up-to-date: /home/alrraf/Code/learning/ros2_ws/install/my_robot_interfaces/lib/libmy_robot_interfaces__rosidl_typesupport_fastrtps_c.so
[1.243s] -- Up-to-date: /home/alrraf/Code/learning/ros2_ws/install/my_robot_interfaces/include/my_robot_interfaces/my_robot_interfaces
[1.244s] -- Up-to-date: /home/alrraf/Code/learning/ros2_ws/install/my_robot_interfaces/include/my_robot_interfaces/my_robot_interfaces/msg
[1.244s] -- Up-to-date: /home/alrraf/Code/learning/ros2_ws/install/my_robot_interfaces/include/my_robot_interfaces/my_robot_interfaces/msg/rosidl_typesupport_introspection_c__visibility_control.h
[1.244s] -- Up-to-date: /home/alrraf/Code/learning/ros2_ws/install/my_robot_interfaces/include/my_robot_interfaces/my_robot_interfaces/msg/detail
[1.244s] -- Up-to-date: /home/alrraf/Code/learning/ros2_ws/install/my_robot_interfaces/include/my_robot_interfaces/my_robot_interfaces/msg/detail/hard_ware_status__type_support.c
[1.244s] -- Up-to-date: /home/alrraf/Code/learning/ros2_ws/install/my_robot_interfaces/include/my_robot_interfaces/my_robot_interfaces/msg/detail/hard_ware_status__rosidl_typesupport_introspection_c.h
[1.244s] -- Up-to-date: /home/alrraf/Code/learning/ros2_ws/install/my_robot_interfaces/lib/libmy_robot_interfaces__rosidl_typesupport_introspection_c.so
[1.244s] -- Up-to-date: /home/alrraf/Code/learning/ros2_ws/install/my_robot_interfaces/lib/libmy_robot_interfaces__rosidl_typesupport_c.so
[1.245s] -- Up-to-date: /home/alrraf/Code/learning/ros2_ws/install/my_robot_interfaces/include/my_robot_interfaces/my_robot_interfaces
[1.245s] -- Up-to-date: /home/alrraf/Code/learning/ros2_ws/install/my_robot_interfaces/include/my_robot_interfaces/my_robot_interfaces/msg
[1.245s] -- Up-to-date: /home/alrraf/Code/learning/ros2_ws/install/my_robot_interfaces/include/my_robot_interfaces/my_robot_interfaces/msg/detail
[1.245s] -- Up-to-date: /home/alrraf/Code/learning/ros2_ws/install/my_robot_interfaces/include/my_robot_interfaces/my_robot_interfaces/msg/detail/hard_ware_status__struct.hpp
[1.245s] -- Up-to-date: /home/alrraf/Code/learning/ros2_ws/install/my_robot_interfaces/include/my_robot_interfaces/my_robot_interfaces/msg/detail/hard_ware_status__traits.hpp
[1.245s] -- Up-to-date: /home/alrraf/Code/learning/ros2_ws/install/my_robot_interfaces/include/my_robot_interfaces/my_robot_interfaces/msg/detail/hard_ware_status__builder.hpp
[1.245s] -- Up-to-date: /home/alrraf/Code/learning/ros2_ws/install/my_robot_interfaces/include/my_robot_interfaces/my_robot_interfaces/msg/hard_ware_status.hpp
[1.245s] -- Up-to-date: /home/alrraf/Code/learning/ros2_ws/install/my_robot_interfaces/include/my_robot_interfaces/my_robot_interfaces
[1.245s] -- Up-to-date: /home/alrraf/Code/learning/ros2_ws/install/my_robot_interfaces/include/my_robot_interfaces/my_robot_interfaces/msg
[1.245s] -- Up-to-date: /home/alrraf/Code/learning/ros2_ws/install/my_robot_interfaces/include/my_robot_interfaces/my_robot_interfaces/msg/detail
[1.245s] -- Up-to-date: /home/alrraf/Code/learning/ros2_ws/install/my_robot_interfaces/include/my_robot_interfaces/my_robot_interfaces/msg/detail/hard_ware_status__rosidl_typesupport_fastrtps_cpp.hpp
[1.246s] -- Up-to-date: /home/alrraf/Code/learning/ros2_ws/install/my_robot_interfaces/include/my_robot_interfaces/my_robot_interfaces/msg/detail/dds_fastrtps
[1.246s] -- Up-to-date: /home/alrraf/Code/learning/ros2_ws/install/my_robot_interfaces/include/my_robot_interfaces/my_robot_interfaces/msg/rosidl_typesupport_fastrtps_cpp__visibility_control.h
[1.246s] -- Up-to-date: /home/alrraf/Code/learning/ros2_ws/install/my_robot_interfaces/lib/libmy_robot_interfaces__rosidl_typesupport_fastrtps_cpp.so
[1.246s] -- Up-to-date: /home/alrraf/Code/learning/ros2_ws/install/my_robot_interfaces/include/my_robot_interfaces/my_robot_interfaces
[1.246s] -- Up-to-date: /home/alrraf/Code/learning/ros2_ws/install/my_robot_interfaces/include/my_robot_interfaces/my_robot_interfaces/msg
[1.246s] -- Up-to-date: /home/alrraf/Code/learning/ros2_ws/install/my_robot_interfaces/include/my_robot_interfaces/my_robot_interfaces/msg/detail
[1.246s] -- Up-to-date: /home/alrraf/Code/learning/ros2_ws/install/my_robot_interfaces/include/my_robot_interfaces/my_robot_interfaces/msg/detail/hard_ware_status__type_support.cpp
[1.246s] -- Up-to-date: /home/alrraf/Code/learning/ros2_ws/install/my_robot_interfaces/include/my_robot_interfaces/my_robot_interfaces/msg/detail/hard_ware_status__rosidl_typesupport_introspection_cpp.hpp
[1.246s] -- Up-to-date: /home/alrraf/Code/learning/ros2_ws/install/my_robot_interfaces/lib/libmy_robot_interfaces__rosidl_typesupport_introspection_cpp.so
[1.246s] -- Up-to-date: /home/alrraf/Code/learning/ros2_ws/install/my_robot_interfaces/lib/libmy_robot_interfaces__rosidl_typesupport_cpp.so
[1.246s] -- Up-to-date: /home/alrraf/Code/learning/ros2_ws/install/my_robot_interfaces/share/my_robot_interfaces/environment/pythonpath.sh
[1.246s] -- Installing: /home/alrraf/Code/learning/ros2_ws/install/my_robot_interfaces/share/my_robot_interfaces/environment/pythonpath.dsv
[1.246s] -- Up-to-date: /home/alrraf/Code/learning/ros2_ws/install/my_robot_interfaces/local/lib/python3.10/dist-packages/my_robot_interfaces-0.0.0-py3.10.egg-info
[1.246s] -- Installing: /home/alrraf/Code/learning/ros2_ws/install/my_robot_interfaces/local/lib/python3.10/dist-packages/my_robot_interfaces-0.0.0-py3.10.egg-info/PKG-INFO
[1.247s] -- Installing: /home/alrraf/Code/learning/ros2_ws/install/my_robot_interfaces/local/lib/python3.10/dist-packages/my_robot_interfaces-0.0.0-py3.10.egg-info/top_level.txt
[1.247s] -- Installing: /home/alrraf/Code/learning/ros2_ws/install/my_robot_interfaces/local/lib/python3.10/dist-packages/my_robot_interfaces-0.0.0-py3.10.egg-info/dependency_links.txt
[1.247s] -- Installing: /home/alrraf/Code/learning/ros2_ws/install/my_robot_interfaces/local/lib/python3.10/dist-packages/my_robot_interfaces-0.0.0-py3.10.egg-info/SOURCES.txt
[1.247s] -- Up-to-date: /home/alrraf/Code/learning/ros2_ws/install/my_robot_interfaces/local/lib/python3.10/dist-packages/my_robot_interfaces
[1.247s] -- Installing: /home/alrraf/Code/learning/ros2_ws/install/my_robot_interfaces/local/lib/python3.10/dist-packages/my_robot_interfaces/__init__.py
[1.247s] -- Up-to-date: /home/alrraf/Code/learning/ros2_ws/install/my_robot_interfaces/local/lib/python3.10/dist-packages/my_robot_interfaces/_my_robot_interfaces_s.ep.rosidl_typesupport_introspection_c.c
[1.247s] -- Up-to-date: /home/alrraf/Code/learning/ros2_ws/install/my_robot_interfaces/local/lib/python3.10/dist-packages/my_robot_interfaces/_my_robot_interfaces_s.ep.rosidl_typesupport_c.c
[1.247s] -- Up-to-date: /home/alrraf/Code/learning/ros2_ws/install/my_robot_interfaces/local/lib/python3.10/dist-packages/my_robot_interfaces/_my_robot_interfaces_s.ep.rosidl_typesupport_fastrtps_c.c
[1.247s] -- Up-to-date: /home/alrraf/Code/learning/ros2_ws/install/my_robot_interfaces/local/lib/python3.10/dist-packages/my_robot_interfaces/my_robot_interfaces_s__rosidl_typesupport_introspection_c.cpython-310-x86_64-linux-gnu.so
[1.247s] -- Up-to-date: /home/alrraf/Code/learning/ros2_ws/install/my_robot_interfaces/local/lib/python3.10/dist-packages/my_robot_interfaces/msg
[1.247s] -- Up-to-date: /home/alrraf/Code/learning/ros2_ws/install/my_robot_interfaces/local/lib/python3.10/dist-packages/my_robot_interfaces/msg/__init__.py
[1.247s] -- Up-to-date: /home/alrraf/Code/learning/ros2_ws/install/my_robot_interfaces/local/lib/python3.10/dist-packages/my_robot_interfaces/msg/_hard_ware_status_s.c
[1.247s] -- Up-to-date: /home/alrraf/Code/learning/ros2_ws/install/my_robot_interfaces/local/lib/python3.10/dist-packages/my_robot_interfaces/msg/_hard_ware_status.py
[1.247s] -- Up-to-date: /home/alrraf/Code/learning/ros2_ws/install/my_robot_interfaces/local/lib/python3.10/dist-packages/my_robot_interfaces/libmy_robot_interfaces__rosidl_generator_py.so
[1.248s] -- Up-to-date: /home/alrraf/Code/learning/ros2_ws/install/my_robot_interfaces/local/lib/python3.10/dist-packages/my_robot_interfaces/my_robot_interfaces_s__rosidl_typesupport_c.cpython-310-x86_64-linux-gnu.so
[1.248s] -- Up-to-date: /home/alrraf/Code/learning/ros2_ws/install/my_robot_interfaces/local/lib/python3.10/dist-packages/my_robot_interfaces/my_robot_interfaces_s__rosidl_typesupport_fastrtps_c.cpython-310-x86_64-linux-gnu.so
[1.275s] Listing '/home/alrraf/Code/learning/ros2_ws/install/my_robot_interfaces/local/lib/python3.10/dist-packages/my_robot_interfaces'...
[1.275s] Compiling '/home/alrraf/Code/learning/ros2_ws/install/my_robot_interfaces/local/lib/python3.10/dist-packages/my_robot_interfaces/__init__.py'...
[1.276s] Listing '/home/alrraf/Code/learning/ros2_ws/install/my_robot_interfaces/local/lib/python3.10/dist-packages/my_robot_interfaces/msg'...
[1.280s] -- Up-to-date: /home/alrraf/Code/learning/ros2_ws/install/my_robot_interfaces/local/lib/python3.10/dist-packages/my_robot_interfaces/my_robot_interfaces_s__rosidl_typesupport_fastrtps_c.cpython-310-x86_64-linux-gnu.so
[1.281s] -- Up-to-date: /home/alrraf/Code/learning/ros2_ws/install/my_robot_interfaces/local/lib/python3.10/dist-packages/my_robot_interfaces/my_robot_interfaces_s__rosidl_typesupport_introspection_c.cpython-310-x86_64-linux-gnu.so
[1.281s] -- Up-to-date: /home/alrraf/Code/learning/ros2_ws/install/my_robot_interfaces/local/lib/python3.10/dist-packages/my_robot_interfaces/my_robot_interfaces_s__rosidl_typesupport_c.cpython-310-x86_64-linux-gnu.so
[1.281s] -- Up-to-date: /home/alrraf/Code/learning/ros2_ws/install/my_robot_interfaces/lib/libmy_robot_interfaces__rosidl_generator_py.so
[1.281s] -- Up-to-date: /home/alrraf/Code/learning/ros2_ws/install/my_robot_interfaces/share/my_robot_interfaces/msg/HardWareStatus.idl
[1.282s] -- Up-to-date: /home/alrraf/Code/learning/ros2_ws/install/my_robot_interfaces/share/my_robot_interfaces/msg/HardWareStatus.msg
[1.282s] -- Up-to-date: /home/alrraf/Code/learning/ros2_ws/install/my_robot_interfaces/share/ament_index/resource_index/package_run_dependencies/my_robot_interfaces
[1.282s] -- Up-to-date: /home/alrraf/Code/learning/ros2_ws/install/my_robot_interfaces/share/ament_index/resource_index/parent_prefix_path/my_robot_interfaces
[1.282s] -- Up-to-date: /home/alrraf/Code/learning/ros2_ws/install/my_robot_interfaces/share/my_robot_interfaces/environment/ament_prefix_path.sh
[1.282s] -- Installing: /home/alrraf/Code/learning/ros2_ws/install/my_robot_interfaces/share/my_robot_interfaces/environment/ament_prefix_path.dsv
[1.282s] -- Up-to-date: /home/alrraf/Code/learning/ros2_ws/install/my_robot_interfaces/share/my_robot_interfaces/environment/path.sh
[1.282s] -- Installing: /home/alrraf/Code/learning/ros2_ws/install/my_robot_interfaces/share/my_robot_interfaces/environment/path.dsv
[1.282s] -- Up-to-date: /home/alrraf/Code/learning/ros2_ws/install/my_robot_interfaces/share/my_robot_interfaces/local_setup.bash
[1.282s] -- Up-to-date: /home/alrraf/Code/learning/ros2_ws/install/my_robot_interfaces/share/my_robot_interfaces/local_setup.sh
[1.282s] -- Up-to-date: /home/alrraf/Code/learning/ros2_ws/install/my_robot_interfaces/share/my_robot_interfaces/local_setup.zsh
[1.282s] -- Installing: /home/alrraf/Code/learning/ros2_ws/install/my_robot_interfaces/share/my_robot_interfaces/local_setup.dsv
[1.282s] -- Installing: /home/alrraf/Code/learning/ros2_ws/install/my_robot_interfaces/share/my_robot_interfaces/package.dsv
[1.283s] -- Up-to-date: /home/alrraf/Code/learning/ros2_ws/install/my_robot_interfaces/share/ament_index/resource_index/packages/my_robot_interfaces
[1.283s] -- Up-to-date: /home/alrraf/Code/learning/ros2_ws/install/my_robot_interfaces/share/my_robot_interfaces/cmake/export_my_robot_interfaces__rosidl_generator_cExport.cmake
[1.283s] -- Up-to-date: /home/alrraf/Code/learning/ros2_ws/install/my_robot_interfaces/share/my_robot_interfaces/cmake/export_my_robot_interfaces__rosidl_generator_cExport-noconfig.cmake
[1.283s] -- Up-to-date: /home/alrraf/Code/learning/ros2_ws/install/my_robot_interfaces/share/my_robot_interfaces/cmake/export_my_robot_interfaces__rosidl_typesupport_fastrtps_cExport.cmake
[1.283s] -- Up-to-date: /home/alrraf/Code/learning/ros2_ws/install/my_robot_interfaces/share/my_robot_interfaces/cmake/export_my_robot_interfaces__rosidl_typesupport_fastrtps_cExport-noconfig.cmake
[1.283s] -- Up-to-date: /home/alrraf/Code/learning/ros2_ws/install/my_robot_interfaces/share/my_robot_interfaces/cmake/my_robot_interfaces__rosidl_typesupport_introspection_cExport.cmake
[1.283s] -- Up-to-date: /home/alrraf/Code/learning/ros2_ws/install/my_robot_interfaces/share/my_robot_interfaces/cmake/my_robot_interfaces__rosidl_typesupport_introspection_cExport-noconfig.cmake
[1.283s] -- Up-to-date: /home/alrraf/Code/learning/ros2_ws/install/my_robot_interfaces/share/my_robot_interfaces/cmake/my_robot_interfaces__rosidl_typesupport_cExport.cmake
[1.283s] -- Up-to-date: /home/alrraf/Code/learning/ros2_ws/install/my_robot_interfaces/share/my_robot_interfaces/cmake/my_robot_interfaces__rosidl_typesupport_cExport-noconfig.cmake
[1.283s] -- Up-to-date: /home/alrraf/Code/learning/ros2_ws/install/my_robot_interfaces/share/my_robot_interfaces/cmake/export_my_robot_interfaces__rosidl_generator_cppExport.cmake
[1.283s] -- Up-to-date: /home/alrraf/Code/learning/ros2_ws/install/my_robot_interfaces/share/my_robot_interfaces/cmake/export_my_robot_interfaces__rosidl_typesupport_fastrtps_cppExport.cmake
[1.283s] -- Up-to-date: /home/alrraf/Code/learning/ros2_ws/install/my_robot_interfaces/share/my_robot_interfaces/cmake/export_my_robot_interfaces__rosidl_typesupport_fastrtps_cppExport-noconfig.cmake
[1.284s] -- Up-to-date: /home/alrraf/Code/learning/ros2_ws/install/my_robot_interfaces/share/my_robot_interfaces/cmake/my_robot_interfaces__rosidl_typesupport_introspection_cppExport.cmake
[1.284s] -- Up-to-date: /home/alrraf/Code/learning/ros2_ws/install/my_robot_interfaces/share/my_robot_interfaces/cmake/my_robot_interfaces__rosidl_typesupport_introspection_cppExport-noconfig.cmake
[1.284s] -- Up-to-date: /home/alrraf/Code/learning/ros2_ws/install/my_robot_interfaces/share/my_robot_interfaces/cmake/my_robot_interfaces__rosidl_typesupport_cppExport.cmake
[1.284s] -- Up-to-date: /home/alrraf/Code/learning/ros2_ws/install/my_robot_interfaces/share/my_robot_interfaces/cmake/my_robot_interfaces__rosidl_typesupport_cppExport-noconfig.cmake
[1.284s] -- Up-to-date: /home/alrraf/Code/learning/ros2_ws/install/my_robot_interfaces/share/my_robot_interfaces/cmake/export_my_robot_interfaces__rosidl_generator_pyExport.cmake
[1.284s] -- Up-to-date: /home/alrraf/Code/learning/ros2_ws/install/my_robot_interfaces/share/my_robot_interfaces/cmake/export_my_robot_interfaces__rosidl_generator_pyExport-noconfig.cmake
[1.284s] -- Up-to-date: /home/alrraf/Code/learning/ros2_ws/install/my_robot_interfaces/share/my_robot_interfaces/cmake/rosidl_cmake-extras.cmake
[1.284s] -- Up-to-date: /home/alrraf/Code/learning/ros2_ws/install/my_robot_interfaces/share/my_robot_interfaces/cmake/ament_cmake_export_include_directories-extras.cmake
[1.284s] -- Up-to-date: /home/alrraf/Code/learning/ros2_ws/install/my_robot_interfaces/share/my_robot_interfaces/cmake/ament_cmake_export_libraries-extras.cmake
[1.284s] -- Up-to-date: /home/alrraf/Code/learning/ros2_ws/install/my_robot_interfaces/share/my_robot_interfaces/cmake/ament_cmake_export_targets-extras.cmake
[1.285s] -- Up-to-date: /home/alrraf/Code/learning/ros2_ws/install/my_robot_interfaces/share/my_robot_interfaces/cmake/rosidl_cmake_export_typesupport_targets-extras.cmake
[1.285s] -- Up-to-date: /home/alrraf/Code/learning/ros2_ws/install/my_robot_interfaces/share/my_robot_interfaces/cmake/ament_cmake_export_dependencies-extras.cmake
[1.285s] -- Up-to-date: /home/alrraf/Code/learning/ros2_ws/install/my_robot_interfaces/share/my_robot_interfaces/cmake/rosidl_cmake_export_typesupport_libraries-extras.cmake
[1.285s] -- Up-to-date: /home/alrraf/Code/learning/ros2_ws/install/my_robot_interfaces/share/my_robot_interfaces/cmake/my_robot_interfacesConfig.cmake
[1.285s] -- Up-to-date: /home/alrraf/Code/learning/ros2_ws/install/my_robot_interfaces/share/my_robot_interfaces/cmake/my_robot_interfacesConfig-version.cmake
[1.285s] -- Up-to-date: /home/alrraf/Code/learning/ros2_ws/install/my_robot_interfaces/share/my_robot_interfaces/package.xml
[1.286s] Invoked command in '/home/alrraf/Code/learning/ros2_ws/build/my_robot_interfaces' returned '0': CMAKE_PREFIX_PATH=${CMAKE_PREFIX_PATH}:/home/alrraf/Code/learning/ros2_ws/install/my_py_pkg:/home/alrraf/ros2_ws/install/my_py_pkg:/opt/ros/humble /usr/bin/cmake --install /home/alrraf/Code/learning/ros2_ws/build/my_robot_interfaces
